[2023-05-07 01:43:56]	compilation failed at : "d:\Others\VsCode\EIDE\gouwu4.17\HARDWARE\SRC\ui.c", exit code: 1
command: 
  "D:\Files\Keil\ARM\ARMCC\bin\armcc.exe" -c --apcs=interwork -IUSER -ICORE -ISTM32F10x_FWLib/inc -ISYSTEM/delay -ISYSTEM/sys -ISYSTEM/usart -IHARDWARE/INC -I.cmsis/include -IUSER/RTE/_Template -I.eide/deps -DSTM32F10X_HD -DUSE_STDPERIPH_DRIVER --cpu Cortex-M3 --li --c99 -D__MICROLIB -O0 --split_sections --diag_suppress=1 --diag_suppress=1295 -g -o .\build\Template\HARDWARE\SRC\ui.o --no_depend_system_headers --depend .\build\Template\HARDWARE\SRC\ui.d .\HARDWARE\SRC\ui.c
   at unify_builder.Program.compileByMulThread(Int32 thrNum, CmdInfo[] cmds_, List`1 errLogs)
   at unify_builder.Program.Main(String[] args_)
---
"HARDWARE/INC/timer.h", line 10: Error:  #130: expected a "{"
  void Init_TIM8_PWM(u16 arr ,u16 psc);
  ^
"D:\Files\Keil\ARM\ARMCC\bin\..\include\time.h", line 119: Error:  #20: identifier "clock_t" is undefined
  extern _ARMABI clock_t clock(void);
                 ^
"D:\Files\Keil\ARM\ARMCC\bin\..\include\time.h", line 127: Error:  #100: duplicate parameter name
  extern _ARMABI double difftime(time_t /*time1*/, time_t /*time0*/);
                                                   ^
"D:\Files\Keil\ARM\ARMCC\bin\..\include\time.h", line 127: Error:  #92: identifier-list parameters may only be used in a function definition
  extern _ARMABI double difftime(time_t /*time1*/, time_t /*time0*/);
                        ^
"D:\Files\Keil\ARM\ARMCC\bin\..\include\time.h", line 132: Error:  #20: identifier "time_t" is undefined
  extern _ARMABI time_t mktime(struct tm * /*timeptr*/) __attribute__((__nonnull__(1)));
                 ^
"D:\Files\Keil\ARM\ARMCC\bin\..\include\time.h", line 148: Error:  #20: identifier "time_t" is undefined
  extern _ARMABI time_t time(time_t * /*timer*/);
                 ^
"D:\Files\Keil\ARM\ARMCC\bin\..\include\time.h", line 148: Error:  #20: identifier "time_t" is undefined
  extern _ARMABI time_t time(time_t * /*timer*/);
                             ^
"D:\Files\Keil\ARM\ARMCC\bin\..\include\time.h", line 170: Error:  #20: identifier "time_t" is undefined
  extern _ARMABI char *ctime(const time_t * /*timer*/) __attribute__((__nonnull__(1)));
                                   ^
"D:\Files\Keil\ARM\ARMCC\bin\..\include\time.h", line 177: Error:  #20: identifier "time_t" is undefined
  extern _ARMABI struct tm *gmtime(const time_t * /*timer*/) __attribute__((__nonnull__(1)));
                                         ^
"D:\Files\Keil\ARM\ARMCC\bin\..\include\time.h", line 183: Error:  #20: identifier "time_t" is undefined
  extern _ARMABI struct tm *localtime(const time_t * /*timer*/) __attribute__((__nonnull__(1)));
                                            ^
"D:\Files\Keil\ARM\ARMCC\bin\..\include\time.h", line 184: Error:  #20: identifier "time_t" is undefined
  extern _ARMABI struct tm *_localtime_r(const time_t * __restrict /*timer*/,
                                               ^
"D:\Files\Keil\ARM\ARMCC\bin\..\include\time.h", line 187: Error:  #20: identifier "time_t" is undefined
  extern _ARMABI struct tm *localtime_r(const time_t * __restrict /*timer*/,
                                              ^
"D:\Files\Keil\ARM\ARMCC\bin\..\include\time.h", line 195: Error:  #20: identifier "size_t" is undefined
  extern _ARMABI size_t strftime(char * __restrict /*s*/, size_t /*maxsize*/,
                 ^
"D:\Files\Keil\ARM\ARMCC\bin\..\include\time.h", line 195: Error:  #20: identifier "size_t" is undefined
  extern _ARMABI size_t strftime(char * __restrict /*s*/, size_t /*maxsize*/,
                                                          ^
".\HARDWARE\SRC\hand.c", line 82: Warning:  #223-D: function "delay_ms" declared implicitly
              delay_ms(200);
              ^
".\HARDWARE\SRC\hand.c", line 96: Warning:  #223-D: function "delay_ms" declared implicitly
              delay_ms(200); // 延时是必要的
              ^
".\HARDWARE\SRC\hand.c", line 111: Warning:  #223-D: function "delay_ms" declared implicitly
              delay_ms(200);
              ^
".\HARDWARE\SRC\hand.c", line 133: Warning:  #223-D: function "delay_ms" declared implicitly
      delay_ms(500);
      ^
".\HARDWARE\SRC\hand.c", line 158: Error:  #29: expected an expression
                  LuXian_Rev[5] = {Sum_Qian, 0, 0, 255, 0};
                                  ^
".\HARDWARE\SRC\hand.c", line 158: Warning:  #175-D: subscript out of range
                  LuXian_Rev[5] = {Sum_Qian, 0, 0, 255, 0};
                  ^
".\HARDWARE\SRC\hand.c", line 250: Warning:  #223-D: function "delay_ms" declared implicitly
              delay_ms(10);
              ^
".\HARDWARE\SRC\hand.c", line 276: Error:  #109: expression preceding parentheses of apparent call must have (pointer-to-) function type
                  aa(LuXian_DongTai[LuXian_DongTaii][0],{0,0,0,0,0});
                  ^
".\HARDWARE\SRC\hand.c", line 276: Error:  #29: expected an expression
                  aa(LuXian_DongTai[LuXian_DongTaii][0],{0,0,0,0,0});
                                                        ^
".\HARDWARE\SRC\hand.c", line 354: Warning:  #223-D: function "delay_ms" declared implicitly
              delay_ms(10);
              ^
".\HARDWARE\SRC\hand.c", line 361: Warning:  #223-D: function "delay_us" declared implicitly
              delay_us(100);
              ^
".\HARDWARE\SRC\hand.c", line 370: Warning:  #223-D: function "delay_ms" declared implicitly
                  delay_ms(500);
                  ^
".\HARDWARE\SRC\hand.c", line 383: Warning:  #223-D: function "delay_ms" declared implicitly
                  delay_ms(500);
                  ^
".\HARDWARE\SRC\hand.c", line 395: Warning:  #223-D: function "delay_us" declared implicitly
          delay_us(10);
          ^
".\HARDWARE\SRC\hand.c", line 398: Warning:  #223-D: function "delay_ms" declared implicitly
              delay_ms(10);
              ^
".\HARDWARE\SRC\hand.c", line 457: Warning:  #223-D: function "delay_ms" declared implicitly
          delay_ms(5);
          ^
".\HARDWARE\SRC\hand.c", line 497: Warning:  #223-D: function "delay_ms" declared implicitly
          delay_ms(5);
          ^
".\HARDWARE\SRC\hand.c", line 515: Warning:  #223-D: function "delay_ms" declared implicitly
          delay_ms(5);
          ^
".\HARDWARE\SRC\hand.c", line 554: Warning:  #223-D: function "delay_ms" declared implicitly
          delay_ms(5);
          ^
".\HARDWARE\SRC\hand.c", line 602: Warning:  #223-D: function "delay_ms" declared implicitly
                  delay_ms(500);
                  ^
".\HARDWARE\SRC\hand.c", line 613: Error:  #247: function "Routecpy" has already been defined
  void Routecpy(u8 Reved[][5],u8 row ,u8 *Rev)
       ^
.\HARDWARE\SRC\hand.c: 17 warnings, 18 errors
"HARDWARE/INC/oled2.h", line 80: Error:  #130: expected a "{"
  extern char OLED2_BUF[100];
  ^
".\HARDWARE\SRC\exti.c", line 8: Warning:  #12-D: parsing restarts here after previous syntax error
  char cunchu[4]={0,0,0,0};
                 ^
".\HARDWARE\SRC\exti.c", line 8: Warning:  #174-D: expression has no effect
  char cunchu[4]={0,0,0,0};
                  ^
".\HARDWARE\SRC\exti.c", line 8: Warning:  #174-D: expression has no effect
  char cunchu[4]={0,0,0,0};
                  ^
".\HARDWARE\SRC\exti.c", line 8: Warning:  #174-D: expression has no effect
  char cunchu[4]={0,0,0,0};
                  ^
".\HARDWARE\SRC\exti.c", line 8: Warning:  #174-D: expression has no effect
  char cunchu[4]={0,0,0,0};
                  ^
".\HARDWARE\SRC\exti.c", line 8: Error:  #65: expected a ";"
  char cunchu[4]={0,0,0,0};
                         ^
".\HARDWARE\SRC\exti.c", line 62: Warning:  #186-D: pointless comparison of unsigned integer with zero
  		if(z_cha<0)
  		        ^
".\HARDWARE\SRC\exti.c", line 65: Warning:  #186-D: pointless comparison of unsigned integer with zero
  		if(y_cha<0)
  		        ^
".\HARDWARE\SRC\exti.c", line 68: Warning:  #186-D: pointless comparison of unsigned integer with zero
  		if(q_cha<0)
  		        ^
".\HARDWARE\SRC\exti.c", line 71: Warning:  #186-D: pointless comparison of unsigned integer with zero
  		if(h_cha<0)
  		        ^
.\HARDWARE\SRC\exti.c: 9 warnings, 2 errors
"D:\Files\Keil\ARM\ARMCC\bin\..\include\stdio.h", line 53: Error:  #130: expected a "{"
      typedef unsigned int size_t;   /* see <stddef.h> */
      ^
"D:\Files\Keil\ARM\ARMCC\bin\..\include\stdio.h", line 546: Error:  #20: identifier "__va_list" is undefined
  extern _ARMABI int vfscanf(FILE * __restrict /*stream*/, const char * __restrict /*format*/, __va_list) __attribute__((__nonnull__(1,2)));
                                                                                               ^
"D:\Files\Keil\ARM\ARMCC\bin\..\include\stdio.h", line 547: Error:  #20: identifier "__va_list" is undefined
  extern _ARMABI int vscanf(const char * __restrict /*format*/, __va_list) __attribute__((__nonnull__(1)));
                                                                ^
"D:\Files\Keil\ARM\ARMCC\bin\..\include\stdio.h", line 548: Error:  #20: identifier "__va_list" is undefined
  extern _ARMABI int vsscanf(const char * __restrict /*s*/, const char * __restrict /*format*/, __va_list) __attribute__((__nonnull__(1,2)));
                                                                                                ^
"D:\Files\Keil\ARM\ARMCC\bin\..\include\stdio.h", line 550: Error:  #20: identifier "__va_list" is undefined
  extern _ARMABI int _vfscanf(FILE * __restrict /*stream*/, const char * __restrict /*format*/, __va_list) __attribute__((__nonnull__(1,2)));
                                                                                                ^
"D:\Files\Keil\ARM\ARMCC\bin\..\include\stdio.h", line 551: Error:  #20: identifier "__va_list" is undefined
  extern _ARMABI int _vscanf(const char * __restrict /*format*/, __va_list) __attribute__((__nonnull__(1)));
                                                                 ^
"D:\Files\Keil\ARM\ARMCC\bin\..\include\stdio.h", line 552: Error:  #20: identifier "__va_list" is undefined
  extern _ARMABI int _vsscanf(const char * __restrict /*s*/, const char * __restrict /*format*/, __va_list) __attribute__((__nonnull__(1,2)));
                                                                                                 ^
"D:\Files\Keil\ARM\ARMCC\bin\..\include\stdio.h", line 554: Error:  #20: identifier "__va_list" is undefined
  extern _ARMABI int vprintf(const char * __restrict /*format*/, __va_list /*arg*/) __attribute__((__nonnull__(1)));
                                                                 ^
"D:\Files\Keil\ARM\ARMCC\bin\..\include\stdio.h", line 562: Error:  #20: identifier "__va_list" is undefined
  extern _ARMABI int _vprintf(const char * __restrict /*format*/, __va_list /*arg*/) __attribute__((__nonnull__(1)));
                                                                  ^
"D:\Files\Keil\ARM\ARMCC\bin\..\include\stdio.h", line 569: Error:  #20: identifier "__va_list" is undefined
                      const char * __restrict /*format*/, __va_list /*arg*/) __attribute__((__nonnull__(1,2)));
                                                          ^
"D:\Files\Keil\ARM\ARMCC\bin\..\include\stdio.h", line 579: Error:  #20: identifier "__va_list" is undefined
                       const char * __restrict /*format*/, __va_list /*arg*/) __attribute__((__nonnull__(1,2)));
                                                           ^
"D:\Files\Keil\ARM\ARMCC\bin\..\include\stdio.h", line 590: Error:  #20: identifier "__va_list" is undefined
                       const char * __restrict /*format*/, __va_list /*arg*/) __attribute__((__nonnull__(3)));
                                                           ^
"D:\Files\Keil\ARM\ARMCC\bin\..\include\stdio.h", line 602: Error:  #20: identifier "__va_list" is undefined
                        const char * __restrict /*format*/, __va_list /*arg*/) __attribute__((__nonnull__(1,2)));
                                                            ^
"D:\Files\Keil\ARM\ARMCC\bin\..\include\stdio.h", line 609: Error:  #20: identifier "__va_list" is undefined
                       const char * __restrict /*format*/, __va_list /*arg*/) __attribute__((__nonnull__(1,2)));
                                                           ^
"D:\Files\Keil\ARM\ARMCC\bin\..\include\stdio.h", line 616: Error:  #20: identifier "__va_list" is undefined
                        const char * __restrict /*format*/, __va_list /*arg*/) __attribute__((__nonnull__(3)));
                                                            ^
"D:\Files\Keil\ARM\ARMCC\bin\..\include\stdio.h", line 795: Error:  #757: variable "fpos_t" is not a type name
  extern _ARMABI int fgetpos(FILE * __restrict /*stream*/, fpos_t * __restrict /*pos*/) __attribute__((__nonnull__(1,2)));
                                                           ^
"D:\Files\Keil\ARM\ARMCC\bin\..\include\stdio.h", line 823: Error:  #757: variable "fpos_t" is not a type name
  extern _ARMABI int fsetpos(FILE * __restrict /*stream*/, const fpos_t * __restrict /*pos*/) __attribute__((__nonnull__(1,2)));
                                                                 ^
".\HARDWARE\SRC\ui.c", line 2773: Warning:  #177-D: variable "luxian" was declared but never referenced
      u8 luxian;
         ^
".\HARDWARE\SRC\ui.c", line 2774: Warning:  #177-D: variable "a" was declared but never referenced
      u8 a = 0;
         ^
".\HARDWARE\SRC\ui.c", line 2969: Warning:  #177-D: variable "luxian" was declared but never referenced
      u8 luxian;
         ^
".\HARDWARE\SRC\ui.c", line 2970: Warning:  #177-D: variable "a" was declared but never referenced
      u8 a = 0;
         ^
".\HARDWARE\SRC\ui.c", line 3158: Warning:  #177-D: variable "luxian" was declared but never referenced
      u8 luxian;
         ^
".\HARDWARE\SRC\ui.c", line 3159: Warning:  #177-D: variable "a" was declared but never referenced
      u8 a = 0;
         ^
".\HARDWARE\SRC\ui.c", line 3430: Warning:  #174-D: expression has no effect
                               (a1, 0);
                                ^
".\HARDWARE\SRC\ui.c", line 3430: Warning:  #174-D: expression has no effect
                               (a1, 0);
                               ^
".\HARDWARE\SRC\ui.c", line 3435: Warning:  #174-D: expression has no effect
                               (b1, 0);
                                ^
".\HARDWARE\SRC\ui.c", line 3435: Warning:  #174-D: expression has no effect
                               (b1, 0);
                               ^
".\HARDWARE\SRC\ui.c", line 3440: Warning:  #174-D: expression has no effect
                               (c1, 0);
                                ^
".\HARDWARE\SRC\ui.c", line 3440: Warning:  #174-D: expression has no effect
                               (c1, 0);
                               ^
".\HARDWARE\SRC\ui.c", line 3445: Warning:  #174-D: expression has no effect
                               (d1, 0);
                                ^
".\HARDWARE\SRC\ui.c", line 3445: Warning:  #174-D: expression has no effect
                               (d1, 0);
                               ^
".\HARDWARE\SRC\ui.c", line 3574: Warning:  #174-D: expression has no effect
                               (a2, 0);
                                ^
".\HARDWARE\SRC\ui.c", line 3574: Warning:  #174-D: expression has no effect
                               (a2, 0);
                               ^
".\HARDWARE\SRC\ui.c", line 3579: Warning:  #174-D: expression has no effect
                               (a2, 0);
                                ^
".\HARDWARE\SRC\ui.c", line 3579: Warning:  #174-D: expression has no effect
                               (a2, 0);
                               ^
".\HARDWARE\SRC\ui.c", line 3584: Warning:  #174-D: expression has no effect
                               (c2, 0);
                                ^
".\HARDWARE\SRC\ui.c", line 3584: Warning:  #174-D: expression has no effect
                               (c2, 0);
                               ^
".\HARDWARE\SRC\ui.c", line 3589: Warning:  #174-D: expression has no effect
                               (d2, 0);
                                ^
".\HARDWARE\SRC\ui.c", line 3589: Warning:  #174-D: expression has no effect
                               (d2, 0);
                               ^
".\HARDWARE\SRC\ui.c", line 3594: Warning:  #174-D: expression has no effect
                               (e2, 0);
                                ^
".\HARDWARE\SRC\ui.c", line 3594: Warning:  #174-D: expression has no effect
                               (e2, 0);
                               ^
.\HARDWARE\SRC\ui.c: 24 warnings, 17 errors

[2023-05-07 01:44:20]	compilation failed at : "d:\Others\VsCode\EIDE\gouwu4.17\HARDWARE\SRC\ui.c", exit code: 1
command: 
  "D:\Files\Keil\ARM\ARMCC\bin\armcc.exe" -c --apcs=interwork -IUSER -ICORE -ISTM32F10x_FWLib/inc -ISYSTEM/delay -ISYSTEM/sys -ISYSTEM/usart -IHARDWARE/INC -I.cmsis/include -IUSER/RTE/_Template -I.eide/deps -DSTM32F10X_HD -DUSE_STDPERIPH_DRIVER --cpu Cortex-M3 --li --c99 -D__MICROLIB -O0 --split_sections --diag_suppress=1 --diag_suppress=1295 -g -o .\build\Template\HARDWARE\SRC\ui.o --no_depend_system_headers --depend .\build\Template\HARDWARE\SRC\ui.d .\HARDWARE\SRC\ui.c
   at unify_builder.Program.compileByMulThread(Int32 thrNum, CmdInfo[] cmds_, List`1 errLogs)
   at unify_builder.Program.Main(String[] args_)
---
"HARDWARE/INC/oled2.h", line 80: Error:  #130: expected a "{"
  extern char OLED2_BUF[100];
  ^
".\HARDWARE\SRC\exti.c", line 8: Warning:  #12-D: parsing restarts here after previous syntax error
  char cunchu[4]={0,0,0,0};
                 ^
".\HARDWARE\SRC\exti.c", line 8: Warning:  #174-D: expression has no effect
  char cunchu[4]={0,0,0,0};
                  ^
".\HARDWARE\SRC\exti.c", line 8: Warning:  #174-D: expression has no effect
  char cunchu[4]={0,0,0,0};
                  ^
".\HARDWARE\SRC\exti.c", line 8: Warning:  #174-D: expression has no effect
  char cunchu[4]={0,0,0,0};
                  ^
".\HARDWARE\SRC\exti.c", line 8: Warning:  #174-D: expression has no effect
  char cunchu[4]={0,0,0,0};
                  ^
".\HARDWARE\SRC\exti.c", line 8: Error:  #65: expected a ";"
  char cunchu[4]={0,0,0,0};
                         ^
".\HARDWARE\SRC\exti.c", line 62: Warning:  #186-D: pointless comparison of unsigned integer with zero
  		if(z_cha<0)
  		        ^
".\HARDWARE\SRC\exti.c", line 65: Warning:  #186-D: pointless comparison of unsigned integer with zero
  		if(y_cha<0)
  		        ^
".\HARDWARE\SRC\exti.c", line 68: Warning:  #186-D: pointless comparison of unsigned integer with zero
  		if(q_cha<0)
  		        ^
".\HARDWARE\SRC\exti.c", line 71: Warning:  #186-D: pointless comparison of unsigned integer with zero
  		if(h_cha<0)
  		        ^
.\HARDWARE\SRC\exti.c: 9 warnings, 2 errors
"HARDWARE/INC/timer.h", line 10: Error:  #130: expected a "{"
  void Init_TIM8_PWM(u16 arr ,u16 psc);
  ^
"D:\Files\Keil\ARM\ARMCC\bin\..\include\time.h", line 119: Error:  #20: identifier "clock_t" is undefined
  extern _ARMABI clock_t clock(void);
                 ^
"D:\Files\Keil\ARM\ARMCC\bin\..\include\time.h", line 127: Error:  #100: duplicate parameter name
  extern _ARMABI double difftime(time_t /*time1*/, time_t /*time0*/);
                                                   ^
"D:\Files\Keil\ARM\ARMCC\bin\..\include\time.h", line 127: Error:  #92: identifier-list parameters may only be used in a function definition
  extern _ARMABI double difftime(time_t /*time1*/, time_t /*time0*/);
                        ^
"D:\Files\Keil\ARM\ARMCC\bin\..\include\time.h", line 132: Error:  #20: identifier "time_t" is undefined
  extern _ARMABI time_t mktime(struct tm * /*timeptr*/) __attribute__((__nonnull__(1)));
                 ^
"D:\Files\Keil\ARM\ARMCC\bin\..\include\time.h", line 148: Error:  #20: identifier "time_t" is undefined
  extern _ARMABI time_t time(time_t * /*timer*/);
                 ^
"D:\Files\Keil\ARM\ARMCC\bin\..\include\time.h", line 148: Error:  #20: identifier "time_t" is undefined
  extern _ARMABI time_t time(time_t * /*timer*/);
                             ^
"D:\Files\Keil\ARM\ARMCC\bin\..\include\time.h", line 170: Error:  #20: identifier "time_t" is undefined
  extern _ARMABI char *ctime(const time_t * /*timer*/) __attribute__((__nonnull__(1)));
                                   ^
"D:\Files\Keil\ARM\ARMCC\bin\..\include\time.h", line 177: Error:  #20: identifier "time_t" is undefined
  extern _ARMABI struct tm *gmtime(const time_t * /*timer*/) __attribute__((__nonnull__(1)));
                                         ^
"D:\Files\Keil\ARM\ARMCC\bin\..\include\time.h", line 183: Error:  #20: identifier "time_t" is undefined
  extern _ARMABI struct tm *localtime(const time_t * /*timer*/) __attribute__((__nonnull__(1)));
                                            ^
"D:\Files\Keil\ARM\ARMCC\bin\..\include\time.h", line 184: Error:  #20: identifier "time_t" is undefined
  extern _ARMABI struct tm *_localtime_r(const time_t * __restrict /*timer*/,
                                               ^
"D:\Files\Keil\ARM\ARMCC\bin\..\include\time.h", line 187: Error:  #20: identifier "time_t" is undefined
  extern _ARMABI struct tm *localtime_r(const time_t * __restrict /*timer*/,
                                              ^
"D:\Files\Keil\ARM\ARMCC\bin\..\include\time.h", line 195: Error:  #20: identifier "size_t" is undefined
  extern _ARMABI size_t strftime(char * __restrict /*s*/, size_t /*maxsize*/,
                 ^
"D:\Files\Keil\ARM\ARMCC\bin\..\include\time.h", line 195: Error:  #20: identifier "size_t" is undefined
  extern _ARMABI size_t strftime(char * __restrict /*s*/, size_t /*maxsize*/,
                                                          ^
".\HARDWARE\SRC\hand.c", line 82: Warning:  #223-D: function "delay_ms" declared implicitly
              delay_ms(200);
              ^
".\HARDWARE\SRC\hand.c", line 96: Warning:  #223-D: function "delay_ms" declared implicitly
              delay_ms(200); // 延时是必要的
              ^
".\HARDWARE\SRC\hand.c", line 111: Warning:  #223-D: function "delay_ms" declared implicitly
              delay_ms(200);
              ^
".\HARDWARE\SRC\hand.c", line 133: Warning:  #223-D: function "delay_ms" declared implicitly
      delay_ms(500);
      ^
".\HARDWARE\SRC\hand.c", line 158: Error:  #29: expected an expression
                  LuXian_Rev[5] = {Sum_Qian, 0, 0, 255, 0};
                                  ^
".\HARDWARE\SRC\hand.c", line 158: Warning:  #175-D: subscript out of range
                  LuXian_Rev[5] = {Sum_Qian, 0, 0, 255, 0};
                  ^
".\HARDWARE\SRC\hand.c", line 250: Warning:  #223-D: function "delay_ms" declared implicitly
              delay_ms(10);
              ^
".\HARDWARE\SRC\hand.c", line 276: Error:  #109: expression preceding parentheses of apparent call must have (pointer-to-) function type
                  aa(LuXian_DongTai[LuXian_DongTaii][0],{0,0,0,0,0});
                  ^
".\HARDWARE\SRC\hand.c", line 276: Error:  #29: expected an expression
                  aa(LuXian_DongTai[LuXian_DongTaii][0],{0,0,0,0,0});
                                                        ^
".\HARDWARE\SRC\hand.c", line 354: Warning:  #223-D: function "delay_ms" declared implicitly
              delay_ms(10);
              ^
".\HARDWARE\SRC\hand.c", line 361: Warning:  #223-D: function "delay_us" declared implicitly
              delay_us(100);
              ^
".\HARDWARE\SRC\hand.c", line 370: Warning:  #223-D: function "delay_ms" declared implicitly
                  delay_ms(500);
                  ^
".\HARDWARE\SRC\hand.c", line 383: Warning:  #223-D: function "delay_ms" declared implicitly
                  delay_ms(500);
                  ^
".\HARDWARE\SRC\hand.c", line 395: Warning:  #223-D: function "delay_us" declared implicitly
          delay_us(10);
          ^
".\HARDWARE\SRC\hand.c", line 398: Warning:  #223-D: function "delay_ms" declared implicitly
              delay_ms(10);
              ^
".\HARDWARE\SRC\hand.c", line 457: Warning:  #223-D: function "delay_ms" declared implicitly
          delay_ms(5);
          ^
".\HARDWARE\SRC\hand.c", line 497: Warning:  #223-D: function "delay_ms" declared implicitly
          delay_ms(5);
          ^
".\HARDWARE\SRC\hand.c", line 515: Warning:  #223-D: function "delay_ms" declared implicitly
          delay_ms(5);
          ^
".\HARDWARE\SRC\hand.c", line 554: Warning:  #223-D: function "delay_ms" declared implicitly
          delay_ms(5);
          ^
".\HARDWARE\SRC\hand.c", line 602: Warning:  #223-D: function "delay_ms" declared implicitly
                  delay_ms(500);
                  ^
".\HARDWARE\SRC\hand.c", line 613: Error:  #247: function "Routecpy" has already been defined
  void Routecpy(u8 Reved[][5],u8 row ,u8 *Rev)
       ^
.\HARDWARE\SRC\hand.c: 17 warnings, 18 errors
"D:\Files\Keil\ARM\ARMCC\bin\..\include\stdio.h", line 53: Error:  #130: expected a "{"
      typedef unsigned int size_t;   /* see <stddef.h> */
      ^
"D:\Files\Keil\ARM\ARMCC\bin\..\include\stdio.h", line 546: Error:  #20: identifier "__va_list" is undefined
  extern _ARMABI int vfscanf(FILE * __restrict /*stream*/, const char * __restrict /*format*/, __va_list) __attribute__((__nonnull__(1,2)));
                                                                                               ^
"D:\Files\Keil\ARM\ARMCC\bin\..\include\stdio.h", line 547: Error:  #20: identifier "__va_list" is undefined
  extern _ARMABI int vscanf(const char * __restrict /*format*/, __va_list) __attribute__((__nonnull__(1)));
                                                                ^
"D:\Files\Keil\ARM\ARMCC\bin\..\include\stdio.h", line 548: Error:  #20: identifier "__va_list" is undefined
  extern _ARMABI int vsscanf(const char * __restrict /*s*/, const char * __restrict /*format*/, __va_list) __attribute__((__nonnull__(1,2)));
                                                                                                ^
"D:\Files\Keil\ARM\ARMCC\bin\..\include\stdio.h", line 550: Error:  #20: identifier "__va_list" is undefined
  extern _ARMABI int _vfscanf(FILE * __restrict /*stream*/, const char * __restrict /*format*/, __va_list) __attribute__((__nonnull__(1,2)));
                                                                                                ^
"D:\Files\Keil\ARM\ARMCC\bin\..\include\stdio.h", line 551: Error:  #20: identifier "__va_list" is undefined
  extern _ARMABI int _vscanf(const char * __restrict /*format*/, __va_list) __attribute__((__nonnull__(1)));
                                                                 ^
"D:\Files\Keil\ARM\ARMCC\bin\..\include\stdio.h", line 552: Error:  #20: identifier "__va_list" is undefined
  extern _ARMABI int _vsscanf(const char * __restrict /*s*/, const char * __restrict /*format*/, __va_list) __attribute__((__nonnull__(1,2)));
                                                                                                 ^
"D:\Files\Keil\ARM\ARMCC\bin\..\include\stdio.h", line 554: Error:  #20: identifier "__va_list" is undefined
  extern _ARMABI int vprintf(const char * __restrict /*format*/, __va_list /*arg*/) __attribute__((__nonnull__(1)));
                                                                 ^
"D:\Files\Keil\ARM\ARMCC\bin\..\include\stdio.h", line 562: Error:  #20: identifier "__va_list" is undefined
  extern _ARMABI int _vprintf(const char * __restrict /*format*/, __va_list /*arg*/) __attribute__((__nonnull__(1)));
                                                                  ^
"D:\Files\Keil\ARM\ARMCC\bin\..\include\stdio.h", line 569: Error:  #20: identifier "__va_list" is undefined
                      const char * __restrict /*format*/, __va_list /*arg*/) __attribute__((__nonnull__(1,2)));
                                                          ^
"D:\Files\Keil\ARM\ARMCC\bin\..\include\stdio.h", line 579: Error:  #20: identifier "__va_list" is undefined
                       const char * __restrict /*format*/, __va_list /*arg*/) __attribute__((__nonnull__(1,2)));
                                                           ^
"D:\Files\Keil\ARM\ARMCC\bin\..\include\stdio.h", line 590: Error:  #20: identifier "__va_list" is undefined
                       const char * __restrict /*format*/, __va_list /*arg*/) __attribute__((__nonnull__(3)));
                                                           ^
"D:\Files\Keil\ARM\ARMCC\bin\..\include\stdio.h", line 602: Error:  #20: identifier "__va_list" is undefined
                        const char * __restrict /*format*/, __va_list /*arg*/) __attribute__((__nonnull__(1,2)));
                                                            ^
"D:\Files\Keil\ARM\ARMCC\bin\..\include\stdio.h", line 609: Error:  #20: identifier "__va_list" is undefined
                       const char * __restrict /*format*/, __va_list /*arg*/) __attribute__((__nonnull__(1,2)));
                                                           ^
"D:\Files\Keil\ARM\ARMCC\bin\..\include\stdio.h", line 616: Error:  #20: identifier "__va_list" is undefined
                        const char * __restrict /*format*/, __va_list /*arg*/) __attribute__((__nonnull__(3)));
                                                            ^
"D:\Files\Keil\ARM\ARMCC\bin\..\include\stdio.h", line 795: Error:  #757: variable "fpos_t" is not a type name
  extern _ARMABI int fgetpos(FILE * __restrict /*stream*/, fpos_t * __restrict /*pos*/) __attribute__((__nonnull__(1,2)));
                                                           ^
"D:\Files\Keil\ARM\ARMCC\bin\..\include\stdio.h", line 823: Error:  #757: variable "fpos_t" is not a type name
  extern _ARMABI int fsetpos(FILE * __restrict /*stream*/, const fpos_t * __restrict /*pos*/) __attribute__((__nonnull__(1,2)));
                                                                 ^
".\HARDWARE\SRC\ui.c", line 2773: Warning:  #177-D: variable "luxian" was declared but never referenced
      u8 luxian;
         ^
".\HARDWARE\SRC\ui.c", line 2774: Warning:  #177-D: variable "a" was declared but never referenced
      u8 a = 0;
         ^
".\HARDWARE\SRC\ui.c", line 2969: Warning:  #177-D: variable "luxian" was declared but never referenced
      u8 luxian;
         ^
".\HARDWARE\SRC\ui.c", line 2970: Warning:  #177-D: variable "a" was declared but never referenced
      u8 a = 0;
         ^
".\HARDWARE\SRC\ui.c", line 3158: Warning:  #177-D: variable "luxian" was declared but never referenced
      u8 luxian;
         ^
".\HARDWARE\SRC\ui.c", line 3159: Warning:  #177-D: variable "a" was declared but never referenced
      u8 a = 0;
         ^
".\HARDWARE\SRC\ui.c", line 3430: Warning:  #174-D: expression has no effect
                               (a1, 0);
                                ^
".\HARDWARE\SRC\ui.c", line 3430: Warning:  #174-D: expression has no effect
                               (a1, 0);
                               ^
".\HARDWARE\SRC\ui.c", line 3435: Warning:  #174-D: expression has no effect
                               (b1, 0);
                                ^
".\HARDWARE\SRC\ui.c", line 3435: Warning:  #174-D: expression has no effect
                               (b1, 0);
                               ^
".\HARDWARE\SRC\ui.c", line 3440: Warning:  #174-D: expression has no effect
                               (c1, 0);
                                ^
".\HARDWARE\SRC\ui.c", line 3440: Warning:  #174-D: expression has no effect
                               (c1, 0);
                               ^
".\HARDWARE\SRC\ui.c", line 3445: Warning:  #174-D: expression has no effect
                               (d1, 0);
                                ^
".\HARDWARE\SRC\ui.c", line 3445: Warning:  #174-D: expression has no effect
                               (d1, 0);
                               ^
".\HARDWARE\SRC\ui.c", line 3574: Warning:  #174-D: expression has no effect
                               (a2, 0);
                                ^
".\HARDWARE\SRC\ui.c", line 3574: Warning:  #174-D: expression has no effect
                               (a2, 0);
                               ^
".\HARDWARE\SRC\ui.c", line 3579: Warning:  #174-D: expression has no effect
                               (a2, 0);
                                ^
".\HARDWARE\SRC\ui.c", line 3579: Warning:  #174-D: expression has no effect
                               (a2, 0);
                               ^
".\HARDWARE\SRC\ui.c", line 3584: Warning:  #174-D: expression has no effect
                               (c2, 0);
                                ^
".\HARDWARE\SRC\ui.c", line 3584: Warning:  #174-D: expression has no effect
                               (c2, 0);
                               ^
".\HARDWARE\SRC\ui.c", line 3589: Warning:  #174-D: expression has no effect
                               (d2, 0);
                                ^
".\HARDWARE\SRC\ui.c", line 3589: Warning:  #174-D: expression has no effect
                               (d2, 0);
                               ^
".\HARDWARE\SRC\ui.c", line 3594: Warning:  #174-D: expression has no effect
                               (e2, 0);
                                ^
".\HARDWARE\SRC\ui.c", line 3594: Warning:  #174-D: expression has no effect
                               (e2, 0);
                               ^
.\HARDWARE\SRC\ui.c: 24 warnings, 17 errors

[2023-05-07 01:44:45]	compilation failed at : "d:\Others\VsCode\EIDE\gouwu4.17\HARDWARE\SRC\hand.c", exit code: 1
command: 
  "D:\Files\Keil\ARM\ARMCC\bin\armcc.exe" -c --apcs=interwork -IUSER -ICORE -ISTM32F10x_FWLib/inc -ISYSTEM/delay -ISYSTEM/sys -ISYSTEM/usart -IHARDWARE/INC -I.cmsis/include -IUSER/RTE/_Template -I.eide/deps -DSTM32F10X_HD -DUSE_STDPERIPH_DRIVER --cpu Cortex-M3 --li --c99 -D__MICROLIB -O0 --split_sections --diag_suppress=1 --diag_suppress=1295 -g -o .\build\Template\HARDWARE\SRC\hand.o --no_depend_system_headers --depend .\build\Template\HARDWARE\SRC\hand.d .\HARDWARE\SRC\hand.c
   at unify_builder.Program.compileByMulThread(Int32 thrNum, CmdInfo[] cmds_, List`1 errLogs)
   at unify_builder.Program.Main(String[] args_)
---
".\HARDWARE\SRC\hand.c", line 158: Error:  #29: expected an expression
                  LuXian_Rev[5] = {Sum_Qian, 0, 0, 255, 0};
                                  ^
".\HARDWARE\SRC\hand.c", line 158: Warning:  #175-D: subscript out of range
                  LuXian_Rev[5] = {Sum_Qian, 0, 0, 255, 0};
                  ^
".\HARDWARE\SRC\hand.c", line 276: Error:  #109: expression preceding parentheses of apparent call must have (pointer-to-) function type
                  aa(LuXian_DongTai[LuXian_DongTaii][0],{0,0,0,0,0});
                  ^
".\HARDWARE\SRC\hand.c", line 276: Error:  #29: expected an expression
                  aa(LuXian_DongTai[LuXian_DongTaii][0],{0,0,0,0,0});
                                                        ^
.\HARDWARE\SRC\hand.c: 1 warning, 3 errors

[2023-05-07 01:45:04]	compilation failed at : "d:\Others\VsCode\EIDE\gouwu4.17\HARDWARE\SRC\hand.c", exit code: 1
command: 
  "D:\Files\Keil\ARM\ARMCC\bin\armcc.exe" -c --apcs=interwork -IUSER -ICORE -ISTM32F10x_FWLib/inc -ISYSTEM/delay -ISYSTEM/sys -ISYSTEM/usart -IHARDWARE/INC -I.cmsis/include -IUSER/RTE/_Template -I.eide/deps -DSTM32F10X_HD -DUSE_STDPERIPH_DRIVER --cpu Cortex-M3 --li --c99 -D__MICROLIB -O0 --split_sections --diag_suppress=1 --diag_suppress=1295 -g -o .\build\Template\HARDWARE\SRC\hand.o --no_depend_system_headers --depend .\build\Template\HARDWARE\SRC\hand.d .\HARDWARE\SRC\hand.c
   at unify_builder.Program.compileByMulThread(Int32 thrNum, CmdInfo[] cmds_, List`1 errLogs)
   at unify_builder.Program.Main(String[] args_)
---
".\HARDWARE\SRC\hand.c", line 158: Error:  #29: expected an expression
                  LuXian_Rev[5] = {1, 0, 0, 255, 0};
                                  ^
".\HARDWARE\SRC\hand.c", line 158: Warning:  #175-D: subscript out of range
                  LuXian_Rev[5] = {1, 0, 0, 255, 0};
                  ^
".\HARDWARE\SRC\hand.c", line 276: Error:  #109: expression preceding parentheses of apparent call must have (pointer-to-) function type
                  aa(LuXian_DongTai[LuXian_DongTaii][0],{0,0,0,0,0});
                  ^
".\HARDWARE\SRC\hand.c", line 276: Error:  #29: expected an expression
                  aa(LuXian_DongTai[LuXian_DongTaii][0],{0,0,0,0,0});
                                                        ^
.\HARDWARE\SRC\hand.c: 1 warning, 3 errors

[2023-05-07 01:45:20]	compilation failed at : "d:\Others\VsCode\EIDE\gouwu4.17\HARDWARE\SRC\hand.c", exit code: 1
command: 
  "D:\Files\Keil\ARM\ARMCC\bin\armcc.exe" -c --apcs=interwork -IUSER -ICORE -ISTM32F10x_FWLib/inc -ISYSTEM/delay -ISYSTEM/sys -ISYSTEM/usart -IHARDWARE/INC -I.cmsis/include -IUSER/RTE/_Template -I.eide/deps -DSTM32F10X_HD -DUSE_STDPERIPH_DRIVER --cpu Cortex-M3 --li --c99 -D__MICROLIB -O0 --split_sections --diag_suppress=1 --diag_suppress=1295 -g -o .\build\Template\HARDWARE\SRC\hand.o --no_depend_system_headers --depend .\build\Template\HARDWARE\SRC\hand.d .\HARDWARE\SRC\hand.c
   at unify_builder.Program.compileByMulThread(Int32 thrNum, CmdInfo[] cmds_, List`1 errLogs)
   at unify_builder.Program.Main(String[] args_)
---
".\HARDWARE\SRC\hand.c", line 158: Error:  #29: expected an expression
                  LuXian_Rev = {1, 0, 0, 255, 0};
                               ^
".\HARDWARE\SRC\hand.c", line 158: Error:  #137: expression must be a modifiable lvalue
                  LuXian_Rev = {1, 0, 0, 255, 0};
                  ^
".\HARDWARE\SRC\hand.c", line 276: Error:  #109: expression preceding parentheses of apparent call must have (pointer-to-) function type
                  aa(LuXian_DongTai[LuXian_DongTaii][0],{0,0,0,0,0});
                  ^
".\HARDWARE\SRC\hand.c", line 276: Error:  #29: expected an expression
                  aa(LuXian_DongTai[LuXian_DongTaii][0],{0,0,0,0,0});
                                                        ^
.\HARDWARE\SRC\hand.c: 0 warnings, 4 errors

[2023-05-07 01:46:09]	compilation failed at : "d:\Others\VsCode\EIDE\gouwu4.17\HARDWARE\SRC\hand.c", exit code: 1
command: 
  "D:\Files\Keil\ARM\ARMCC\bin\armcc.exe" -c --apcs=interwork -IUSER -ICORE -ISTM32F10x_FWLib/inc -ISYSTEM/delay -ISYSTEM/sys -ISYSTEM/usart -IHARDWARE/INC -I.cmsis/include -IUSER/RTE/_Template -I.eide/deps -DSTM32F10X_HD -DUSE_STDPERIPH_DRIVER --cpu Cortex-M3 --li --c99 -D__MICROLIB -O0 --split_sections --diag_suppress=1 --diag_suppress=1295 -g -o .\build\Template\HARDWARE\SRC\hand.o --no_depend_system_headers --depend .\build\Template\HARDWARE\SRC\hand.d .\HARDWARE\SRC\hand.c
   at unify_builder.Program.Main(String[] args_)
---
".\HARDWARE\SRC\hand.c", line 158: Error:  #146: too many initializer values
                  u8 LuXian_Rev = {1, 0, 0, 255, 0};
                                      ^
".\HARDWARE\SRC\hand.c", line 159: Error:  #167: argument of type "u8" is incompatible with parameter of type "u8 *"
                  Routecpy(LuXian_DongTai, LuXian_DongTaii,LuXian_Rev);
                                                           ^
".\HARDWARE\SRC\hand.c", line 276: Error:  #109: expression preceding parentheses of apparent call must have (pointer-to-) function type
                  aa(LuXian_DongTai[LuXian_DongTaii][0],{0,0,0,0,0});
                  ^
".\HARDWARE\SRC\hand.c", line 276: Error:  #29: expected an expression
                  aa(LuXian_DongTai[LuXian_DongTaii][0],{0,0,0,0,0});
                                                        ^
.\HARDWARE\SRC\hand.c: 0 warnings, 4 errors

[2023-05-07 01:46:26]	compilation failed at : "d:\Others\VsCode\EIDE\gouwu4.17\HARDWARE\SRC\hand.c", exit code: 1
command: 
  "D:\Files\Keil\ARM\ARMCC\bin\armcc.exe" -c --apcs=interwork -IUSER -ICORE -ISTM32F10x_FWLib/inc -ISYSTEM/delay -ISYSTEM/sys -ISYSTEM/usart -IHARDWARE/INC -I.cmsis/include -IUSER/RTE/_Template -I.eide/deps -DSTM32F10X_HD -DUSE_STDPERIPH_DRIVER --cpu Cortex-M3 --li --c99 -D__MICROLIB -O0 --split_sections --diag_suppress=1 --diag_suppress=1295 -g -o .\build\Template\HARDWARE\SRC\hand.o --no_depend_system_headers --depend .\build\Template\HARDWARE\SRC\hand.d .\HARDWARE\SRC\hand.c
   at unify_builder.Program.Main(String[] args_)
---
".\HARDWARE\SRC\hand.c", line 158: Error:  #146: too many initializer values
                  u8 LuXian_Rev = {1, 0, 0, 255, 0};
                                      ^
".\HARDWARE\SRC\hand.c", line 159: Error:  #167: argument of type "u8" is incompatible with parameter of type "u8 *"
                  Routecpy(LuXian_DongTai, LuXian_DongTaii,LuXian_Rev);
                                                           ^
".\HARDWARE\SRC\hand.c", line 276: Error:  #109: expression preceding parentheses of apparent call must have (pointer-to-) function type
                  aa(LuXian_DongTai[LuXian_DongTaii][0],{0,0,0,0,0});
                  ^
".\HARDWARE\SRC\hand.c", line 276: Error:  #29: expected an expression
                  aa(LuXian_DongTai[LuXian_DongTaii][0],{0,0,0,0,0});
                                                        ^
.\HARDWARE\SRC\hand.c: 0 warnings, 4 errors

[2023-05-07 01:46:35]	compilation failed at : "d:\Others\VsCode\EIDE\gouwu4.17\HARDWARE\SRC\hand.c", exit code: 1
command: 
  "D:\Files\Keil\ARM\ARMCC\bin\armcc.exe" -c --apcs=interwork -IUSER -ICORE -ISTM32F10x_FWLib/inc -ISYSTEM/delay -ISYSTEM/sys -ISYSTEM/usart -IHARDWARE/INC -I.cmsis/include -IUSER/RTE/_Template -I.eide/deps -DSTM32F10X_HD -DUSE_STDPERIPH_DRIVER --cpu Cortex-M3 --li --c99 -D__MICROLIB -O0 --split_sections --diag_suppress=1 --diag_suppress=1295 -g -o .\build\Template\HARDWARE\SRC\hand.o --no_depend_system_headers --depend .\build\Template\HARDWARE\SRC\hand.d .\HARDWARE\SRC\hand.c
   at unify_builder.Program.Main(String[] args_)
---
".\HARDWARE\SRC\hand.c", line 276: Error:  #109: expression preceding parentheses of apparent call must have (pointer-to-) function type
                  aa(LuXian_DongTai[LuXian_DongTaii][0],{0,0,0,0,0});
                  ^
".\HARDWARE\SRC\hand.c", line 276: Error:  #29: expected an expression
                  aa(LuXian_DongTai[LuXian_DongTaii][0],{0,0,0,0,0});
                                                        ^
.\HARDWARE\SRC\hand.c: 0 warnings, 2 errors

[2023-05-07 01:46:44]	[done]
	build successfully !

[2023-05-07 01:46:54]	[done]
	build successfully !

[2023-05-07 01:47:49]	compilation failed at : "d:\Others\VsCode\EIDE\gouwu4.17\HARDWARE\SRC\hand.c", exit code: 1
command: 
  "D:\Files\Keil\ARM\ARMCC\bin\armcc.exe" -c --apcs=interwork -IUSER -ICORE -ISTM32F10x_FWLib/inc -ISYSTEM/delay -ISYSTEM/sys -ISYSTEM/usart -IHARDWARE/INC -I.cmsis/include -IUSER/RTE/_Template -I.eide/deps -DSTM32F10X_HD -DUSE_STDPERIPH_DRIVER --cpu Cortex-M3 --li --c99 -D__MICROLIB -O0 --split_sections --diag_suppress=1 --diag_suppress=1295 -g -o .\build\Template\HARDWARE\SRC\hand.o --no_depend_system_headers --depend .\build\Template\HARDWARE\SRC\hand.d .\HARDWARE\SRC\hand.c
   at unify_builder.Program.Main(String[] args_)
---
".\HARDWARE\SRC\hand.c", line 161: Error:  #101: "LuXian_Rev" has already been declared in the current scope
                  u8 LuXian_Rev[5] = {Sum_Qian, 1, 0, 255, 0};
                     ^
".\HARDWARE\SRC\hand.c", line 161: Warning:  #177-D: variable "LuXian_Rev" was declared but never referenced
                  u8 LuXian_Rev[5] = {Sum_Qian, 1, 0, 255, 0};
                     ^
.\HARDWARE\SRC\hand.c: 1 warning, 1 error

[2023-05-08 16:01:20]	[done]
	build successfully !

[2023-05-08 16:12:43]	compilation failed at : "d:\Others\VsCode\EIDE\gouwu4.17\HARDWARE\SRC\hand.c", exit code: 1
command: 
  "D:\Files\Keil\ARM\ARMCC\bin\armcc.exe" -c --apcs=interwork -IUSER -ICORE -ISTM32F10x_FWLib/inc -ISYSTEM/delay -ISYSTEM/sys -ISYSTEM/usart -IHARDWARE/INC -I.cmsis/include -IUSER/RTE/_Template -I.eide/deps -DSTM32F10X_HD -DUSE_STDPERIPH_DRIVER --cpu Cortex-M3 --li --c99 -D__MICROLIB -O0 --split_sections --diag_suppress=1 --diag_suppress=1295 -g -o .\build\Template\HARDWARE\SRC\hand.o --no_depend_system_headers --depend .\build\Template\HARDWARE\SRC\hand.d .\HARDWARE\SRC\hand.c
   at unify_builder.Program.Main(String[] args_)
---
".\HARDWARE\SRC\hand.c", line 159: Error:  #29: expected an expression
                  Routecpy(LuXian_DongTai, LuXian_DongTaii,{Sum_Qian, 0, 0, 255, 0});
                                                           ^
.\HARDWARE\SRC\hand.c: 0 warnings, 1 error

[2023-05-08 16:12:54]	compilation failed at : "d:\Others\VsCode\EIDE\gouwu4.17\HARDWARE\SRC\hand.c", exit code: 1
command: 
  "D:\Files\Keil\ARM\ARMCC\bin\armcc.exe" -c --apcs=interwork -IUSER -ICORE -ISTM32F10x_FWLib/inc -ISYSTEM/delay -ISYSTEM/sys -ISYSTEM/usart -IHARDWARE/INC -I.cmsis/include -IUSER/RTE/_Template -I.eide/deps -DSTM32F10X_HD -DUSE_STDPERIPH_DRIVER --cpu Cortex-M3 --li --c99 -D__MICROLIB -O0 --split_sections --diag_suppress=1 --diag_suppress=1295 -g -o .\build\Template\HARDWARE\SRC\hand.o --no_depend_system_headers --depend .\build\Template\HARDWARE\SRC\hand.d .\HARDWARE\SRC\hand.c
   at unify_builder.Program.Main(String[] args_)
---
".\HARDWARE\SRC\hand.c", line 159: Error:  #167: argument of type "u8" is incompatible with parameter of type "u8 *"
                  Routecpy(LuXian_DongTai, LuXian_DongTaii,Sum_Qian, 0, 0, 255, 0);
                                                           ^
".\HARDWARE\SRC\hand.c", line 159: Error:  #140: too many arguments in function call
                  Routecpy(LuXian_DongTai, LuXian_DongTaii,Sum_Qian, 0, 0, 255, 0);
                                                                     ^
.\HARDWARE\SRC\hand.c: 0 warnings, 2 errors

[2023-05-08 16:21:12]	compilation failed at : "d:\Others\VsCode\EIDE\gouwu4.17\HARDWARE\SRC\hand.c", exit code: 1
command: 
  "D:\Files\Keil\ARM\ARMCC\bin\armcc.exe" -c --apcs=interwork -IUSER -ICORE -ISTM32F10x_FWLib/inc -ISYSTEM/delay -ISYSTEM/sys -ISYSTEM/usart -IHARDWARE/INC -I.cmsis/include -IUSER/RTE/_Template -I.eide/deps -DSTM32F10X_HD -DUSE_STDPERIPH_DRIVER --cpu Cortex-M3 --li --c99 -D__MICROLIB -O0 --split_sections --diag_suppress=1 --diag_suppress=1295 -g -o .\build\Template\HARDWARE\SRC\hand.o --no_depend_system_headers --depend .\build\Template\HARDWARE\SRC\hand.d .\HARDWARE\SRC\hand.c
   at unify_builder.Program.Main(String[] args_)
---
".\HARDWARE\SRC\hand.c", line 159: Error:  #167: argument of type "u8" is incompatible with parameter of type "u8 *"
                  Routecpy(LuXian_DongTai, LuXian_DongTaii,Sum_Qian, 0, 0, 255, 0);
                                                           ^
".\HARDWARE\SRC\hand.c", line 159: Error:  #140: too many arguments in function call
                  Routecpy(LuXian_DongTai, LuXian_DongTaii,Sum_Qian, 0, 0, 255, 0);
                                                                     ^
".\HARDWARE\SRC\hand.c", line 607: Error:  #147-D: declaration is incompatible with "void Routecpy(u8 (*)[5], u8, u8 *)" (declared at line 48 of "HARDWARE/INC/hand.h")
  void Routecpy(u8 Reved[][5],u8 row ,u8 st1,u8 ed2,u8 rd3,u8 th4,u8 th5)
       ^
.\HARDWARE\SRC\hand.c: 0 warnings, 3 errors

[2023-05-08 16:21:27]	compilation failed at : "d:\Others\VsCode\EIDE\gouwu4.17\HARDWARE\SRC\exti.c", exit code: 1
command: 
  "D:\Files\Keil\ARM\ARMCC\bin\armcc.exe" -c --apcs=interwork -IUSER -ICORE -ISTM32F10x_FWLib/inc -ISYSTEM/delay -ISYSTEM/sys -ISYSTEM/usart -IHARDWARE/INC -I.cmsis/include -IUSER/RTE/_Template -I.eide/deps -DSTM32F10X_HD -DUSE_STDPERIPH_DRIVER --cpu Cortex-M3 --li --c99 -D__MICROLIB -O0 --split_sections --diag_suppress=1 --diag_suppress=1295 -g -o .\build\Template\HARDWARE\SRC\exti.o --no_depend_system_headers --depend .\build\Template\HARDWARE\SRC\exti.d .\HARDWARE\SRC\exti.c
   at unify_builder.Program.Main(String[] args_)
---
"HARDWARE/INC/oled2.h", line 80: Error:  #130: expected a "{"
  extern char OLED2_BUF[100];
  ^
".\HARDWARE\SRC\exti.c", line 8: Warning:  #12-D: parsing restarts here after previous syntax error
  char cunchu[4]={0,0,0,0};
                 ^
".\HARDWARE\SRC\exti.c", line 8: Warning:  #174-D: expression has no effect
  char cunchu[4]={0,0,0,0};
                  ^
".\HARDWARE\SRC\exti.c", line 8: Warning:  #174-D: expression has no effect
  char cunchu[4]={0,0,0,0};
                  ^
".\HARDWARE\SRC\exti.c", line 8: Warning:  #174-D: expression has no effect
  char cunchu[4]={0,0,0,0};
                  ^
".\HARDWARE\SRC\exti.c", line 8: Warning:  #174-D: expression has no effect
  char cunchu[4]={0,0,0,0};
                  ^
".\HARDWARE\SRC\exti.c", line 8: Error:  #65: expected a ";"
  char cunchu[4]={0,0,0,0};
                         ^
".\HARDWARE\SRC\exti.c", line 62: Warning:  #186-D: pointless comparison of unsigned integer with zero
  		if(z_cha<0)
  		        ^
".\HARDWARE\SRC\exti.c", line 65: Warning:  #186-D: pointless comparison of unsigned integer with zero
  		if(y_cha<0)
  		        ^
".\HARDWARE\SRC\exti.c", line 68: Warning:  #186-D: pointless comparison of unsigned integer with zero
  		if(q_cha<0)
  		        ^
".\HARDWARE\SRC\exti.c", line 71: Warning:  #186-D: pointless comparison of unsigned integer with zero
  		if(h_cha<0)
  		        ^
.\HARDWARE\SRC\exti.c: 9 warnings, 2 errors

[2023-05-08 16:22:03]	compilation failed at : "d:\Others\VsCode\EIDE\gouwu4.17\HARDWARE\SRC\exti.c", exit code: 1
command: 
  "D:\Files\Keil\ARM\ARMCC\bin\armcc.exe" -c --apcs=interwork -IUSER -ICORE -ISTM32F10x_FWLib/inc -ISYSTEM/delay -ISYSTEM/sys -ISYSTEM/usart -IHARDWARE/INC -I.cmsis/include -IUSER/RTE/_Template -I.eide/deps -DSTM32F10X_HD -DUSE_STDPERIPH_DRIVER --cpu Cortex-M3 --li --c99 -D__MICROLIB -O0 --split_sections --diag_suppress=1 --diag_suppress=1295 -g -o .\build\Template\HARDWARE\SRC\exti.o --no_depend_system_headers --depend .\build\Template\HARDWARE\SRC\exti.d .\HARDWARE\SRC\exti.c
   at unify_builder.Program.Main(String[] args_)
---
"HARDWARE/INC/oled2.h", line 80: Error:  #130: expected a "{"
  extern char OLED2_BUF[100];
  ^
".\HARDWARE\SRC\exti.c", line 8: Warning:  #12-D: parsing restarts here after previous syntax error
  char cunchu[4]={0,0,0,0};
                 ^
".\HARDWARE\SRC\exti.c", line 8: Warning:  #174-D: expression has no effect
  char cunchu[4]={0,0,0,0};
                  ^
".\HARDWARE\SRC\exti.c", line 8: Warning:  #174-D: expression has no effect
  char cunchu[4]={0,0,0,0};
                  ^
".\HARDWARE\SRC\exti.c", line 8: Warning:  #174-D: expression has no effect
  char cunchu[4]={0,0,0,0};
                  ^
".\HARDWARE\SRC\exti.c", line 8: Warning:  #174-D: expression has no effect
  char cunchu[4]={0,0,0,0};
                  ^
".\HARDWARE\SRC\exti.c", line 8: Error:  #65: expected a ";"
  char cunchu[4]={0,0,0,0};
                         ^
".\HARDWARE\SRC\exti.c", line 62: Warning:  #186-D: pointless comparison of unsigned integer with zero
  		if(z_cha<0)
  		        ^
".\HARDWARE\SRC\exti.c", line 65: Warning:  #186-D: pointless comparison of unsigned integer with zero
  		if(y_cha<0)
  		        ^
".\HARDWARE\SRC\exti.c", line 68: Warning:  #186-D: pointless comparison of unsigned integer with zero
  		if(q_cha<0)
  		        ^
".\HARDWARE\SRC\exti.c", line 71: Warning:  #186-D: pointless comparison of unsigned integer with zero
  		if(h_cha<0)
  		        ^
.\HARDWARE\SRC\exti.c: 9 warnings, 2 errors

[2023-05-08 16:22:13]	[done]
	build successfully !

[2023-05-09 12:43:37]	compilation failed at : "d:\Others\VsCode\EIDE\gouwu4.17\HARDWARE\SRC\hand.c", exit code: 1
command: 
  "D:\Files\Keil\ARM\ARMCC\bin\armcc.exe" -c --apcs=interwork -IUSER -ICORE -ISTM32F10x_FWLib/inc -ISYSTEM/delay -ISYSTEM/sys -ISYSTEM/usart -IHARDWARE/INC -I.cmsis/include -IUSER/RTE/_Template -I.eide/deps -DSTM32F10X_HD -DUSE_STDPERIPH_DRIVER --cpu Cortex-M3 --li --c99 -D__MICROLIB -O0 --split_sections --diag_suppress=1 --diag_suppress=1295 -g -o .\build\Template\HARDWARE\SRC\hand.o --no_depend_system_headers --depend .\build\Template\HARDWARE\SRC\hand.d .\HARDWARE\SRC\hand.c
   at unify_builder.Program.Main(String[] args_)
---
".\HARDWARE\SRC\hand.c", line 148: Error:  #165: too few arguments in function call
                  Routecpy(0, 2, 0, 'r', 0);
                                          ^
".\HARDWARE\SRC\hand.c", line 152: Error:  #167: argument of type "u8" is incompatible with parameter of type "u8 (*)[5]"
                  Routecpy(Sum_Qian, 0, 255, 0);
                           ^
".\HARDWARE\SRC\hand.c", line 152: Error:  #165: too few arguments in function call
                  Routecpy(Sum_Qian, 0, 255, 0);
                                              ^
".\HARDWARE\SRC\hand.c", line 154: Error:  #165: too few arguments in function call
                  Routecpy(0, 2, 0, 'r', 0);
                                          ^
".\HARDWARE\SRC\hand.c", line 158: Error:  #167: argument of type "u8" is incompatible with parameter of type "u8 (*)[5]"
                  Routecpy(Sum_Qian, 0, 255, 0);
                           ^
".\HARDWARE\SRC\hand.c", line 158: Error:  #165: too few arguments in function call
                  Routecpy(Sum_Qian, 0, 255, 0);
                                              ^
".\HARDWARE\SRC\hand.c", line 160: Error:  #165: too few arguments in function call
                  Routecpy(0, 2, 0, 'g', 0);
                                          ^
".\HARDWARE\SRC\hand.c", line 164: Error:  #167: argument of type "u8" is incompatible with parameter of type "u8 (*)[5]"
                  Routecpy(Sum_Qian, 0, 255, 0);
                           ^
".\HARDWARE\SRC\hand.c", line 164: Error:  #165: too few arguments in function call
                  Routecpy(Sum_Qian, 0, 255, 0);
                                              ^
".\HARDWARE\SRC\hand.c", line 166: Error:  #165: too few arguments in function call
                  Routecpy(0, 2, 0, 'g', 0);
                                          ^
".\HARDWARE\SRC\hand.c", line 170: Error:  #167: argument of type "u8" is incompatible with parameter of type "u8 (*)[5]"
                  Routecpy(Sum_Qian, 0, 255, 0);
                           ^
".\HARDWARE\SRC\hand.c", line 170: Error:  #165: too few arguments in function call
                  Routecpy(Sum_Qian, 0, 255, 0);
                                              ^
".\HARDWARE\SRC\hand.c", line 172: Error:  #165: too few arguments in function call
                  Routecpy(0, 2, 0, 'b', 0);
                                          ^
".\HARDWARE\SRC\hand.c", line 176: Error:  #167: argument of type "u8" is incompatible with parameter of type "u8 (*)[5]"
                  Routecpy(Sum_Qian, 0, 255, 0);
                           ^
".\HARDWARE\SRC\hand.c", line 176: Error:  #165: too few arguments in function call
                  Routecpy(Sum_Qian, 0, 255, 0);
                                              ^
".\HARDWARE\SRC\hand.c", line 178: Error:  #165: too few arguments in function call
                  Routecpy(0, 2, 0, 'b', 0);
                                          ^
".\HARDWARE\SRC\hand.c", line 180: Error:  #167: argument of type "u8" is incompatible with parameter of type "u8 (*)[5]"
              Routecpy(Sum_Qian, 0, 255, 0);
                       ^
".\HARDWARE\SRC\hand.c", line 180: Error:  #165: too few arguments in function call
              Routecpy(Sum_Qian, 0, 255, 0);
                                          ^
".\HARDWARE\SRC\hand.c", line 182: Error:  #165: too few arguments in function call
              Routecpy(0, 0, 0, 0, 0);
                                    ^
".\HARDWARE\SRC\hand.c", line 187: Error:  #165: too few arguments in function call
                  Routecpy(0, 2, 0, 'b', 0);
                                          ^
".\HARDWARE\SRC\hand.c", line 191: Error:  #167: argument of type "u8" is incompatible with parameter of type "u8 (*)[5]"
                  Routecpy(Sum_Qian, 0, 255, 0);
                           ^
".\HARDWARE\SRC\hand.c", line 191: Error:  #165: too few arguments in function call
                  Routecpy(Sum_Qian, 0, 255, 0);
                                              ^
".\HARDWARE\SRC\hand.c", line 193: Error:  #165: too few arguments in function call
                  Routecpy(0, 2, 0, 'b', 0);
                                          ^
".\HARDWARE\SRC\hand.c", line 197: Error:  #167: argument of type "u8" is incompatible with parameter of type "u8 (*)[5]"
                  Routecpy(Sum_Qian, 0, 0, 255, 0);
                           ^
".\HARDWARE\SRC\hand.c", line 197: Error:  #165: too few arguments in function call
                  Routecpy(Sum_Qian, 0, 0, 255, 0);
                                                 ^
".\HARDWARE\SRC\hand.c", line 199: Error:  #165: too few arguments in function call
                  Routecpy(0, 2, 0, 'g', 0);
                                          ^
".\HARDWARE\SRC\hand.c", line 203: Error:  #167: argument of type "u8" is incompatible with parameter of type "u8 (*)[5]"
                  Routecpy(Sum_Qian, 0, 0, 255, 0);
                           ^
".\HARDWARE\SRC\hand.c", line 203: Error:  #165: too few arguments in function call
                  Routecpy(Sum_Qian, 0, 0, 255, 0);
                                                 ^
".\HARDWARE\SRC\hand.c", line 205: Error:  #165: too few arguments in function call
                  Routecpy(0, 2, 0, 'g', 0);
                                          ^
".\HARDWARE\SRC\hand.c", line 209: Error:  #167: argument of type "u8" is incompatible with parameter of type "u8 (*)[5]"
                  Routecpy(Sum_Qian, 0, 255, 0);
                           ^
.\HARDWARE\SRC\hand.c: 0 warnings, 30 errors

[2023-05-09 12:44:08]	compilation failed at : "d:\Others\VsCode\EIDE\gouwu4.17\HARDWARE\SRC\hand.c", exit code: 1
command: 
  "D:\Files\Keil\ARM\ARMCC\bin\armcc.exe" -c --apcs=interwork -IUSER -ICORE -ISTM32F10x_FWLib/inc -ISYSTEM/delay -ISYSTEM/sys -ISYSTEM/usart -IHARDWARE/INC -I.cmsis/include -IUSER/RTE/_Template -I.eide/deps -DSTM32F10X_HD -DUSE_STDPERIPH_DRIVER --cpu Cortex-M3 --li --c99 -D__MICROLIB -O0 --split_sections --diag_suppress=1 --diag_suppress=1295 -g -o .\build\Template\HARDWARE\SRC\hand.o --no_depend_system_headers --depend .\build\Template\HARDWARE\SRC\hand.d .\HARDWARE\SRC\hand.c
   at unify_builder.Program.Main(String[] args_)
---
".\HARDWARE\SRC\hand.c", line 152: Error:  #165: too few arguments in function call
                  Routecpy(Sum_Qian, 0, 255, 0);
                                              ^
".\HARDWARE\SRC\hand.c", line 158: Error:  #165: too few arguments in function call
                  Routecpy(Sum_Qian, 0, 255, 0);
                                              ^
".\HARDWARE\SRC\hand.c", line 164: Error:  #165: too few arguments in function call
                  Routecpy(Sum_Qian, 0, 255, 0);
                                              ^
".\HARDWARE\SRC\hand.c", line 170: Error:  #165: too few arguments in function call
                  Routecpy(Sum_Qian, 0, 255, 0);
                                              ^
".\HARDWARE\SRC\hand.c", line 176: Error:  #165: too few arguments in function call
                  Routecpy(Sum_Qian, 0, 255, 0);
                                              ^
".\HARDWARE\SRC\hand.c", line 180: Error:  #165: too few arguments in function call
              Routecpy(Sum_Qian, 0, 255, 0);
                                          ^
".\HARDWARE\SRC\hand.c", line 191: Error:  #165: too few arguments in function call
                  Routecpy(Sum_Qian, 0, 255, 0);
                                              ^
".\HARDWARE\SRC\hand.c", line 209: Error:  #165: too few arguments in function call
                  Routecpy(Sum_Qian, 0, 255, 0);
                                              ^
".\HARDWARE\SRC\hand.c", line 215: Error:  #165: too few arguments in function call
                  Routecpy(Sum_Qian, 0, 255, 0);
                                              ^
".\HARDWARE\SRC\hand.c", line 219: Error:  #165: too few arguments in function call
              Routecpy(Sum_Qian, 0, 255, 0);
                                          ^
.\HARDWARE\SRC\hand.c: 0 warnings, 10 errors

[2023-05-09 12:45:42]	[done]
	build successfully !

[2023-05-09 14:54:00]	[done]
	build successfully !

[2023-05-09 14:54:36]	[done]
	build successfully !

[2023-05-09 14:55:11]	[done]
	build successfully !

[2023-05-09 14:57:18]	[done]
	build successfully !

[2023-05-09 15:01:19]	[done]
	build successfully !

[2023-05-09 15:07:43]	[done]
	build successfully !

[2023-05-09 15:09:59]	[done]
	build successfully !

[2023-05-09 15:11:17]	[done]
	build successfully !

[2023-05-09 15:12:00]	[done]
	build successfully !

[2023-05-09 15:18:20]	[done]
	build successfully !

[2023-05-09 15:19:56]	[done]
	build successfully !

[2023-05-09 16:00:56]	[done]
	build successfully !

[2023-05-09 16:12:21]	[done]
	build successfully !

[2023-05-09 16:12:54]	[done]
	build successfully !

[2023-05-09 16:14:34]	[done]
	build successfully !

[2023-05-09 16:15:52]	[done]
	build successfully !

[2023-05-09 16:23:41]	[done]
	build successfully !

[2023-05-09 16:25:15]	[done]
	build successfully !

[2023-05-09 16:25:58]	[done]
	build successfully !

[2023-05-09 16:26:28]	[done]
	build successfully !

[2023-05-09 16:28:13]	[done]
	build successfully !

[2023-05-09 16:28:39]	[done]
	build successfully !

[2023-05-09 16:29:33]	[done]
	build successfully !

[2023-05-09 16:31:17]	[done]
	build successfully !

[2023-05-09 16:32:52]	[done]
	build successfully !

[2023-05-09 16:38:40]	[done]
	build successfully !

[2023-05-09 17:09:37]	[done]
	build successfully !

[2023-05-09 17:09:49]	[done]
	build successfully !

[2023-05-09 17:18:32]	[done]
	build successfully !

[2023-05-09 21:35:06]	compilation failed at : "d:\Others\VsCode\EIDE\gouwu4.17\HARDWARE\SRC\st178.c", exit code: 1
command: 
  "D:\Files\Keil\ARM\ARMCC\bin\armcc.exe" -c --apcs=interwork -IUSER -ICORE -ISTM32F10x_FWLib/inc -ISYSTEM/delay -ISYSTEM/sys -ISYSTEM/usart -IHARDWARE/INC -I.cmsis/include -IUSER/RTE/_Template -I.eide/deps -DSTM32F10X_HD -DUSE_STDPERIPH_DRIVER --cpu Cortex-M3 --li --c99 -D__MICROLIB -O0 --split_sections --diag_suppress=1 --diag_suppress=1295 -g -o .\build\Template\HARDWARE\SRC\st178.o --no_depend_system_headers --depend .\build\Template\HARDWARE\SRC\st178.d .\HARDWARE\SRC\st178.c
   at unify_builder.Program.Main(String[] args_)
---
".\HARDWARE\SRC\st178.c", line 294: Warning:  #940-D: missing return statement at end of non-void function "St178_Scanf"
      }
      ^
".\HARDWARE\SRC\st178.c", line 295: Error:  #169: expected a declaration
      return 0;
      ^
".\HARDWARE\SRC\st178.c", line 297: Error:  #169: expected a declaration
  }
  ^
".\HARDWARE\SRC\st178.c", line 321: Warning:  #12-D: parsing restarts here after previous syntax error
  				St188_CS4=1;
  				           ^
".\HARDWARE\SRC\st178.c", line 323: Error:  #40: expected an identifier
  				St188_A=i%2;
  				^
".\HARDWARE\SRC\st178.c", line 323: Error:  #79: expected a type specifier
  				St188_A=i%2;
  				^
".\HARDWARE\SRC\st178.c", line 323: Error:  #145: function "<error>" may not be initialized
  				St188_A=i%2;
  				       ^
".\HARDWARE\SRC\st178.c", line 323: Error:  #20: identifier "i" is undefined
  				St188_A=i%2;
  				        ^
".\HARDWARE\SRC\st178.c", line 324: Error:  #40: expected an identifier
  				St188_B=i/2%2;
  				^
".\HARDWARE\SRC\st178.c", line 324: Error:  #79: expected a type specifier
  				St188_B=i/2%2;
  				^
".\HARDWARE\SRC\st178.c", line 324: Error:  #145: function "<error>" may not be initialized
  				St188_B=i/2%2;
  				       ^
".\HARDWARE\SRC\st178.c", line 325: Error:  #40: expected an identifier
  				St188_C=i/2/2%2;
  				^
".\HARDWARE\SRC\st178.c", line 325: Error:  #79: expected a type specifier
  				St188_C=i/2/2%2;
  				^
".\HARDWARE\SRC\st178.c", line 325: Error:  #145: function "<error>" may not be initialized
  				St188_C=i/2/2%2;
  				       ^
".\HARDWARE\SRC\st178.c", line 327: Error:  #40: expected an identifier
  				St188_CS1=0;
  				^
".\HARDWARE\SRC\st178.c", line 327: Error:  #79: expected a type specifier
  				St188_CS1=0;
  				^
".\HARDWARE\SRC\st178.c", line 327: Error:  #145: function "<error>" may not be initialized
  				St188_CS1=0;
  				         ^
".\HARDWARE\SRC\st178.c", line 328: Error:  #40: expected an identifier
  				St188_CS4=1;
  				^
".\HARDWARE\SRC\st178.c", line 328: Error:  #79: expected a type specifier
  				St188_CS4=1;
  				^
".\HARDWARE\SRC\st178.c", line 328: Error:  #145: function "<error>" may not be initialized
  				St188_CS4=1;
  				         ^
".\HARDWARE\SRC\st178.c", line 330: Error:  #169: expected a declaration
  				if(St188_Y1_1==1)	shu_h[i] = 0;
  				^
".\HARDWARE\SRC\st178.c", line 331: Error:  #169: expected a declaration
  				else				shu_h[i] = 1;
  				^
".\HARDWARE\SRC\st178.c", line 333: Error:  #40: expected an identifier
  				St188_CS1=1;
  				^
".\HARDWARE\SRC\st178.c", line 333: Error:  #79: expected a type specifier
  				St188_CS1=1;
  				^
".\HARDWARE\SRC\st178.c", line 333: Error:  #145: function "<error>" may not be initialized
  				St188_CS1=1;
  				         ^
".\HARDWARE\SRC\st178.c", line 334: Error:  #40: expected an identifier
  				St188_CS4=0;
  				^
".\HARDWARE\SRC\st178.c", line 334: Error:  #79: expected a type specifier
  				St188_CS4=0;
  				^
".\HARDWARE\SRC\st178.c", line 334: Error:  #145: function "<error>" may not be initialized
  				St188_CS4=0;
  				         ^
".\HARDWARE\SRC\st178.c", line 336: Error:  #169: expected a declaration
  				if(St188_Y4_1==1)  	shu_q[i] = 0;
  				^
".\HARDWARE\SRC\st178.c", line 337: Error:  #169: expected a declaration
  				else				shu_q[i] = 1;
  				^
".\HARDWARE\SRC\st178.c", line 338: Error:  #169: expected a declaration
  			}
  			^
".\HARDWARE\SRC\st178.c", line 383: Warning:  #12-D: parsing restarts here after previous syntax error
  		bx = 0;
  		      ^
".\HARDWARE\SRC\st178.c", line 384: Error:  #77-D: this declaration has no storage class or type specifier
  		q_q = 0;
  		^
.\HARDWARE\SRC\st178.c: 3 warnings, 30 errors

[2023-05-09 21:36:36]	[done]
	build successfully !

[2023-05-09 21:37:10]	[done]
	build successfully !

[2023-05-09 21:37:50]	[done]
	build successfully !

[2023-05-09 21:51:00]	[done]
	build successfully !

[2023-05-09 21:51:05]	[done]
	build successfully !

[2023-05-09 22:12:49]	[done]
	build successfully !

[2023-05-09 22:17:04]	[done]
	build successfully !

[2023-05-09 22:18:57]	[done]
	build successfully !

[2023-05-09 22:19:05]	[done]
	build successfully !

[2023-05-09 22:19:43]	[done]
	build successfully !

[2023-05-09 22:19:58]	[done]
	build successfully !

[2023-05-09 22:20:39]	[done]
	build successfully !

[2023-05-09 22:21:28]	[done]
	build successfully !

[2023-05-09 22:21:31]	[done]
	build successfully !

[2023-05-09 22:22:02]	[done]
	build successfully !

[2023-05-09 22:33:38]	[done]
	build successfully !

[2023-05-09 22:35:51]	[done]
	build successfully !

[2023-05-09 22:37:25]	[done]
	build successfully !

[2023-05-09 22:39:51]	[done]
	build successfully !

[2023-05-09 22:48:14]	[done]
	build successfully !

[2023-05-09 22:48:47]	[done]
	build successfully !

[2023-05-09 22:53:53]	[done]
	build successfully !

[2023-05-09 22:55:04]	[done]
	build successfully !

[2023-05-09 22:57:48]	[done]
	build successfully !

[2023-05-09 22:59:07]	[done]
	build successfully !

[2023-05-09 23:01:08]	[done]
	build successfully !

[2023-05-09 23:03:14]	[done]
	build successfully !

[2023-05-09 23:03:36]	[done]
	build successfully !

[2023-05-09 23:03:57]	[done]
	build successfully !

[2023-05-09 23:04:55]	[done]
	build successfully !

[2023-05-09 23:06:11]	[done]
	build successfully !

[2023-05-09 23:45:51]	compilation failed at : "d:\Others\VsCode\EIDE\gouwu4.17\HARDWARE\SRC\ui.c", exit code: 1
command: 
  "D:\Files\Keil\ARM\ARMCC\bin\armcc.exe" -c --apcs=interwork -IUSER -ICORE -ISTM32F10x_FWLib/inc -ISYSTEM/delay -ISYSTEM/sys -ISYSTEM/usart -IHARDWARE/INC -I.cmsis/include -IUSER/RTE/_Template -I.eide/deps -DSTM32F10X_HD -DUSE_STDPERIPH_DRIVER --cpu Cortex-M3 --li --c99 -D__MICROLIB -O0 --split_sections --diag_suppress=1 --diag_suppress=1295 -g -o .\build\Template\HARDWARE\SRC\ui.o --no_depend_system_headers --depend .\build\Template\HARDWARE\SRC\ui.d .\HARDWARE\SRC\ui.c
   at unify_builder.Program.Main(String[] args_)
---
".\HARDWARE\SRC\ui.c", line 26: Error:  #144: a value of type "char [40]" cannot be used to initialize an entity of type "char [20]"
      "$DGT:36-45,1!"  // 下中抓    		                8
      ^
".\HARDWARE\SRC\ui.c", line 2775: Warning:  #177-D: variable "luxian" was declared but never referenced
      u8 luxian;
         ^
".\HARDWARE\SRC\ui.c", line 2776: Warning:  #177-D: variable "a" was declared but never referenced
      u8 a = 0;
         ^
".\HARDWARE\SRC\ui.c", line 2971: Warning:  #177-D: variable "luxian" was declared but never referenced
      u8 luxian;
         ^
".\HARDWARE\SRC\ui.c", line 2972: Warning:  #177-D: variable "a" was declared but never referenced
      u8 a = 0;
         ^
".\HARDWARE\SRC\ui.c", line 3160: Warning:  #177-D: variable "luxian" was declared but never referenced
      u8 luxian;
         ^
".\HARDWARE\SRC\ui.c", line 3161: Warning:  #177-D: variable "a" was declared but never referenced
      u8 a = 0;
         ^
".\HARDWARE\SRC\ui.c", line 3432: Warning:  #174-D: expression has no effect
                               (a1, 0);
                                ^
".\HARDWARE\SRC\ui.c", line 3432: Warning:  #174-D: expression has no effect
                               (a1, 0);
                               ^
".\HARDWARE\SRC\ui.c", line 3437: Warning:  #174-D: expression has no effect
                               (b1, 0);
                                ^
".\HARDWARE\SRC\ui.c", line 3437: Warning:  #174-D: expression has no effect
                               (b1, 0);
                               ^
".\HARDWARE\SRC\ui.c", line 3442: Warning:  #174-D: expression has no effect
                               (c1, 0);
                                ^
".\HARDWARE\SRC\ui.c", line 3442: Warning:  #174-D: expression has no effect
                               (c1, 0);
                               ^
".\HARDWARE\SRC\ui.c", line 3447: Warning:  #174-D: expression has no effect
                               (d1, 0);
                                ^
".\HARDWARE\SRC\ui.c", line 3447: Warning:  #174-D: expression has no effect
                               (d1, 0);
                               ^
".\HARDWARE\SRC\ui.c", line 3576: Warning:  #174-D: expression has no effect
                               (a2, 0);
                                ^
".\HARDWARE\SRC\ui.c", line 3576: Warning:  #174-D: expression has no effect
                               (a2, 0);
                               ^
".\HARDWARE\SRC\ui.c", line 3581: Warning:  #174-D: expression has no effect
                               (a2, 0);
                                ^
".\HARDWARE\SRC\ui.c", line 3581: Warning:  #174-D: expression has no effect
                               (a2, 0);
                               ^
".\HARDWARE\SRC\ui.c", line 3586: Warning:  #174-D: expression has no effect
                               (c2, 0);
                                ^
".\HARDWARE\SRC\ui.c", line 3586: Warning:  #174-D: expression has no effect
                               (c2, 0);
                               ^
".\HARDWARE\SRC\ui.c", line 3591: Warning:  #174-D: expression has no effect
                               (d2, 0);
                                ^
".\HARDWARE\SRC\ui.c", line 3591: Warning:  #174-D: expression has no effect
                               (d2, 0);
                               ^
".\HARDWARE\SRC\ui.c", line 3596: Warning:  #174-D: expression has no effect
                               (e2, 0);
                                ^
".\HARDWARE\SRC\ui.c", line 3596: Warning:  #174-D: expression has no effect
                               (e2, 0);
                               ^
.\HARDWARE\SRC\ui.c: 24 warnings, 1 error

[2023-05-09 23:45:56]	compilation failed at : "d:\Others\VsCode\EIDE\gouwu4.17\HARDWARE\SRC\ui.c", exit code: 1
command: 
  "D:\Files\Keil\ARM\ARMCC\bin\armcc.exe" -c --apcs=interwork -IUSER -ICORE -ISTM32F10x_FWLib/inc -ISYSTEM/delay -ISYSTEM/sys -ISYSTEM/usart -IHARDWARE/INC -I.cmsis/include -IUSER/RTE/_Template -I.eide/deps -DSTM32F10X_HD -DUSE_STDPERIPH_DRIVER --cpu Cortex-M3 --li --c99 -D__MICROLIB -O0 --split_sections --diag_suppress=1 --diag_suppress=1295 -g -o .\build\Template\HARDWARE\SRC\ui.o --no_depend_system_headers --depend .\build\Template\HARDWARE\SRC\ui.d .\HARDWARE\SRC\ui.c
   at unify_builder.Program.Main(String[] args_)
---
".\HARDWARE\SRC\ui.c", line 26: Error:  #144: a value of type "char [40]" cannot be used to initialize an entity of type "char [20]"
      "$DGT:36-45,1!"  // 下中抓    		                8
      ^
".\HARDWARE\SRC\ui.c", line 2775: Warning:  #177-D: variable "luxian" was declared but never referenced
      u8 luxian;
         ^
".\HARDWARE\SRC\ui.c", line 2776: Warning:  #177-D: variable "a" was declared but never referenced
      u8 a = 0;
         ^
".\HARDWARE\SRC\ui.c", line 2971: Warning:  #177-D: variable "luxian" was declared but never referenced
      u8 luxian;
         ^
".\HARDWARE\SRC\ui.c", line 2972: Warning:  #177-D: variable "a" was declared but never referenced
      u8 a = 0;
         ^
".\HARDWARE\SRC\ui.c", line 3160: Warning:  #177-D: variable "luxian" was declared but never referenced
      u8 luxian;
         ^
".\HARDWARE\SRC\ui.c", line 3161: Warning:  #177-D: variable "a" was declared but never referenced
      u8 a = 0;
         ^
".\HARDWARE\SRC\ui.c", line 3432: Warning:  #174-D: expression has no effect
                               (a1, 0);
                                ^
".\HARDWARE\SRC\ui.c", line 3432: Warning:  #174-D: expression has no effect
                               (a1, 0);
                               ^
".\HARDWARE\SRC\ui.c", line 3437: Warning:  #174-D: expression has no effect
                               (b1, 0);
                                ^
".\HARDWARE\SRC\ui.c", line 3437: Warning:  #174-D: expression has no effect
                               (b1, 0);
                               ^
".\HARDWARE\SRC\ui.c", line 3442: Warning:  #174-D: expression has no effect
                               (c1, 0);
                                ^
".\HARDWARE\SRC\ui.c", line 3442: Warning:  #174-D: expression has no effect
                               (c1, 0);
                               ^
".\HARDWARE\SRC\ui.c", line 3447: Warning:  #174-D: expression has no effect
                               (d1, 0);
                                ^
".\HARDWARE\SRC\ui.c", line 3447: Warning:  #174-D: expression has no effect
                               (d1, 0);
                               ^
".\HARDWARE\SRC\ui.c", line 3576: Warning:  #174-D: expression has no effect
                               (a2, 0);
                                ^
".\HARDWARE\SRC\ui.c", line 3576: Warning:  #174-D: expression has no effect
                               (a2, 0);
                               ^
".\HARDWARE\SRC\ui.c", line 3581: Warning:  #174-D: expression has no effect
                               (a2, 0);
                                ^
".\HARDWARE\SRC\ui.c", line 3581: Warning:  #174-D: expression has no effect
                               (a2, 0);
                               ^
".\HARDWARE\SRC\ui.c", line 3586: Warning:  #174-D: expression has no effect
                               (c2, 0);
                                ^
".\HARDWARE\SRC\ui.c", line 3586: Warning:  #174-D: expression has no effect
                               (c2, 0);
                               ^
".\HARDWARE\SRC\ui.c", line 3591: Warning:  #174-D: expression has no effect
                               (d2, 0);
                                ^
".\HARDWARE\SRC\ui.c", line 3591: Warning:  #174-D: expression has no effect
                               (d2, 0);
                               ^
".\HARDWARE\SRC\ui.c", line 3596: Warning:  #174-D: expression has no effect
                               (e2, 0);
                                ^
".\HARDWARE\SRC\ui.c", line 3596: Warning:  #174-D: expression has no effect
                               (e2, 0);
                               ^
.\HARDWARE\SRC\ui.c: 24 warnings, 1 error

[2023-05-09 23:46:06]	[done]
	build successfully !

[2023-05-10 11:36:35]	compilation failed at : "d:\Others\VsCode\EIDE\gouwu4.17\USER\main.c", exit code: 1
command: 
  "D:\Files\Keil\ARM\ARMCC\bin\armcc.exe" -c --apcs=interwork -IUSER -ICORE -ISTM32F10x_FWLib/inc -ISYSTEM/delay -ISYSTEM/sys -ISYSTEM/usart -IHARDWARE/INC -I.cmsis/include -IUSER/RTE/_Template -I.eide/deps -DSTM32F10X_HD -DUSE_STDPERIPH_DRIVER --cpu Cortex-M3 --li --c99 -D__MICROLIB -O0 --split_sections --diag_suppress=1 --diag_suppress=1295 -g -o .\build\Template\USER\main.o --no_depend_system_headers --depend .\build\Template\USER\main.d .\USER\main.c
   at unify_builder.Program.Main(String[] args_)
---
".\USER\main.c", line 80: Error:  #7: unrecognized token
          、、MenuOperate();
          ^
".\USER\main.c", line 80: Error:  #29: expected an expression
          、、MenuOperate();
          ^
".\USER\main.c", line 80: Error:  #7: unrecognized token
          、、MenuOperate();
           ^
".\USER\main.c", line 23: Warning:  #177-D: variable "tx_flag" was declared but never referenced
      int tx_flag = 0;
          ^
.\USER\main.c: 1 warning, 3 errors

[2023-05-10 11:36:38]	[done]
	build successfully !

[2023-05-10 11:50:05]	[done]
	build successfully !

[2023-05-10 11:52:16]	[done]
	build successfully !

[2023-05-10 11:52:56]	[done]
	build successfully !

[2023-05-10 11:56:56]	[done]
	build successfully !

[2023-05-10 13:13:42]	[done]
	build successfully !

[2023-05-10 13:24:57]	[done]
	build successfully !

[2023-05-10 13:26:19]	[done]
	build successfully !

[2023-05-10 13:42:36]	compilation failed at : "d:\Others\VsCode\EIDE\gouwu4.17\HARDWARE\SRC\ui.c", exit code: 1
command: 
  "D:\Files\Keil\ARM\ARMCC\bin\armcc.exe" -c --apcs=interwork -IUSER -ICORE -ISTM32F10x_FWLib/inc -ISYSTEM/delay -ISYSTEM/sys -ISYSTEM/usart -IHARDWARE/INC -I.cmsis/include -IUSER/RTE/_Template -I.eide/deps -DSTM32F10X_HD -DUSE_STDPERIPH_DRIVER --cpu Cortex-M3 --li --c99 -D__MICROLIB -O0 --split_sections --diag_suppress=1 --diag_suppress=1295 -g -o .\build\Template\HARDWARE\SRC\ui.o --no_depend_system_headers --depend .\build\Template\HARDWARE\SRC\ui.d .\HARDWARE\SRC\ui.c
   at unify_builder.Program.Main(String[] args_)
---
".\HARDWARE\SRC\ui.c", line 507: Error:  #65: expected a ";"
                          for (u8 i = 0; i < 11 i++)
                                                ^
".\HARDWARE\SRC\ui.c", line 511: Error:  #65: expected a ";"
                          LunPani++ LunPan_Zhuan();
                                    ^
".\HARDWARE\SRC\ui.c", line 517: Error:  #65: expected a ";"
                          for (u8 i = 0; i < 11 i++)
                                                ^
".\HARDWARE\SRC\ui.c", line 521: Error:  #65: expected a ";"
                          LunPani++ LunPan_Zhuan();
                                    ^
".\HARDWARE\SRC\ui.c", line 527: Error:  #65: expected a ";"
                          for (u8 i = 0; i < 11 i++)
                                                ^
".\HARDWARE\SRC\ui.c", line 531: Error:  #65: expected a ";"
                          LunPani++ LunPan_Zhuan();
                                    ^
".\HARDWARE\SRC\ui.c", line 537: Error:  #65: expected a ";"
                      for (u8 i = 0; i < 11 i++)
                                            ^
".\HARDWARE\SRC\ui.c", line 541: Error:  #65: expected a ";"
                      LunPani++ LunPan_Zhuan();
                                ^
".\HARDWARE\SRC\ui.c", line 547: Error:  #65: expected a ";"
                      for (u8 i = 0; i < 11 i++)
                                            ^
".\HARDWARE\SRC\ui.c", line 551: Error:  #65: expected a ";"
                      LunPani++ LunPan_Zhuan();
                                ^
".\HARDWARE\SRC\ui.c", line 557: Error:  #65: expected a ";"
                      for (u8 i = 0; i < 11 i++)
                                            ^
".\HARDWARE\SRC\ui.c", line 561: Error:  #65: expected a ";"
                      LunPani++ LunPan_Zhuan();
                                ^
".\HARDWARE\SRC\ui.c", line 2847: Warning:  #177-D: variable "luxian" was declared but never referenced
      u8 luxian;
         ^
".\HARDWARE\SRC\ui.c", line 2848: Warning:  #177-D: variable "a" was declared but never referenced
      u8 a = 0;
         ^
".\HARDWARE\SRC\ui.c", line 3043: Warning:  #177-D: variable "luxian" was declared but never referenced
      u8 luxian;
         ^
".\HARDWARE\SRC\ui.c", line 3044: Warning:  #177-D: variable "a" was declared but never referenced
      u8 a = 0;
         ^
".\HARDWARE\SRC\ui.c", line 3232: Warning:  #177-D: variable "luxian" was declared but never referenced
      u8 luxian;
         ^
".\HARDWARE\SRC\ui.c", line 3233: Warning:  #177-D: variable "a" was declared but never referenced
      u8 a = 0;
         ^
".\HARDWARE\SRC\ui.c", line 3504: Warning:  #174-D: expression has no effect
                               (a1, 0);
                                ^
".\HARDWARE\SRC\ui.c", line 3504: Warning:  #174-D: expression has no effect
                               (a1, 0);
                               ^
".\HARDWARE\SRC\ui.c", line 3509: Warning:  #174-D: expression has no effect
                               (b1, 0);
                                ^
".\HARDWARE\SRC\ui.c", line 3509: Warning:  #174-D: expression has no effect
                               (b1, 0);
                               ^
".\HARDWARE\SRC\ui.c", line 3514: Warning:  #174-D: expression has no effect
                               (c1, 0);
                                ^
".\HARDWARE\SRC\ui.c", line 3514: Warning:  #174-D: expression has no effect
                               (c1, 0);
                               ^
".\HARDWARE\SRC\ui.c", line 3519: Warning:  #174-D: expression has no effect
                               (d1, 0);
                                ^
".\HARDWARE\SRC\ui.c", line 3519: Warning:  #174-D: expression has no effect
                               (d1, 0);
                               ^
".\HARDWARE\SRC\ui.c", line 3648: Warning:  #174-D: expression has no effect
                               (a2, 0);
                                ^
".\HARDWARE\SRC\ui.c", line 3648: Warning:  #174-D: expression has no effect
                               (a2, 0);
                               ^
".\HARDWARE\SRC\ui.c", line 3653: Warning:  #174-D: expression has no effect
                               (a2, 0);
                                ^
".\HARDWARE\SRC\ui.c", line 3653: Warning:  #174-D: expression has no effect
                               (a2, 0);
                               ^
".\HARDWARE\SRC\ui.c", line 3658: Warning:  #174-D: expression has no effect
                               (c2, 0);
                                ^
".\HARDWARE\SRC\ui.c", line 3658: Warning:  #174-D: expression has no effect
                               (c2, 0);
                               ^
".\HARDWARE\SRC\ui.c", line 3663: Warning:  #174-D: expression has no effect
                               (d2, 0);
                                ^
".\HARDWARE\SRC\ui.c", line 3663: Warning:  #174-D: expression has no effect
                               (d2, 0);
                               ^
".\HARDWARE\SRC\ui.c", line 3668: Warning:  #174-D: expression has no effect
                               (e2, 0);
                                ^
".\HARDWARE\SRC\ui.c", line 3668: Warning:  #174-D: expression has no effect
                               (e2, 0);
                               ^
.\HARDWARE\SRC\ui.c: 24 warnings, 12 errors

[2023-05-10 13:42:58]	compilation failed at : "d:\Others\VsCode\EIDE\gouwu4.17\HARDWARE\SRC\ui.c", exit code: 1
command: 
  "D:\Files\Keil\ARM\ARMCC\bin\armcc.exe" -c --apcs=interwork -IUSER -ICORE -ISTM32F10x_FWLib/inc -ISYSTEM/delay -ISYSTEM/sys -ISYSTEM/usart -IHARDWARE/INC -I.cmsis/include -IUSER/RTE/_Template -I.eide/deps -DSTM32F10X_HD -DUSE_STDPERIPH_DRIVER --cpu Cortex-M3 --li --c99 -D__MICROLIB -O0 --split_sections --diag_suppress=1 --diag_suppress=1295 -g -o .\build\Template\HARDWARE\SRC\ui.o --no_depend_system_headers --depend .\build\Template\HARDWARE\SRC\ui.d .\HARDWARE\SRC\ui.c
   at unify_builder.Program.Main(String[] args_)
---
".\HARDWARE\SRC\ui.c", line 507: Error:  #65: expected a ";"
                          for (u8 i = 0; i < 11 i++)
                                                ^
".\HARDWARE\SRC\ui.c", line 511: Error:  #65: expected a ";"
                          LunPani++ LunPan_Zhuan();
                                    ^
".\HARDWARE\SRC\ui.c", line 517: Error:  #65: expected a ";"
                          for (u8 i = 0; i < 11 i++)
                                                ^
".\HARDWARE\SRC\ui.c", line 521: Error:  #65: expected a ";"
                          LunPani++ LunPan_Zhuan();
                                    ^
".\HARDWARE\SRC\ui.c", line 527: Error:  #65: expected a ";"
                          for (u8 i = 0; i < 11 i++)
                                                ^
".\HARDWARE\SRC\ui.c", line 531: Error:  #65: expected a ";"
                          LunPani++ LunPan_Zhuan();
                                    ^
".\HARDWARE\SRC\ui.c", line 537: Error:  #65: expected a ";"
                      for (u8 i = 0; i < 11 i++)
                                            ^
".\HARDWARE\SRC\ui.c", line 541: Error:  #65: expected a ";"
                      LunPani++ LunPan_Zhuan();
                                ^
".\HARDWARE\SRC\ui.c", line 547: Error:  #65: expected a ";"
                      for (u8 i = 0; i < 11 i++)
                                            ^
".\HARDWARE\SRC\ui.c", line 551: Error:  #65: expected a ";"
                      LunPani++ LunPan_Zhuan();
                                ^
".\HARDWARE\SRC\ui.c", line 557: Error:  #65: expected a ";"
                      for (u8 i = 0; i < 11 i++)
                                            ^
".\HARDWARE\SRC\ui.c", line 561: Error:  #65: expected a ";"
                      LunPani++ LunPan_Zhuan();
                                ^
".\HARDWARE\SRC\ui.c", line 569: Error:  #20: identifier "i" is undefined
          if (a[i][1] == 2 && a[i][4] != 0 && a[i][3] == 255) // 啥都不做时延时
                ^
".\HARDWARE\SRC\ui.c", line 577: Error:  #169: expected a declaration
  }
  ^
".\HARDWARE\SRC\ui.c", line 604: Warning:  #12-D: parsing restarts here after previous syntax error
              LCD_16_HanZi_ASCII(6, 0, "底车");
                                            ^
".\HARDWARE\SRC\ui.c", line 605: Error:  #169: expected a declaration
              break;
              ^
".\HARDWARE\SRC\ui.c", line 606: Error:  #169: expected a declaration
          case 5:
          ^
".\HARDWARE\SRC\ui.c", line 615: Warning:  #12-D: parsing restarts here after previous syntax error
              LCD_16_HanZi_ASCII(6, 0, "设置");
                                            ^
".\HARDWARE\SRC\ui.c", line 616: Error:  #169: expected a declaration
              break;
              ^
".\HARDWARE\SRC\ui.c", line 617: Error:  #169: expected a declaration
          case 15:
          ^
".\HARDWARE\SRC\ui.c", line 619: Error:  #169: expected a declaration
              break;
              ^
".\HARDWARE\SRC\ui.c", line 620: Error:  #169: expected a declaration
          case 16:
          ^
".\HARDWARE\SRC\ui.c", line 625: Warning:  #12-D: parsing restarts here after previous syntax error
              LCD_16_HanZi_ASCII(6, 0, "路线");
                                            ^
".\HARDWARE\SRC\ui.c", line 626: Error:  #169: expected a declaration
              break;
              ^
".\HARDWARE\SRC\ui.c", line 627: Error:  #169: expected a declaration
          case 21:
          ^
".\HARDWARE\SRC\ui.c", line 630: Warning:  #12-D: parsing restarts here after previous syntax error
              LCD_16_HanZi_ASCII(6, 0, "双车");
                                            ^
".\HARDWARE\SRC\ui.c", line 631: Error:  #169: expected a declaration
              break;
              ^
".\HARDWARE\SRC\ui.c", line 632: Error:  #169: expected a declaration
          case 24:
          ^
".\HARDWARE\SRC\ui.c", line 635: Warning:  #12-D: parsing restarts here after previous syntax error
              LCD_16_HanZi_ASCII(6, 0, "开车");
                                            ^
".\HARDWARE\SRC\ui.c", line 636: Error:  #169: expected a declaration
              break;
              ^
".\HARDWARE\SRC\ui.c", line 638: Error:  #169: expected a declaration
          default:
          ^
".\HARDWARE\SRC\ui.c", line 640: Error:  #169: expected a declaration
      }
      ^
".\HARDWARE\SRC\ui.c", line 699: Warning:  #12-D: parsing restarts here after previous syntax error
              Keykey_Flag = 0;
                             ^
".\HARDWARE\SRC\ui.c", line 700: Error:  #169: expected a declaration
              break;
              ^
".\HARDWARE\SRC\ui.c", line 702: Error:  #169: expected a declaration
          }
          ^
".\HARDWARE\SRC\ui.c", line 797: Warning:  #12-D: parsing restarts here after previous syntax error
      OLED_Refresh();
                    ^
".\HARDWARE\SRC\ui.c", line 799: Error:  #169: expected a declaration
      while (1) {
      ^
.\HARDWARE\SRC\ui.c: 7 warnings, 30 errors

[2023-05-10 13:43:03]	compilation failed at : "d:\Others\VsCode\EIDE\gouwu4.17\HARDWARE\SRC\ui.c", exit code: 1
command: 
  "D:\Files\Keil\ARM\ARMCC\bin\armcc.exe" -c --apcs=interwork -IUSER -ICORE -ISTM32F10x_FWLib/inc -ISYSTEM/delay -ISYSTEM/sys -ISYSTEM/usart -IHARDWARE/INC -I.cmsis/include -IUSER/RTE/_Template -I.eide/deps -DSTM32F10X_HD -DUSE_STDPERIPH_DRIVER --cpu Cortex-M3 --li --c99 -D__MICROLIB -O0 --split_sections --diag_suppress=1 --diag_suppress=1295 -g -o .\build\Template\HARDWARE\SRC\ui.o --no_depend_system_headers --depend .\build\Template\HARDWARE\SRC\ui.d .\HARDWARE\SRC\ui.c
   at unify_builder.Program.Main(String[] args_)
---
".\HARDWARE\SRC\ui.c", line 507: Error:  #65: expected a ";"
                          for (u8 i = 0; i < 11 i++)
                                                ^
".\HARDWARE\SRC\ui.c", line 511: Error:  #65: expected a ";"
                          LunPani++ LunPan_Zhuan();
                                    ^
".\HARDWARE\SRC\ui.c", line 517: Error:  #65: expected a ";"
                          for (u8 i = 0; i < 11 i++)
                                                ^
".\HARDWARE\SRC\ui.c", line 521: Error:  #65: expected a ";"
                          LunPani++ LunPan_Zhuan();
                                    ^
".\HARDWARE\SRC\ui.c", line 527: Error:  #65: expected a ";"
                          for (u8 i = 0; i < 11 i++)
                                                ^
".\HARDWARE\SRC\ui.c", line 531: Error:  #65: expected a ";"
                          LunPani++ LunPan_Zhuan();
                                    ^
".\HARDWARE\SRC\ui.c", line 537: Error:  #65: expected a ";"
                      for (u8 i = 0; i < 11 i++)
                                            ^
".\HARDWARE\SRC\ui.c", line 541: Error:  #65: expected a ";"
                      LunPani++ LunPan_Zhuan();
                                ^
".\HARDWARE\SRC\ui.c", line 547: Error:  #65: expected a ";"
                      for (u8 i = 0; i < 11 i++)
                                            ^
".\HARDWARE\SRC\ui.c", line 551: Error:  #65: expected a ";"
                      LunPani++ LunPan_Zhuan();
                                ^
".\HARDWARE\SRC\ui.c", line 557: Error:  #65: expected a ";"
                      for (u8 i = 0; i < 11 i++)
                                            ^
".\HARDWARE\SRC\ui.c", line 561: Error:  #65: expected a ";"
                      LunPani++ LunPan_Zhuan();
                                ^
".\HARDWARE\SRC\ui.c", line 579: Error:  #65: expected a ";"
  {
  ^
".\HARDWARE\SRC\ui.c", line 603: Warning:  #12-D: parsing restarts here after previous syntax error
              LCD_16_HanZi_ASCII(6, 0, "底车");
                                            ^
".\HARDWARE\SRC\ui.c", line 604: Error:  #116: a break statement may only be used within a loop or switch
              break;
              ^
".\HARDWARE\SRC\ui.c", line 605: Error:  #121: a case label may only be used within a switch
          case 5:
          ^
".\HARDWARE\SRC\ui.c", line 606: Error:  #121: a case label may only be used within a switch
          case 6:
          ^
".\HARDWARE\SRC\ui.c", line 607: Error:  #121: a case label may only be used within a switch
          case 7:
          ^
".\HARDWARE\SRC\ui.c", line 608: Error:  #121: a case label may only be used within a switch
          case 8:
          ^
".\HARDWARE\SRC\ui.c", line 609: Error:  #121: a case label may only be used within a switch
          case 9:
          ^
".\HARDWARE\SRC\ui.c", line 610: Error:  #121: a case label may only be used within a switch
          case 10:
          ^
".\HARDWARE\SRC\ui.c", line 611: Error:  #121: a case label may only be used within a switch
          case 11:
          ^
".\HARDWARE\SRC\ui.c", line 612: Error:  #121: a case label may only be used within a switch
          case 12:
          ^
".\HARDWARE\SRC\ui.c", line 613: Error:  #121: a case label may only be used within a switch
          case 13:
          ^
".\HARDWARE\SRC\ui.c", line 615: Error:  #116: a break statement may only be used within a loop or switch
              break;
              ^
".\HARDWARE\SRC\ui.c", line 616: Error:  #121: a case label may only be used within a switch
          case 15:
          ^
".\HARDWARE\SRC\ui.c", line 618: Error:  #116: a break statement may only be used within a loop or switch
              break;
              ^
".\HARDWARE\SRC\ui.c", line 619: Error:  #121: a case label may only be used within a switch
          case 16:
          ^
".\HARDWARE\SRC\ui.c", line 620: Error:  #121: a case label may only be used within a switch
          case 17:
          ^
".\HARDWARE\SRC\ui.c", line 621: Error:  #121: a case label may only be used within a switch
          case 18:
          ^
".\HARDWARE\SRC\ui.c", line 622: Error:  #121: a case label may only be used within a switch
          case 19:
          ^
.\HARDWARE\SRC\ui.c: 1 warning, 30 errors

[2023-05-10 13:43:41]	compilation failed at : "d:\Others\VsCode\EIDE\gouwu4.17\HARDWARE\SRC\ui.c", exit code: 1
command: 
  "D:\Files\Keil\ARM\ARMCC\bin\armcc.exe" -c --apcs=interwork -IUSER -ICORE -ISTM32F10x_FWLib/inc -ISYSTEM/delay -ISYSTEM/sys -ISYSTEM/usart -IHARDWARE/INC -I.cmsis/include -IUSER/RTE/_Template -I.eide/deps -DSTM32F10X_HD -DUSE_STDPERIPH_DRIVER --cpu Cortex-M3 --li --c99 -D__MICROLIB -O0 --split_sections --diag_suppress=1 --diag_suppress=1295 -g -o .\build\Template\HARDWARE\SRC\ui.o --no_depend_system_headers --depend .\build\Template\HARDWARE\SRC\ui.d .\HARDWARE\SRC\ui.c
   at unify_builder.Program.Main(String[] args_)
---
".\HARDWARE\SRC\ui.c", line 507: Error:  #65: expected a ";"
                          for (u8 i = 0; i < 11 i++)
                                                ^
".\HARDWARE\SRC\ui.c", line 511: Error:  #65: expected a ";"
                          LunPani++ LunPan_Zhuan();
                                    ^
".\HARDWARE\SRC\ui.c", line 517: Error:  #65: expected a ";"
                          for (u8 i = 0; i < 11 i++)
                                                ^
".\HARDWARE\SRC\ui.c", line 521: Error:  #65: expected a ";"
                          LunPani++ LunPan_Zhuan();
                                    ^
".\HARDWARE\SRC\ui.c", line 527: Error:  #65: expected a ";"
                          for (u8 i = 0; i < 11 i++)
                                                ^
".\HARDWARE\SRC\ui.c", line 531: Error:  #65: expected a ";"
                          LunPani++ LunPan_Zhuan();
                                    ^
".\HARDWARE\SRC\ui.c", line 537: Error:  #65: expected a ";"
                      for (u8 i = 0; i < 11 i++)
                                            ^
".\HARDWARE\SRC\ui.c", line 541: Error:  #65: expected a ";"
                      LunPani++ LunPan_Zhuan();
                                ^
".\HARDWARE\SRC\ui.c", line 547: Error:  #65: expected a ";"
                      for (u8 i = 0; i < 11 i++)
                                            ^
".\HARDWARE\SRC\ui.c", line 551: Error:  #65: expected a ";"
                      LunPani++ LunPan_Zhuan();
                                ^
".\HARDWARE\SRC\ui.c", line 557: Error:  #65: expected a ";"
                      for (u8 i = 0; i < 11 i++)
                                            ^
".\HARDWARE\SRC\ui.c", line 561: Error:  #65: expected a ";"
                      LunPani++ LunPan_Zhuan();
                                ^
".\HARDWARE\SRC\ui.c", line 580: Error:  #65: expected a ";"
  {
  ^
".\HARDWARE\SRC\ui.c", line 604: Warning:  #12-D: parsing restarts here after previous syntax error
              LCD_16_HanZi_ASCII(6, 0, "底车");
                                            ^
".\HARDWARE\SRC\ui.c", line 605: Error:  #116: a break statement may only be used within a loop or switch
              break;
              ^
".\HARDWARE\SRC\ui.c", line 606: Error:  #121: a case label may only be used within a switch
          case 5:
          ^
".\HARDWARE\SRC\ui.c", line 607: Error:  #121: a case label may only be used within a switch
          case 6:
          ^
".\HARDWARE\SRC\ui.c", line 608: Error:  #121: a case label may only be used within a switch
          case 7:
          ^
".\HARDWARE\SRC\ui.c", line 609: Error:  #121: a case label may only be used within a switch
          case 8:
          ^
".\HARDWARE\SRC\ui.c", line 610: Error:  #121: a case label may only be used within a switch
          case 9:
          ^
".\HARDWARE\SRC\ui.c", line 611: Error:  #121: a case label may only be used within a switch
          case 10:
          ^
".\HARDWARE\SRC\ui.c", line 612: Error:  #121: a case label may only be used within a switch
          case 11:
          ^
".\HARDWARE\SRC\ui.c", line 613: Error:  #121: a case label may only be used within a switch
          case 12:
          ^
".\HARDWARE\SRC\ui.c", line 614: Error:  #121: a case label may only be used within a switch
          case 13:
          ^
".\HARDWARE\SRC\ui.c", line 616: Error:  #116: a break statement may only be used within a loop or switch
              break;
              ^
".\HARDWARE\SRC\ui.c", line 617: Error:  #121: a case label may only be used within a switch
          case 15:
          ^
".\HARDWARE\SRC\ui.c", line 619: Error:  #116: a break statement may only be used within a loop or switch
              break;
              ^
".\HARDWARE\SRC\ui.c", line 620: Error:  #121: a case label may only be used within a switch
          case 16:
          ^
".\HARDWARE\SRC\ui.c", line 621: Error:  #121: a case label may only be used within a switch
          case 17:
          ^
".\HARDWARE\SRC\ui.c", line 622: Error:  #121: a case label may only be used within a switch
          case 18:
          ^
".\HARDWARE\SRC\ui.c", line 623: Error:  #121: a case label may only be used within a switch
          case 19:
          ^
.\HARDWARE\SRC\ui.c: 1 warning, 30 errors

[2023-05-10 13:44:06]	compilation failed at : "d:\Others\VsCode\EIDE\gouwu4.17\HARDWARE\SRC\ui.c", exit code: 1
command: 
  "D:\Files\Keil\ARM\ARMCC\bin\armcc.exe" -c --apcs=interwork -IUSER -ICORE -ISTM32F10x_FWLib/inc -ISYSTEM/delay -ISYSTEM/sys -ISYSTEM/usart -IHARDWARE/INC -I.cmsis/include -IUSER/RTE/_Template -I.eide/deps -DSTM32F10X_HD -DUSE_STDPERIPH_DRIVER --cpu Cortex-M3 --li --c99 -D__MICROLIB -O0 --split_sections --diag_suppress=1 --diag_suppress=1295 -g -o .\build\Template\HARDWARE\SRC\ui.o --no_depend_system_headers --depend .\build\Template\HARDWARE\SRC\ui.d .\HARDWARE\SRC\ui.c
   at unify_builder.Program.Main(String[] args_)
---
".\HARDWARE\SRC\ui.c", line 507: Error:  #65: expected a ";"
                          for (u8 i = 0; i < 11 i++)
                                                ^
".\HARDWARE\SRC\ui.c", line 511: Error:  #65: expected a ";"
                          LunPani++ LunPan_Zhuan();
                                    ^
".\HARDWARE\SRC\ui.c", line 517: Error:  #65: expected a ";"
                          for (u8 i = 0; i < 11 i++)
                                                ^
".\HARDWARE\SRC\ui.c", line 521: Error:  #65: expected a ";"
                          LunPani++ LunPan_Zhuan();
                                    ^
".\HARDWARE\SRC\ui.c", line 527: Error:  #65: expected a ";"
                          for (u8 i = 0; i < 11 i++)
                                                ^
".\HARDWARE\SRC\ui.c", line 531: Error:  #65: expected a ";"
                          LunPani++ LunPan_Zhuan();
                                    ^
".\HARDWARE\SRC\ui.c", line 537: Error:  #65: expected a ";"
                      for (u8 i = 0; i < 11 i++)
                                            ^
".\HARDWARE\SRC\ui.c", line 541: Error:  #65: expected a ";"
                      LunPani++ LunPan_Zhuan();
                                ^
".\HARDWARE\SRC\ui.c", line 547: Error:  #65: expected a ";"
                      for (u8 i = 0; i < 11 i++)
                                            ^
".\HARDWARE\SRC\ui.c", line 551: Error:  #65: expected a ";"
                      LunPani++ LunPan_Zhuan();
                                ^
".\HARDWARE\SRC\ui.c", line 557: Error:  #65: expected a ";"
                      for (u8 i = 0; i < 11 i++)
                                            ^
".\HARDWARE\SRC\ui.c", line 561: Error:  #65: expected a ";"
                      LunPani++ LunPan_Zhuan();
                                ^
".\HARDWARE\SRC\ui.c", line 2849: Warning:  #177-D: variable "luxian" was declared but never referenced
      u8 luxian;
         ^
".\HARDWARE\SRC\ui.c", line 2850: Warning:  #177-D: variable "a" was declared but never referenced
      u8 a = 0;
         ^
".\HARDWARE\SRC\ui.c", line 3045: Warning:  #177-D: variable "luxian" was declared but never referenced
      u8 luxian;
         ^
".\HARDWARE\SRC\ui.c", line 3046: Warning:  #177-D: variable "a" was declared but never referenced
      u8 a = 0;
         ^
".\HARDWARE\SRC\ui.c", line 3234: Warning:  #177-D: variable "luxian" was declared but never referenced
      u8 luxian;
         ^
".\HARDWARE\SRC\ui.c", line 3235: Warning:  #177-D: variable "a" was declared but never referenced
      u8 a = 0;
         ^
".\HARDWARE\SRC\ui.c", line 3506: Warning:  #174-D: expression has no effect
                               (a1, 0);
                                ^
".\HARDWARE\SRC\ui.c", line 3506: Warning:  #174-D: expression has no effect
                               (a1, 0);
                               ^
".\HARDWARE\SRC\ui.c", line 3511: Warning:  #174-D: expression has no effect
                               (b1, 0);
                                ^
".\HARDWARE\SRC\ui.c", line 3511: Warning:  #174-D: expression has no effect
                               (b1, 0);
                               ^
".\HARDWARE\SRC\ui.c", line 3516: Warning:  #174-D: expression has no effect
                               (c1, 0);
                                ^
".\HARDWARE\SRC\ui.c", line 3516: Warning:  #174-D: expression has no effect
                               (c1, 0);
                               ^
".\HARDWARE\SRC\ui.c", line 3521: Warning:  #174-D: expression has no effect
                               (d1, 0);
                                ^
".\HARDWARE\SRC\ui.c", line 3521: Warning:  #174-D: expression has no effect
                               (d1, 0);
                               ^
".\HARDWARE\SRC\ui.c", line 3650: Warning:  #174-D: expression has no effect
                               (a2, 0);
                                ^
".\HARDWARE\SRC\ui.c", line 3650: Warning:  #174-D: expression has no effect
                               (a2, 0);
                               ^
".\HARDWARE\SRC\ui.c", line 3655: Warning:  #174-D: expression has no effect
                               (a2, 0);
                                ^
".\HARDWARE\SRC\ui.c", line 3655: Warning:  #174-D: expression has no effect
                               (a2, 0);
                               ^
".\HARDWARE\SRC\ui.c", line 3660: Warning:  #174-D: expression has no effect
                               (c2, 0);
                                ^
".\HARDWARE\SRC\ui.c", line 3660: Warning:  #174-D: expression has no effect
                               (c2, 0);
                               ^
".\HARDWARE\SRC\ui.c", line 3665: Warning:  #174-D: expression has no effect
                               (d2, 0);
                                ^
".\HARDWARE\SRC\ui.c", line 3665: Warning:  #174-D: expression has no effect
                               (d2, 0);
                               ^
".\HARDWARE\SRC\ui.c", line 3670: Warning:  #174-D: expression has no effect
                               (e2, 0);
                                ^
".\HARDWARE\SRC\ui.c", line 3670: Warning:  #174-D: expression has no effect
                               (e2, 0);
                               ^
.\HARDWARE\SRC\ui.c: 24 warnings, 12 errors

[2023-05-10 13:44:34]	compilation failed at : "d:\Others\VsCode\EIDE\gouwu4.17\HARDWARE\SRC\ui.c", exit code: 1
command: 
  "D:\Files\Keil\ARM\ARMCC\bin\armcc.exe" -c --apcs=interwork -IUSER -ICORE -ISTM32F10x_FWLib/inc -ISYSTEM/delay -ISYSTEM/sys -ISYSTEM/usart -IHARDWARE/INC -I.cmsis/include -IUSER/RTE/_Template -I.eide/deps -DSTM32F10X_HD -DUSE_STDPERIPH_DRIVER --cpu Cortex-M3 --li --c99 -D__MICROLIB -O0 --split_sections --diag_suppress=1 --diag_suppress=1295 -g -o .\build\Template\HARDWARE\SRC\ui.o --no_depend_system_headers --depend .\build\Template\HARDWARE\SRC\ui.d .\HARDWARE\SRC\ui.c
   at unify_builder.Program.Main(String[] args_)
---
".\HARDWARE\SRC\ui.c", line 507: Error:  #65: expected a ";"
                          for (u8 i = 0; i < 11 i++)
                                                ^
".\HARDWARE\SRC\ui.c", line 511: Error:  #65: expected a ";"
                          LunPani++ LunPan_Zhuan();
                                    ^
".\HARDWARE\SRC\ui.c", line 517: Error:  #65: expected a ";"
                          for (u8 i = 0; i < 11 i++)
                                                ^
".\HARDWARE\SRC\ui.c", line 521: Error:  #65: expected a ";"
                          LunPani++ LunPan_Zhuan();
                                    ^
".\HARDWARE\SRC\ui.c", line 527: Error:  #65: expected a ";"
                          for (u8 i = 0; i < 11 i++)
                                                ^
".\HARDWARE\SRC\ui.c", line 531: Error:  #65: expected a ";"
                          LunPani++ LunPan_Zhuan();
                                    ^
".\HARDWARE\SRC\ui.c", line 537: Error:  #65: expected a ";"
                      for (u8 i = 0; i < 11 i++)
                                            ^
".\HARDWARE\SRC\ui.c", line 541: Error:  #65: expected a ";"
                      LunPani++ LunPan_Zhuan();
                                ^
".\HARDWARE\SRC\ui.c", line 547: Error:  #65: expected a ";"
                      for (u8 i = 0; i < 11 i++)
                                            ^
".\HARDWARE\SRC\ui.c", line 551: Error:  #65: expected a ";"
                      LunPani++ LunPan_Zhuan();
                                ^
".\HARDWARE\SRC\ui.c", line 557: Error:  #65: expected a ";"
                      for (u8 i = 0; i < 11 i++)
                                            ^
".\HARDWARE\SRC\ui.c", line 561: Error:  #65: expected a ";"
                      LunPani++ LunPan_Zhuan();
                                ^
".\HARDWARE\SRC\ui.c", line 2849: Warning:  #177-D: variable "luxian" was declared but never referenced
      u8 luxian;
         ^
".\HARDWARE\SRC\ui.c", line 2850: Warning:  #177-D: variable "a" was declared but never referenced
      u8 a = 0;
         ^
".\HARDWARE\SRC\ui.c", line 3045: Warning:  #177-D: variable "luxian" was declared but never referenced
      u8 luxian;
         ^
".\HARDWARE\SRC\ui.c", line 3046: Warning:  #177-D: variable "a" was declared but never referenced
      u8 a = 0;
         ^
".\HARDWARE\SRC\ui.c", line 3234: Warning:  #177-D: variable "luxian" was declared but never referenced
      u8 luxian;
         ^
".\HARDWARE\SRC\ui.c", line 3235: Warning:  #177-D: variable "a" was declared but never referenced
      u8 a = 0;
         ^
".\HARDWARE\SRC\ui.c", line 3506: Warning:  #174-D: expression has no effect
                               (a1, 0);
                                ^
".\HARDWARE\SRC\ui.c", line 3506: Warning:  #174-D: expression has no effect
                               (a1, 0);
                               ^
".\HARDWARE\SRC\ui.c", line 3511: Warning:  #174-D: expression has no effect
                               (b1, 0);
                                ^
".\HARDWARE\SRC\ui.c", line 3511: Warning:  #174-D: expression has no effect
                               (b1, 0);
                               ^
".\HARDWARE\SRC\ui.c", line 3516: Warning:  #174-D: expression has no effect
                               (c1, 0);
                                ^
".\HARDWARE\SRC\ui.c", line 3516: Warning:  #174-D: expression has no effect
                               (c1, 0);
                               ^
".\HARDWARE\SRC\ui.c", line 3521: Warning:  #174-D: expression has no effect
                               (d1, 0);
                                ^
".\HARDWARE\SRC\ui.c", line 3521: Warning:  #174-D: expression has no effect
                               (d1, 0);
                               ^
".\HARDWARE\SRC\ui.c", line 3650: Warning:  #174-D: expression has no effect
                               (a2, 0);
                                ^
".\HARDWARE\SRC\ui.c", line 3650: Warning:  #174-D: expression has no effect
                               (a2, 0);
                               ^
".\HARDWARE\SRC\ui.c", line 3655: Warning:  #174-D: expression has no effect
                               (a2, 0);
                                ^
".\HARDWARE\SRC\ui.c", line 3655: Warning:  #174-D: expression has no effect
                               (a2, 0);
                               ^
".\HARDWARE\SRC\ui.c", line 3660: Warning:  #174-D: expression has no effect
                               (c2, 0);
                                ^
".\HARDWARE\SRC\ui.c", line 3660: Warning:  #174-D: expression has no effect
                               (c2, 0);
                               ^
".\HARDWARE\SRC\ui.c", line 3665: Warning:  #174-D: expression has no effect
                               (d2, 0);
                                ^
".\HARDWARE\SRC\ui.c", line 3665: Warning:  #174-D: expression has no effect
                               (d2, 0);
                               ^
".\HARDWARE\SRC\ui.c", line 3670: Warning:  #174-D: expression has no effect
                               (e2, 0);
                                ^
".\HARDWARE\SRC\ui.c", line 3670: Warning:  #174-D: expression has no effect
                               (e2, 0);
                               ^
.\HARDWARE\SRC\ui.c: 24 warnings, 12 errors

[2023-05-10 13:44:48]	compilation failed at : "d:\Others\VsCode\EIDE\gouwu4.17\HARDWARE\SRC\ui.c", exit code: 1
command: 
  "D:\Files\Keil\ARM\ARMCC\bin\armcc.exe" -c --apcs=interwork -IUSER -ICORE -ISTM32F10x_FWLib/inc -ISYSTEM/delay -ISYSTEM/sys -ISYSTEM/usart -IHARDWARE/INC -I.cmsis/include -IUSER/RTE/_Template -I.eide/deps -DSTM32F10X_HD -DUSE_STDPERIPH_DRIVER --cpu Cortex-M3 --li --c99 -D__MICROLIB -O0 --split_sections --diag_suppress=1 --diag_suppress=1295 -g -o .\build\Template\HARDWARE\SRC\ui.o --no_depend_system_headers --depend .\build\Template\HARDWARE\SRC\ui.d .\HARDWARE\SRC\ui.c
   at unify_builder.Program.Main(String[] args_)
---
".\HARDWARE\SRC\ui.c", line 507: Error:  #65: expected a ";"
                          for (u8 i = 0; i < 11 i++)
                                                ^
".\HARDWARE\SRC\ui.c", line 511: Error:  #65: expected a ";"
                          LunPani++ LunPan_Zhuan();
                                    ^
".\HARDWARE\SRC\ui.c", line 517: Error:  #65: expected a ";"
                          for (u8 i = 0; i < 11 i++)
                                                ^
".\HARDWARE\SRC\ui.c", line 521: Error:  #65: expected a ";"
                          LunPani++ LunPan_Zhuan();
                                    ^
".\HARDWARE\SRC\ui.c", line 527: Error:  #65: expected a ";"
                          for (u8 i = 0; i < 11 i++)
                                                ^
".\HARDWARE\SRC\ui.c", line 531: Error:  #65: expected a ";"
                          LunPani++ LunPan_Zhuan();
                                    ^
".\HARDWARE\SRC\ui.c", line 537: Error:  #65: expected a ";"
                      for (u8 i = 0; i < 11 i++)
                                            ^
".\HARDWARE\SRC\ui.c", line 541: Error:  #65: expected a ";"
                      LunPani++ LunPan_Zhuan();
                                ^
".\HARDWARE\SRC\ui.c", line 547: Error:  #65: expected a ";"
                      for (u8 i = 0; i < 11 i++)
                                            ^
".\HARDWARE\SRC\ui.c", line 551: Error:  #65: expected a ";"
                      LunPani++ LunPan_Zhuan();
                                ^
".\HARDWARE\SRC\ui.c", line 557: Error:  #65: expected a ";"
                      for (u8 i = 0; i < 11 i++)
                                            ^
".\HARDWARE\SRC\ui.c", line 561: Error:  #65: expected a ";"
                      LunPani++ LunPan_Zhuan();
                                ^
".\HARDWARE\SRC\ui.c", line 579: Error:  #169: expected a declaration
  }
  ^
".\HARDWARE\SRC\ui.c", line 606: Warning:  #12-D: parsing restarts here after previous syntax error
              LCD_16_HanZi_ASCII(6, 0, "底车");
                                            ^
".\HARDWARE\SRC\ui.c", line 607: Error:  #169: expected a declaration
              break;
              ^
".\HARDWARE\SRC\ui.c", line 608: Error:  #169: expected a declaration
          case 5:
          ^
".\HARDWARE\SRC\ui.c", line 617: Warning:  #12-D: parsing restarts here after previous syntax error
              LCD_16_HanZi_ASCII(6, 0, "设置");
                                            ^
".\HARDWARE\SRC\ui.c", line 618: Error:  #169: expected a declaration
              break;
              ^
".\HARDWARE\SRC\ui.c", line 619: Error:  #169: expected a declaration
          case 15:
          ^
".\HARDWARE\SRC\ui.c", line 621: Error:  #169: expected a declaration
              break;
              ^
".\HARDWARE\SRC\ui.c", line 622: Error:  #169: expected a declaration
          case 16:
          ^
".\HARDWARE\SRC\ui.c", line 627: Warning:  #12-D: parsing restarts here after previous syntax error
              LCD_16_HanZi_ASCII(6, 0, "路线");
                                            ^
".\HARDWARE\SRC\ui.c", line 628: Error:  #169: expected a declaration
              break;
              ^
".\HARDWARE\SRC\ui.c", line 629: Error:  #169: expected a declaration
          case 21:
          ^
".\HARDWARE\SRC\ui.c", line 632: Warning:  #12-D: parsing restarts here after previous syntax error
              LCD_16_HanZi_ASCII(6, 0, "双车");
                                            ^
".\HARDWARE\SRC\ui.c", line 633: Error:  #169: expected a declaration
              break;
              ^
".\HARDWARE\SRC\ui.c", line 634: Error:  #169: expected a declaration
          case 24:
          ^
".\HARDWARE\SRC\ui.c", line 637: Warning:  #12-D: parsing restarts here after previous syntax error
              LCD_16_HanZi_ASCII(6, 0, "开车");
                                            ^
".\HARDWARE\SRC\ui.c", line 638: Error:  #169: expected a declaration
              break;
              ^
".\HARDWARE\SRC\ui.c", line 640: Error:  #169: expected a declaration
          default:
          ^
".\HARDWARE\SRC\ui.c", line 642: Error:  #169: expected a declaration
      }
      ^
".\HARDWARE\SRC\ui.c", line 701: Warning:  #12-D: parsing restarts here after previous syntax error
              Keykey_Flag = 0;
                             ^
".\HARDWARE\SRC\ui.c", line 702: Error:  #169: expected a declaration
              break;
              ^
".\HARDWARE\SRC\ui.c", line 704: Error:  #169: expected a declaration
          }
          ^
".\HARDWARE\SRC\ui.c", line 799: Warning:  #12-D: parsing restarts here after previous syntax error
      OLED_Refresh();
                    ^
".\HARDWARE\SRC\ui.c", line 801: Error:  #169: expected a declaration
      while (1) {
      ^
".\HARDWARE\SRC\ui.c", line 837: Warning:  #12-D: parsing restarts here after previous syntax error
      OLED_Refresh();
                    ^
".\HARDWARE\SRC\ui.c", line 839: Error:  #169: expected a declaration
      while (1) {
      ^
.\HARDWARE\SRC\ui.c: 8 warnings, 30 errors

[2023-05-10 13:45:37]	compilation failed at : "d:\Others\VsCode\EIDE\gouwu4.17\HARDWARE\SRC\ui.c", exit code: 1
command: 
  "D:\Files\Keil\ARM\ARMCC\bin\armcc.exe" -c --apcs=interwork -IUSER -ICORE -ISTM32F10x_FWLib/inc -ISYSTEM/delay -ISYSTEM/sys -ISYSTEM/usart -IHARDWARE/INC -I.cmsis/include -IUSER/RTE/_Template -I.eide/deps -DSTM32F10X_HD -DUSE_STDPERIPH_DRIVER --cpu Cortex-M3 --li --c99 -D__MICROLIB -O0 --split_sections --diag_suppress=1 --diag_suppress=1295 -g -o .\build\Template\HARDWARE\SRC\ui.o --no_depend_system_headers --depend .\build\Template\HARDWARE\SRC\ui.d .\HARDWARE\SRC\ui.c
   at unify_builder.Program.Main(String[] args_)
---
".\HARDWARE\SRC\ui.c", line 507: Error:  #65: expected a ";"
                          for (u8 i = 0; i < 11 i++)
                                                ^
".\HARDWARE\SRC\ui.c", line 511: Error:  #65: expected a ";"
                          LunPani++ LunPan_Zhuan();
                                    ^
".\HARDWARE\SRC\ui.c", line 517: Error:  #65: expected a ";"
                          for (u8 i = 0; i < 11 i++)
                                                ^
".\HARDWARE\SRC\ui.c", line 521: Error:  #65: expected a ";"
                          LunPani++ LunPan_Zhuan();
                                    ^
".\HARDWARE\SRC\ui.c", line 527: Error:  #65: expected a ";"
                          for (u8 i = 0; i < 11 i++)
                                                ^
".\HARDWARE\SRC\ui.c", line 531: Error:  #65: expected a ";"
                          LunPani++ LunPan_Zhuan();
                                    ^
".\HARDWARE\SRC\ui.c", line 537: Error:  #65: expected a ";"
                      for (u8 i = 0; i < 11 i++)
                                            ^
".\HARDWARE\SRC\ui.c", line 541: Error:  #65: expected a ";"
                      LunPani++ LunPan_Zhuan();
                                ^
".\HARDWARE\SRC\ui.c", line 547: Error:  #65: expected a ";"
                      for (u8 i = 0; i < 11 i++)
                                            ^
".\HARDWARE\SRC\ui.c", line 551: Error:  #65: expected a ";"
                      LunPani++ LunPan_Zhuan();
                                ^
".\HARDWARE\SRC\ui.c", line 557: Error:  #65: expected a ";"
                      for (u8 i = 0; i < 11 i++)
                                            ^
".\HARDWARE\SRC\ui.c", line 561: Error:  #65: expected a ";"
                      LunPani++ LunPan_Zhuan();
                                ^
".\HARDWARE\SRC\ui.c", line 570: Error:  #20: identifier "i" is undefined
          if (a[i][1] == 2 && a[i][4] != 0 && a[i][3] == 255) // 啥都不做时延时
                ^
".\HARDWARE\SRC\ui.c", line 578: Error:  #169: expected a declaration
      }
      ^
".\HARDWARE\SRC\ui.c", line 606: Warning:  #12-D: parsing restarts here after previous syntax error
              LCD_16_HanZi_ASCII(6, 0, "底车");
                                            ^
".\HARDWARE\SRC\ui.c", line 607: Error:  #169: expected a declaration
              break;
              ^
".\HARDWARE\SRC\ui.c", line 608: Error:  #169: expected a declaration
          case 5:
          ^
".\HARDWARE\SRC\ui.c", line 617: Warning:  #12-D: parsing restarts here after previous syntax error
              LCD_16_HanZi_ASCII(6, 0, "设置");
                                            ^
".\HARDWARE\SRC\ui.c", line 618: Error:  #169: expected a declaration
              break;
              ^
".\HARDWARE\SRC\ui.c", line 619: Error:  #169: expected a declaration
          case 15:
          ^
".\HARDWARE\SRC\ui.c", line 621: Error:  #169: expected a declaration
              break;
              ^
".\HARDWARE\SRC\ui.c", line 622: Error:  #169: expected a declaration
          case 16:
          ^
".\HARDWARE\SRC\ui.c", line 627: Warning:  #12-D: parsing restarts here after previous syntax error
              LCD_16_HanZi_ASCII(6, 0, "路线");
                                            ^
".\HARDWARE\SRC\ui.c", line 628: Error:  #169: expected a declaration
              break;
              ^
".\HARDWARE\SRC\ui.c", line 629: Error:  #169: expected a declaration
          case 21:
          ^
".\HARDWARE\SRC\ui.c", line 632: Warning:  #12-D: parsing restarts here after previous syntax error
              LCD_16_HanZi_ASCII(6, 0, "双车");
                                            ^
".\HARDWARE\SRC\ui.c", line 633: Error:  #169: expected a declaration
              break;
              ^
".\HARDWARE\SRC\ui.c", line 634: Error:  #169: expected a declaration
          case 24:
          ^
".\HARDWARE\SRC\ui.c", line 637: Warning:  #12-D: parsing restarts here after previous syntax error
              LCD_16_HanZi_ASCII(6, 0, "开车");
                                            ^
".\HARDWARE\SRC\ui.c", line 638: Error:  #169: expected a declaration
              break;
              ^
".\HARDWARE\SRC\ui.c", line 640: Error:  #169: expected a declaration
          default:
          ^
".\HARDWARE\SRC\ui.c", line 642: Error:  #169: expected a declaration
      }
      ^
".\HARDWARE\SRC\ui.c", line 701: Warning:  #12-D: parsing restarts here after previous syntax error
              Keykey_Flag = 0;
                             ^
".\HARDWARE\SRC\ui.c", line 702: Error:  #169: expected a declaration
              break;
              ^
".\HARDWARE\SRC\ui.c", line 704: Error:  #169: expected a declaration
          }
          ^
".\HARDWARE\SRC\ui.c", line 799: Warning:  #12-D: parsing restarts here after previous syntax error
      OLED_Refresh();
                    ^
".\HARDWARE\SRC\ui.c", line 801: Error:  #169: expected a declaration
      while (1) {
      ^
.\HARDWARE\SRC\ui.c: 7 warnings, 30 errors

[2023-05-10 13:45:51]	compilation failed at : "d:\Others\VsCode\EIDE\gouwu4.17\HARDWARE\SRC\ui.c", exit code: 1
command: 
  "D:\Files\Keil\ARM\ARMCC\bin\armcc.exe" -c --apcs=interwork -IUSER -ICORE -ISTM32F10x_FWLib/inc -ISYSTEM/delay -ISYSTEM/sys -ISYSTEM/usart -IHARDWARE/INC -I.cmsis/include -IUSER/RTE/_Template -I.eide/deps -DSTM32F10X_HD -DUSE_STDPERIPH_DRIVER --cpu Cortex-M3 --li --c99 -D__MICROLIB -O0 --split_sections --diag_suppress=1 --diag_suppress=1295 -g -o .\build\Template\HARDWARE\SRC\ui.o --no_depend_system_headers --depend .\build\Template\HARDWARE\SRC\ui.d .\HARDWARE\SRC\ui.c
   at unify_builder.Program.Main(String[] args_)
---
".\HARDWARE\SRC\ui.c", line 507: Error:  #65: expected a ";"
                          for (u8 i = 0; i < 11 i++)
                                                ^
".\HARDWARE\SRC\ui.c", line 511: Error:  #65: expected a ";"
                          LunPani++ LunPan_Zhuan();
                                    ^
".\HARDWARE\SRC\ui.c", line 517: Error:  #65: expected a ";"
                          for (u8 i = 0; i < 11 i++)
                                                ^
".\HARDWARE\SRC\ui.c", line 521: Error:  #65: expected a ";"
                          LunPani++ LunPan_Zhuan();
                                    ^
".\HARDWARE\SRC\ui.c", line 527: Error:  #65: expected a ";"
                          for (u8 i = 0; i < 11 i++)
                                                ^
".\HARDWARE\SRC\ui.c", line 531: Error:  #65: expected a ";"
                          LunPani++ LunPan_Zhuan();
                                    ^
".\HARDWARE\SRC\ui.c", line 537: Error:  #65: expected a ";"
                      for (u8 i = 0; i < 11 i++)
                                            ^
".\HARDWARE\SRC\ui.c", line 541: Error:  #65: expected a ";"
                      LunPani++ LunPan_Zhuan();
                                ^
".\HARDWARE\SRC\ui.c", line 547: Error:  #65: expected a ";"
                      for (u8 i = 0; i < 11 i++)
                                            ^
".\HARDWARE\SRC\ui.c", line 551: Error:  #65: expected a ";"
                      LunPani++ LunPan_Zhuan();
                                ^
".\HARDWARE\SRC\ui.c", line 557: Error:  #65: expected a ";"
                      for (u8 i = 0; i < 11 i++)
                                            ^
".\HARDWARE\SRC\ui.c", line 561: Error:  #65: expected a ";"
                      LunPani++ LunPan_Zhuan();
                                ^
".\HARDWARE\SRC\ui.c", line 570: Error:  #20: identifier "i" is undefined
          if (a[i][1] == 2 && a[i][4] != 0 && a[i][3] == 255) // 啥都不做时延时
                ^
".\HARDWARE\SRC\ui.c", line 2850: Warning:  #177-D: variable "luxian" was declared but never referenced
      u8 luxian;
         ^
".\HARDWARE\SRC\ui.c", line 2851: Warning:  #177-D: variable "a" was declared but never referenced
      u8 a = 0;
         ^
".\HARDWARE\SRC\ui.c", line 3046: Warning:  #177-D: variable "luxian" was declared but never referenced
      u8 luxian;
         ^
".\HARDWARE\SRC\ui.c", line 3047: Warning:  #177-D: variable "a" was declared but never referenced
      u8 a = 0;
         ^
".\HARDWARE\SRC\ui.c", line 3235: Warning:  #177-D: variable "luxian" was declared but never referenced
      u8 luxian;
         ^
".\HARDWARE\SRC\ui.c", line 3236: Warning:  #177-D: variable "a" was declared but never referenced
      u8 a = 0;
         ^
".\HARDWARE\SRC\ui.c", line 3507: Warning:  #174-D: expression has no effect
                               (a1, 0);
                                ^
".\HARDWARE\SRC\ui.c", line 3507: Warning:  #174-D: expression has no effect
                               (a1, 0);
                               ^
".\HARDWARE\SRC\ui.c", line 3512: Warning:  #174-D: expression has no effect
                               (b1, 0);
                                ^
".\HARDWARE\SRC\ui.c", line 3512: Warning:  #174-D: expression has no effect
                               (b1, 0);
                               ^
".\HARDWARE\SRC\ui.c", line 3517: Warning:  #174-D: expression has no effect
                               (c1, 0);
                                ^
".\HARDWARE\SRC\ui.c", line 3517: Warning:  #174-D: expression has no effect
                               (c1, 0);
                               ^
".\HARDWARE\SRC\ui.c", line 3522: Warning:  #174-D: expression has no effect
                               (d1, 0);
                                ^
".\HARDWARE\SRC\ui.c", line 3522: Warning:  #174-D: expression has no effect
                               (d1, 0);
                               ^
".\HARDWARE\SRC\ui.c", line 3651: Warning:  #174-D: expression has no effect
                               (a2, 0);
                                ^
".\HARDWARE\SRC\ui.c", line 3651: Warning:  #174-D: expression has no effect
                               (a2, 0);
                               ^
".\HARDWARE\SRC\ui.c", line 3656: Warning:  #174-D: expression has no effect
                               (a2, 0);
                                ^
".\HARDWARE\SRC\ui.c", line 3656: Warning:  #174-D: expression has no effect
                               (a2, 0);
                               ^
".\HARDWARE\SRC\ui.c", line 3661: Warning:  #174-D: expression has no effect
                               (c2, 0);
                                ^
".\HARDWARE\SRC\ui.c", line 3661: Warning:  #174-D: expression has no effect
                               (c2, 0);
                               ^
".\HARDWARE\SRC\ui.c", line 3666: Warning:  #174-D: expression has no effect
                               (d2, 0);
                                ^
".\HARDWARE\SRC\ui.c", line 3666: Warning:  #174-D: expression has no effect
                               (d2, 0);
                               ^
".\HARDWARE\SRC\ui.c", line 3671: Warning:  #174-D: expression has no effect
                               (e2, 0);
                                ^
".\HARDWARE\SRC\ui.c", line 3671: Warning:  #174-D: expression has no effect
                               (e2, 0);
                               ^
.\HARDWARE\SRC\ui.c: 24 warnings, 13 errors

[2023-05-10 13:46:02]	compilation failed at : "d:\Others\VsCode\EIDE\gouwu4.17\HARDWARE\SRC\ui.c", exit code: 1
command: 
  "D:\Files\Keil\ARM\ARMCC\bin\armcc.exe" -c --apcs=interwork -IUSER -ICORE -ISTM32F10x_FWLib/inc -ISYSTEM/delay -ISYSTEM/sys -ISYSTEM/usart -IHARDWARE/INC -I.cmsis/include -IUSER/RTE/_Template -I.eide/deps -DSTM32F10X_HD -DUSE_STDPERIPH_DRIVER --cpu Cortex-M3 --li --c99 -D__MICROLIB -O0 --split_sections --diag_suppress=1 --diag_suppress=1295 -g -o .\build\Template\HARDWARE\SRC\ui.o --no_depend_system_headers --depend .\build\Template\HARDWARE\SRC\ui.d .\HARDWARE\SRC\ui.c
   at unify_builder.Program.Main(String[] args_)
---
".\HARDWARE\SRC\ui.c", line 507: Error:  #65: expected a ";"
                          for (u8 i = 0; i < 11 i++)
                                                ^
".\HARDWARE\SRC\ui.c", line 511: Error:  #65: expected a ";"
                          LunPani++ LunPan_Zhuan();
                                    ^
".\HARDWARE\SRC\ui.c", line 517: Error:  #65: expected a ";"
                          for (u8 i = 0; i < 11 i++)
                                                ^
".\HARDWARE\SRC\ui.c", line 521: Error:  #65: expected a ";"
                          LunPani++ LunPan_Zhuan();
                                    ^
".\HARDWARE\SRC\ui.c", line 527: Error:  #65: expected a ";"
                          for (u8 i = 0; i < 11 i++)
                                                ^
".\HARDWARE\SRC\ui.c", line 531: Error:  #65: expected a ";"
                          LunPani++ LunPan_Zhuan();
                                    ^
".\HARDWARE\SRC\ui.c", line 537: Error:  #65: expected a ";"
                      for (u8 i = 0; i < 11 i++)
                                            ^
".\HARDWARE\SRC\ui.c", line 541: Error:  #65: expected a ";"
                      LunPani++ LunPan_Zhuan();
                                ^
".\HARDWARE\SRC\ui.c", line 547: Error:  #65: expected a ";"
                      for (u8 i = 0; i < 11 i++)
                                            ^
".\HARDWARE\SRC\ui.c", line 551: Error:  #65: expected a ";"
                      LunPani++ LunPan_Zhuan();
                                ^
".\HARDWARE\SRC\ui.c", line 557: Error:  #65: expected a ";"
                      for (u8 i = 0; i < 11 i++)
                                            ^
".\HARDWARE\SRC\ui.c", line 561: Error:  #65: expected a ";"
                      LunPani++ LunPan_Zhuan();
                                ^
".\HARDWARE\SRC\ui.c", line 582: Error:  #65: expected a ";"
  {
  ^
".\HARDWARE\SRC\ui.c", line 606: Warning:  #12-D: parsing restarts here after previous syntax error
              LCD_16_HanZi_ASCII(6, 0, "底车");
                                            ^
".\HARDWARE\SRC\ui.c", line 607: Error:  #116: a break statement may only be used within a loop or switch
              break;
              ^
".\HARDWARE\SRC\ui.c", line 608: Error:  #121: a case label may only be used within a switch
          case 5:
          ^
".\HARDWARE\SRC\ui.c", line 609: Error:  #121: a case label may only be used within a switch
          case 6:
          ^
".\HARDWARE\SRC\ui.c", line 610: Error:  #121: a case label may only be used within a switch
          case 7:
          ^
".\HARDWARE\SRC\ui.c", line 611: Error:  #121: a case label may only be used within a switch
          case 8:
          ^
".\HARDWARE\SRC\ui.c", line 612: Error:  #121: a case label may only be used within a switch
          case 9:
          ^
".\HARDWARE\SRC\ui.c", line 613: Error:  #121: a case label may only be used within a switch
          case 10:
          ^
".\HARDWARE\SRC\ui.c", line 614: Error:  #121: a case label may only be used within a switch
          case 11:
          ^
".\HARDWARE\SRC\ui.c", line 615: Error:  #121: a case label may only be used within a switch
          case 12:
          ^
".\HARDWARE\SRC\ui.c", line 616: Error:  #121: a case label may only be used within a switch
          case 13:
          ^
".\HARDWARE\SRC\ui.c", line 618: Error:  #116: a break statement may only be used within a loop or switch
              break;
              ^
".\HARDWARE\SRC\ui.c", line 619: Error:  #121: a case label may only be used within a switch
          case 15:
          ^
".\HARDWARE\SRC\ui.c", line 621: Error:  #116: a break statement may only be used within a loop or switch
              break;
              ^
".\HARDWARE\SRC\ui.c", line 622: Error:  #121: a case label may only be used within a switch
          case 16:
          ^
".\HARDWARE\SRC\ui.c", line 623: Error:  #121: a case label may only be used within a switch
          case 17:
          ^
".\HARDWARE\SRC\ui.c", line 624: Error:  #121: a case label may only be used within a switch
          case 18:
          ^
".\HARDWARE\SRC\ui.c", line 625: Error:  #121: a case label may only be used within a switch
          case 19:
          ^
.\HARDWARE\SRC\ui.c: 1 warning, 30 errors

[2023-05-10 13:46:05]	compilation failed at : "d:\Others\VsCode\EIDE\gouwu4.17\HARDWARE\SRC\ui.c", exit code: 1
command: 
  "D:\Files\Keil\ARM\ARMCC\bin\armcc.exe" -c --apcs=interwork -IUSER -ICORE -ISTM32F10x_FWLib/inc -ISYSTEM/delay -ISYSTEM/sys -ISYSTEM/usart -IHARDWARE/INC -I.cmsis/include -IUSER/RTE/_Template -I.eide/deps -DSTM32F10X_HD -DUSE_STDPERIPH_DRIVER --cpu Cortex-M3 --li --c99 -D__MICROLIB -O0 --split_sections --diag_suppress=1 --diag_suppress=1295 -g -o .\build\Template\HARDWARE\SRC\ui.o --no_depend_system_headers --depend .\build\Template\HARDWARE\SRC\ui.d .\HARDWARE\SRC\ui.c
   at unify_builder.Program.Main(String[] args_)
---
".\HARDWARE\SRC\ui.c", line 507: Error:  #65: expected a ";"
                          for (u8 i = 0; i < 11 i++)
                                                ^
".\HARDWARE\SRC\ui.c", line 511: Error:  #65: expected a ";"
                          LunPani++ LunPan_Zhuan();
                                    ^
".\HARDWARE\SRC\ui.c", line 517: Error:  #65: expected a ";"
                          for (u8 i = 0; i < 11 i++)
                                                ^
".\HARDWARE\SRC\ui.c", line 521: Error:  #65: expected a ";"
                          LunPani++ LunPan_Zhuan();
                                    ^
".\HARDWARE\SRC\ui.c", line 527: Error:  #65: expected a ";"
                          for (u8 i = 0; i < 11 i++)
                                                ^
".\HARDWARE\SRC\ui.c", line 531: Error:  #65: expected a ";"
                          LunPani++ LunPan_Zhuan();
                                    ^
".\HARDWARE\SRC\ui.c", line 537: Error:  #65: expected a ";"
                      for (u8 i = 0; i < 11 i++)
                                            ^
".\HARDWARE\SRC\ui.c", line 541: Error:  #65: expected a ";"
                      LunPani++ LunPan_Zhuan();
                                ^
".\HARDWARE\SRC\ui.c", line 547: Error:  #65: expected a ";"
                      for (u8 i = 0; i < 11 i++)
                                            ^
".\HARDWARE\SRC\ui.c", line 551: Error:  #65: expected a ";"
                      LunPani++ LunPan_Zhuan();
                                ^
".\HARDWARE\SRC\ui.c", line 557: Error:  #65: expected a ";"
                      for (u8 i = 0; i < 11 i++)
                                            ^
".\HARDWARE\SRC\ui.c", line 561: Error:  #65: expected a ";"
                      LunPani++ LunPan_Zhuan();
                                ^
".\HARDWARE\SRC\ui.c", line 582: Error:  #65: expected a ";"
  {
  ^
".\HARDWARE\SRC\ui.c", line 606: Warning:  #12-D: parsing restarts here after previous syntax error
              LCD_16_HanZi_ASCII(6, 0, "底车");
                                            ^
".\HARDWARE\SRC\ui.c", line 608: Error:  #121: a case label may only be used within a switch
          case 5:
          ^
".\HARDWARE\SRC\ui.c", line 609: Error:  #121: a case label may only be used within a switch
          case 6:
          ^
".\HARDWARE\SRC\ui.c", line 610: Error:  #121: a case label may only be used within a switch
          case 7:
          ^
".\HARDWARE\SRC\ui.c", line 611: Error:  #121: a case label may only be used within a switch
          case 8:
          ^
".\HARDWARE\SRC\ui.c", line 612: Error:  #121: a case label may only be used within a switch
          case 9:
          ^
".\HARDWARE\SRC\ui.c", line 613: Error:  #121: a case label may only be used within a switch
          case 10:
          ^
".\HARDWARE\SRC\ui.c", line 614: Error:  #121: a case label may only be used within a switch
          case 11:
          ^
".\HARDWARE\SRC\ui.c", line 615: Error:  #121: a case label may only be used within a switch
          case 12:
          ^
".\HARDWARE\SRC\ui.c", line 616: Error:  #121: a case label may only be used within a switch
          case 13:
          ^
".\HARDWARE\SRC\ui.c", line 619: Error:  #121: a case label may only be used within a switch
          case 15:
          ^
".\HARDWARE\SRC\ui.c", line 622: Error:  #121: a case label may only be used within a switch
          case 16:
          ^
".\HARDWARE\SRC\ui.c", line 623: Error:  #121: a case label may only be used within a switch
          case 17:
          ^
".\HARDWARE\SRC\ui.c", line 624: Error:  #121: a case label may only be used within a switch
          case 18:
          ^
".\HARDWARE\SRC\ui.c", line 625: Error:  #121: a case label may only be used within a switch
          case 19:
          ^
".\HARDWARE\SRC\ui.c", line 626: Error:  #121: a case label may only be used within a switch
          case 20:
          ^
".\HARDWARE\SRC\ui.c", line 629: Error:  #121: a case label may only be used within a switch
          case 21:
          ^
".\HARDWARE\SRC\ui.c", line 630: Error:  #121: a case label may only be used within a switch
          case 22:
          ^
.\HARDWARE\SRC\ui.c: 1 warning, 30 errors

[2023-05-10 13:46:08]	compilation failed at : "d:\Others\VsCode\EIDE\gouwu4.17\HARDWARE\SRC\ui.c", exit code: 1
command: 
  "D:\Files\Keil\ARM\ARMCC\bin\armcc.exe" -c --apcs=interwork -IUSER -ICORE -ISTM32F10x_FWLib/inc -ISYSTEM/delay -ISYSTEM/sys -ISYSTEM/usart -IHARDWARE/INC -I.cmsis/include -IUSER/RTE/_Template -I.eide/deps -DSTM32F10X_HD -DUSE_STDPERIPH_DRIVER --cpu Cortex-M3 --li --c99 -D__MICROLIB -O0 --split_sections --diag_suppress=1 --diag_suppress=1295 -g -o .\build\Template\HARDWARE\SRC\ui.o --no_depend_system_headers --depend .\build\Template\HARDWARE\SRC\ui.d .\HARDWARE\SRC\ui.c
   at unify_builder.Program.Main(String[] args_)
---
".\HARDWARE\SRC\ui.c", line 507: Error:  #65: expected a ";"
                          for (u8 i = 0; i < 11 i++)
                                                ^
".\HARDWARE\SRC\ui.c", line 511: Error:  #65: expected a ";"
                          LunPani++ LunPan_Zhuan();
                                    ^
".\HARDWARE\SRC\ui.c", line 517: Error:  #65: expected a ";"
                          for (u8 i = 0; i < 11 i++)
                                                ^
".\HARDWARE\SRC\ui.c", line 521: Error:  #65: expected a ";"
                          LunPani++ LunPan_Zhuan();
                                    ^
".\HARDWARE\SRC\ui.c", line 527: Error:  #65: expected a ";"
                          for (u8 i = 0; i < 11 i++)
                                                ^
".\HARDWARE\SRC\ui.c", line 531: Error:  #65: expected a ";"
                          LunPani++ LunPan_Zhuan();
                                    ^
".\HARDWARE\SRC\ui.c", line 537: Error:  #65: expected a ";"
                      for (u8 i = 0; i < 11 i++)
                                            ^
".\HARDWARE\SRC\ui.c", line 541: Error:  #65: expected a ";"
                      LunPani++ LunPan_Zhuan();
                                ^
".\HARDWARE\SRC\ui.c", line 547: Error:  #65: expected a ";"
                      for (u8 i = 0; i < 11 i++)
                                            ^
".\HARDWARE\SRC\ui.c", line 551: Error:  #65: expected a ";"
                      LunPani++ LunPan_Zhuan();
                                ^
".\HARDWARE\SRC\ui.c", line 557: Error:  #65: expected a ";"
                      for (u8 i = 0; i < 11 i++)
                                            ^
".\HARDWARE\SRC\ui.c", line 561: Error:  #65: expected a ";"
                      LunPani++ LunPan_Zhuan();
                                ^
".\HARDWARE\SRC\ui.c", line 582: Error:  #65: expected a ";"
  {
  ^
".\HARDWARE\SRC\ui.c", line 606: Warning:  #12-D: parsing restarts here after previous syntax error
              LCD_16_HanZi_ASCII(6, 0, "底车");
                                            ^
".\HARDWARE\SRC\ui.c", line 608: Error:  #121: a case label may only be used within a switch
          case 5:
          ^
".\HARDWARE\SRC\ui.c", line 609: Error:  #121: a case label may only be used within a switch
          case 6:
          ^
".\HARDWARE\SRC\ui.c", line 610: Error:  #121: a case label may only be used within a switch
          case 7:
          ^
".\HARDWARE\SRC\ui.c", line 611: Error:  #121: a case label may only be used within a switch
          case 8:
          ^
".\HARDWARE\SRC\ui.c", line 612: Error:  #121: a case label may only be used within a switch
          case 9:
          ^
".\HARDWARE\SRC\ui.c", line 613: Error:  #121: a case label may only be used within a switch
          case 10:
          ^
".\HARDWARE\SRC\ui.c", line 614: Error:  #121: a case label may only be used within a switch
          case 11:
          ^
".\HARDWARE\SRC\ui.c", line 615: Error:  #121: a case label may only be used within a switch
          case 12:
          ^
".\HARDWARE\SRC\ui.c", line 616: Error:  #121: a case label may only be used within a switch
          case 13:
          ^
".\HARDWARE\SRC\ui.c", line 619: Error:  #121: a case label may only be used within a switch
          case 15:
          ^
".\HARDWARE\SRC\ui.c", line 622: Error:  #121: a case label may only be used within a switch
          case 16:
          ^
".\HARDWARE\SRC\ui.c", line 623: Error:  #121: a case label may only be used within a switch
          case 17:
          ^
".\HARDWARE\SRC\ui.c", line 624: Error:  #121: a case label may only be used within a switch
          case 18:
          ^
".\HARDWARE\SRC\ui.c", line 625: Error:  #121: a case label may only be used within a switch
          case 19:
          ^
".\HARDWARE\SRC\ui.c", line 626: Error:  #121: a case label may only be used within a switch
          case 20:
          ^
".\HARDWARE\SRC\ui.c", line 629: Error:  #121: a case label may only be used within a switch
          case 21:
          ^
".\HARDWARE\SRC\ui.c", line 630: Error:  #121: a case label may only be used within a switch
          case 22:
          ^
.\HARDWARE\SRC\ui.c: 1 warning, 30 errors

[2023-05-10 13:46:13]	compilation failed at : "d:\Others\VsCode\EIDE\gouwu4.17\HARDWARE\SRC\ui.c", exit code: 1
command: 
  "D:\Files\Keil\ARM\ARMCC\bin\armcc.exe" -c --apcs=interwork -IUSER -ICORE -ISTM32F10x_FWLib/inc -ISYSTEM/delay -ISYSTEM/sys -ISYSTEM/usart -IHARDWARE/INC -I.cmsis/include -IUSER/RTE/_Template -I.eide/deps -DSTM32F10X_HD -DUSE_STDPERIPH_DRIVER --cpu Cortex-M3 --li --c99 -D__MICROLIB -O0 --split_sections --diag_suppress=1 --diag_suppress=1295 -g -o .\build\Template\HARDWARE\SRC\ui.o --no_depend_system_headers --depend .\build\Template\HARDWARE\SRC\ui.d .\HARDWARE\SRC\ui.c
   at unify_builder.Program.Main(String[] args_)
---
".\HARDWARE\SRC\ui.c", line 507: Error:  #65: expected a ";"
                          for (u8 i = 0; i < 11 i++)
                                                ^
".\HARDWARE\SRC\ui.c", line 511: Error:  #65: expected a ";"
                          LunPani++ LunPan_Zhuan();
                                    ^
".\HARDWARE\SRC\ui.c", line 517: Error:  #65: expected a ";"
                          for (u8 i = 0; i < 11 i++)
                                                ^
".\HARDWARE\SRC\ui.c", line 521: Error:  #65: expected a ";"
                          LunPani++ LunPan_Zhuan();
                                    ^
".\HARDWARE\SRC\ui.c", line 527: Error:  #65: expected a ";"
                          for (u8 i = 0; i < 11 i++)
                                                ^
".\HARDWARE\SRC\ui.c", line 531: Error:  #65: expected a ";"
                          LunPani++ LunPan_Zhuan();
                                    ^
".\HARDWARE\SRC\ui.c", line 537: Error:  #65: expected a ";"
                      for (u8 i = 0; i < 11 i++)
                                            ^
".\HARDWARE\SRC\ui.c", line 541: Error:  #65: expected a ";"
                      LunPani++ LunPan_Zhuan();
                                ^
".\HARDWARE\SRC\ui.c", line 547: Error:  #65: expected a ";"
                      for (u8 i = 0; i < 11 i++)
                                            ^
".\HARDWARE\SRC\ui.c", line 551: Error:  #65: expected a ";"
                      LunPani++ LunPan_Zhuan();
                                ^
".\HARDWARE\SRC\ui.c", line 557: Error:  #65: expected a ";"
                      for (u8 i = 0; i < 11 i++)
                                            ^
".\HARDWARE\SRC\ui.c", line 561: Error:  #65: expected a ";"
                      LunPani++ LunPan_Zhuan();
                                ^
".\HARDWARE\SRC\ui.c", line 570: Error:  #20: identifier "i" is undefined
          if (a[i][1] == 2 && a[i][4] != 0 && a[i][3] == 255) // 啥都不做时延时
                ^
".\HARDWARE\SRC\ui.c", line 2850: Warning:  #177-D: variable "luxian" was declared but never referenced
      u8 luxian;
         ^
".\HARDWARE\SRC\ui.c", line 2851: Warning:  #177-D: variable "a" was declared but never referenced
      u8 a = 0;
         ^
".\HARDWARE\SRC\ui.c", line 3046: Warning:  #177-D: variable "luxian" was declared but never referenced
      u8 luxian;
         ^
".\HARDWARE\SRC\ui.c", line 3047: Warning:  #177-D: variable "a" was declared but never referenced
      u8 a = 0;
         ^
".\HARDWARE\SRC\ui.c", line 3235: Warning:  #177-D: variable "luxian" was declared but never referenced
      u8 luxian;
         ^
".\HARDWARE\SRC\ui.c", line 3236: Warning:  #177-D: variable "a" was declared but never referenced
      u8 a = 0;
         ^
".\HARDWARE\SRC\ui.c", line 3507: Warning:  #174-D: expression has no effect
                               (a1, 0);
                                ^
".\HARDWARE\SRC\ui.c", line 3507: Warning:  #174-D: expression has no effect
                               (a1, 0);
                               ^
".\HARDWARE\SRC\ui.c", line 3512: Warning:  #174-D: expression has no effect
                               (b1, 0);
                                ^
".\HARDWARE\SRC\ui.c", line 3512: Warning:  #174-D: expression has no effect
                               (b1, 0);
                               ^
".\HARDWARE\SRC\ui.c", line 3517: Warning:  #174-D: expression has no effect
                               (c1, 0);
                                ^
".\HARDWARE\SRC\ui.c", line 3517: Warning:  #174-D: expression has no effect
                               (c1, 0);
                               ^
".\HARDWARE\SRC\ui.c", line 3522: Warning:  #174-D: expression has no effect
                               (d1, 0);
                                ^
".\HARDWARE\SRC\ui.c", line 3522: Warning:  #174-D: expression has no effect
                               (d1, 0);
                               ^
".\HARDWARE\SRC\ui.c", line 3651: Warning:  #174-D: expression has no effect
                               (a2, 0);
                                ^
".\HARDWARE\SRC\ui.c", line 3651: Warning:  #174-D: expression has no effect
                               (a2, 0);
                               ^
".\HARDWARE\SRC\ui.c", line 3656: Warning:  #174-D: expression has no effect
                               (a2, 0);
                                ^
".\HARDWARE\SRC\ui.c", line 3656: Warning:  #174-D: expression has no effect
                               (a2, 0);
                               ^
".\HARDWARE\SRC\ui.c", line 3661: Warning:  #174-D: expression has no effect
                               (c2, 0);
                                ^
".\HARDWARE\SRC\ui.c", line 3661: Warning:  #174-D: expression has no effect
                               (c2, 0);
                               ^
".\HARDWARE\SRC\ui.c", line 3666: Warning:  #174-D: expression has no effect
                               (d2, 0);
                                ^
".\HARDWARE\SRC\ui.c", line 3666: Warning:  #174-D: expression has no effect
                               (d2, 0);
                               ^
".\HARDWARE\SRC\ui.c", line 3671: Warning:  #174-D: expression has no effect
                               (e2, 0);
                                ^
".\HARDWARE\SRC\ui.c", line 3671: Warning:  #174-D: expression has no effect
                               (e2, 0);
                               ^
.\HARDWARE\SRC\ui.c: 24 warnings, 13 errors

[2023-05-10 13:46:29]	compilation failed at : "d:\Others\VsCode\EIDE\gouwu4.17\HARDWARE\SRC\ui.c", exit code: 1
command: 
  "D:\Files\Keil\ARM\ARMCC\bin\armcc.exe" -c --apcs=interwork -IUSER -ICORE -ISTM32F10x_FWLib/inc -ISYSTEM/delay -ISYSTEM/sys -ISYSTEM/usart -IHARDWARE/INC -I.cmsis/include -IUSER/RTE/_Template -I.eide/deps -DSTM32F10X_HD -DUSE_STDPERIPH_DRIVER --cpu Cortex-M3 --li --c99 -D__MICROLIB -O0 --split_sections --diag_suppress=1 --diag_suppress=1295 -g -o .\build\Template\HARDWARE\SRC\ui.o --no_depend_system_headers --depend .\build\Template\HARDWARE\SRC\ui.d .\HARDWARE\SRC\ui.c
   at unify_builder.Program.Main(String[] args_)
---
".\HARDWARE\SRC\ui.c", line 507: Error:  #65: expected a ";"
                          for (u8 i = 0; i < 11 i++)
                                                ^
".\HARDWARE\SRC\ui.c", line 511: Error:  #65: expected a ";"
                          LunPani++ LunPan_Zhuan();
                                    ^
".\HARDWARE\SRC\ui.c", line 517: Error:  #65: expected a ";"
                          for (u8 i = 0; i < 11 i++)
                                                ^
".\HARDWARE\SRC\ui.c", line 521: Error:  #65: expected a ";"
                          LunPani++ LunPan_Zhuan();
                                    ^
".\HARDWARE\SRC\ui.c", line 527: Error:  #65: expected a ";"
                          for (u8 i = 0; i < 11 i++)
                                                ^
".\HARDWARE\SRC\ui.c", line 531: Error:  #65: expected a ";"
                          LunPani++ LunPan_Zhuan();
                                    ^
".\HARDWARE\SRC\ui.c", line 537: Error:  #65: expected a ";"
                      for (u8 i = 0; i < 11 i++)
                                            ^
".\HARDWARE\SRC\ui.c", line 541: Error:  #65: expected a ";"
                      LunPani++ LunPan_Zhuan();
                                ^
".\HARDWARE\SRC\ui.c", line 547: Error:  #65: expected a ";"
                      for (u8 i = 0; i < 11 i++)
                                            ^
".\HARDWARE\SRC\ui.c", line 551: Error:  #65: expected a ";"
                      LunPani++ LunPan_Zhuan();
                                ^
".\HARDWARE\SRC\ui.c", line 557: Error:  #65: expected a ";"
                      for (u8 i = 0; i < 11 i++)
                                            ^
".\HARDWARE\SRC\ui.c", line 561: Error:  #65: expected a ";"
                      LunPani++ LunPan_Zhuan();
                                ^
".\HARDWARE\SRC\ui.c", line 582: Error:  #65: expected a ";"
  {
  ^
".\HARDWARE\SRC\ui.c", line 606: Warning:  #12-D: parsing restarts here after previous syntax error
              LCD_16_HanZi_ASCII(6, 0, "底车");
                                            ^
".\HARDWARE\SRC\ui.c", line 607: Error:  #116: a break statement may only be used within a loop or switch
              break;
              ^
".\HARDWARE\SRC\ui.c", line 608: Error:  #121: a case label may only be used within a switch
          case 5:
          ^
".\HARDWARE\SRC\ui.c", line 609: Error:  #121: a case label may only be used within a switch
          case 6:
          ^
".\HARDWARE\SRC\ui.c", line 610: Error:  #121: a case label may only be used within a switch
          case 7:
          ^
".\HARDWARE\SRC\ui.c", line 611: Error:  #121: a case label may only be used within a switch
          case 8:
          ^
".\HARDWARE\SRC\ui.c", line 612: Error:  #121: a case label may only be used within a switch
          case 9:
          ^
".\HARDWARE\SRC\ui.c", line 613: Error:  #121: a case label may only be used within a switch
          case 10:
          ^
".\HARDWARE\SRC\ui.c", line 614: Error:  #121: a case label may only be used within a switch
          case 11:
          ^
".\HARDWARE\SRC\ui.c", line 615: Error:  #121: a case label may only be used within a switch
          case 12:
          ^
".\HARDWARE\SRC\ui.c", line 616: Error:  #121: a case label may only be used within a switch
          case 13:
          ^
".\HARDWARE\SRC\ui.c", line 618: Error:  #116: a break statement may only be used within a loop or switch
              break;
              ^
".\HARDWARE\SRC\ui.c", line 619: Error:  #121: a case label may only be used within a switch
          case 15:
          ^
".\HARDWARE\SRC\ui.c", line 621: Error:  #116: a break statement may only be used within a loop or switch
              break;
              ^
".\HARDWARE\SRC\ui.c", line 622: Error:  #121: a case label may only be used within a switch
          case 16:
          ^
".\HARDWARE\SRC\ui.c", line 623: Error:  #121: a case label may only be used within a switch
          case 17:
          ^
".\HARDWARE\SRC\ui.c", line 624: Error:  #121: a case label may only be used within a switch
          case 18:
          ^
".\HARDWARE\SRC\ui.c", line 625: Error:  #121: a case label may only be used within a switch
          case 19:
          ^
.\HARDWARE\SRC\ui.c: 1 warning, 30 errors

[2023-05-10 13:49:00]	compilation failed at : "d:\Others\VsCode\EIDE\gouwu4.17\HARDWARE\SRC\ui.c", exit code: 1
command: 
  "D:\Files\Keil\ARM\ARMCC\bin\armcc.exe" -c --apcs=interwork -IUSER -ICORE -ISTM32F10x_FWLib/inc -ISYSTEM/delay -ISYSTEM/sys -ISYSTEM/usart -IHARDWARE/INC -I.cmsis/include -IUSER/RTE/_Template -I.eide/deps -DSTM32F10X_HD -DUSE_STDPERIPH_DRIVER --cpu Cortex-M3 --li --c99 -D__MICROLIB -O0 --split_sections --diag_suppress=1 --diag_suppress=1295 -g -o .\build\Template\HARDWARE\SRC\ui.o --no_depend_system_headers --depend .\build\Template\HARDWARE\SRC\ui.d .\HARDWARE\SRC\ui.c
   at unify_builder.Program.Main(String[] args_)
---
".\HARDWARE\SRC\ui.c", line 507: Error:  #65: expected a ";"
                          for (u8 i = 0; i < 11 i++)
                                                ^
".\HARDWARE\SRC\ui.c", line 511: Error:  #65: expected a ";"
                          LunPani++ LunPan_Zhuan();
                                    ^
".\HARDWARE\SRC\ui.c", line 517: Error:  #65: expected a ";"
                          for (u8 i = 0; i < 11 i++)
                                                ^
".\HARDWARE\SRC\ui.c", line 521: Error:  #65: expected a ";"
                          LunPani++ LunPan_Zhuan();
                                    ^
".\HARDWARE\SRC\ui.c", line 527: Error:  #65: expected a ";"
                          for (u8 i = 0; i < 11 i++)
                                                ^
".\HARDWARE\SRC\ui.c", line 531: Error:  #65: expected a ";"
                          LunPani++ LunPan_Zhuan();
                                    ^
".\HARDWARE\SRC\ui.c", line 537: Error:  #65: expected a ";"
                      for (u8 i = 0; i < 11 i++)
                                            ^
".\HARDWARE\SRC\ui.c", line 541: Error:  #65: expected a ";"
                      LunPani++ LunPan_Zhuan();
                                ^
".\HARDWARE\SRC\ui.c", line 547: Error:  #65: expected a ";"
                      for (u8 i = 0; i < 11 i++)
                                            ^
".\HARDWARE\SRC\ui.c", line 551: Error:  #65: expected a ";"
                      LunPani++ LunPan_Zhuan();
                                ^
".\HARDWARE\SRC\ui.c", line 557: Error:  #65: expected a ";"
                      for (u8 i = 0; i < 11 i++)
                                            ^
".\HARDWARE\SRC\ui.c", line 561: Error:  #65: expected a ";"
                      LunPani++ LunPan_Zhuan();
                                ^
".\HARDWARE\SRC\ui.c", line 580: Error:  #65: expected a ";"
  {
  ^
".\HARDWARE\SRC\ui.c", line 604: Warning:  #12-D: parsing restarts here after previous syntax error
              LCD_16_HanZi_ASCII(6, 0, "底车");
                                            ^
".\HARDWARE\SRC\ui.c", line 605: Error:  #116: a break statement may only be used within a loop or switch
              break;
              ^
".\HARDWARE\SRC\ui.c", line 606: Error:  #121: a case label may only be used within a switch
          case 5:
          ^
".\HARDWARE\SRC\ui.c", line 607: Error:  #121: a case label may only be used within a switch
          case 6:
          ^
".\HARDWARE\SRC\ui.c", line 608: Error:  #121: a case label may only be used within a switch
          case 7:
          ^
".\HARDWARE\SRC\ui.c", line 609: Error:  #121: a case label may only be used within a switch
          case 8:
          ^
".\HARDWARE\SRC\ui.c", line 610: Error:  #121: a case label may only be used within a switch
          case 9:
          ^
".\HARDWARE\SRC\ui.c", line 611: Error:  #121: a case label may only be used within a switch
          case 10:
          ^
".\HARDWARE\SRC\ui.c", line 612: Error:  #121: a case label may only be used within a switch
          case 11:
          ^
".\HARDWARE\SRC\ui.c", line 613: Error:  #121: a case label may only be used within a switch
          case 12:
          ^
".\HARDWARE\SRC\ui.c", line 614: Error:  #121: a case label may only be used within a switch
          case 13:
          ^
".\HARDWARE\SRC\ui.c", line 616: Error:  #116: a break statement may only be used within a loop or switch
              break;
              ^
".\HARDWARE\SRC\ui.c", line 617: Error:  #121: a case label may only be used within a switch
          case 15:
          ^
".\HARDWARE\SRC\ui.c", line 619: Error:  #116: a break statement may only be used within a loop or switch
              break;
              ^
".\HARDWARE\SRC\ui.c", line 620: Error:  #121: a case label may only be used within a switch
          case 16:
          ^
".\HARDWARE\SRC\ui.c", line 621: Error:  #121: a case label may only be used within a switch
          case 17:
          ^
".\HARDWARE\SRC\ui.c", line 622: Error:  #121: a case label may only be used within a switch
          case 18:
          ^
".\HARDWARE\SRC\ui.c", line 623: Error:  #121: a case label may only be used within a switch
          case 19:
          ^
.\HARDWARE\SRC\ui.c: 1 warning, 30 errors

[2023-05-10 13:49:43]	compilation failed at : "d:\Others\VsCode\EIDE\gouwu4.17\HARDWARE\SRC\ui.c", exit code: 1
command: 
  "D:\Files\Keil\ARM\ARMCC\bin\armcc.exe" -c --apcs=interwork -IUSER -ICORE -ISTM32F10x_FWLib/inc -ISYSTEM/delay -ISYSTEM/sys -ISYSTEM/usart -IHARDWARE/INC -I.cmsis/include -IUSER/RTE/_Template -I.eide/deps -DSTM32F10X_HD -DUSE_STDPERIPH_DRIVER --cpu Cortex-M3 --li --c99 -D__MICROLIB -O0 --split_sections --diag_suppress=1 --diag_suppress=1295 -g -o .\build\Template\HARDWARE\SRC\ui.o --no_depend_system_headers --depend .\build\Template\HARDWARE\SRC\ui.d .\HARDWARE\SRC\ui.c
   at unify_builder.Program.Main(String[] args_)
---
".\HARDWARE\SRC\ui.c", line 511: Error:  #65: expected a ";"
                          LunPani++ LunPan_Zhuan();
                                    ^
".\HARDWARE\SRC\ui.c", line 521: Error:  #65: expected a ";"
                          LunPani++ LunPan_Zhuan();
                                    ^
".\HARDWARE\SRC\ui.c", line 531: Error:  #65: expected a ";"
                          LunPani++ LunPan_Zhuan();
                                    ^
".\HARDWARE\SRC\ui.c", line 541: Error:  #65: expected a ";"
                      LunPani++ LunPan_Zhuan();
                                ^
".\HARDWARE\SRC\ui.c", line 551: Error:  #65: expected a ";"
                      LunPani++ LunPan_Zhuan();
                                ^
".\HARDWARE\SRC\ui.c", line 561: Error:  #65: expected a ";"
                      LunPani++ LunPan_Zhuan();
                                ^
".\HARDWARE\SRC\ui.c", line 580: Error:  #65: expected a ";"
  {
  ^
".\HARDWARE\SRC\ui.c", line 604: Warning:  #12-D: parsing restarts here after previous syntax error
              LCD_16_HanZi_ASCII(6, 0, "底车");
                                            ^
".\HARDWARE\SRC\ui.c", line 605: Error:  #116: a break statement may only be used within a loop or switch
              break;
              ^
".\HARDWARE\SRC\ui.c", line 606: Error:  #121: a case label may only be used within a switch
          case 5:
          ^
".\HARDWARE\SRC\ui.c", line 607: Error:  #121: a case label may only be used within a switch
          case 6:
          ^
".\HARDWARE\SRC\ui.c", line 608: Error:  #121: a case label may only be used within a switch
          case 7:
          ^
".\HARDWARE\SRC\ui.c", line 609: Error:  #121: a case label may only be used within a switch
          case 8:
          ^
".\HARDWARE\SRC\ui.c", line 610: Error:  #121: a case label may only be used within a switch
          case 9:
          ^
".\HARDWARE\SRC\ui.c", line 611: Error:  #121: a case label may only be used within a switch
          case 10:
          ^
".\HARDWARE\SRC\ui.c", line 612: Error:  #121: a case label may only be used within a switch
          case 11:
          ^
".\HARDWARE\SRC\ui.c", line 613: Error:  #121: a case label may only be used within a switch
          case 12:
          ^
".\HARDWARE\SRC\ui.c", line 614: Error:  #121: a case label may only be used within a switch
          case 13:
          ^
".\HARDWARE\SRC\ui.c", line 616: Error:  #116: a break statement may only be used within a loop or switch
              break;
              ^
".\HARDWARE\SRC\ui.c", line 617: Error:  #121: a case label may only be used within a switch
          case 15:
          ^
".\HARDWARE\SRC\ui.c", line 619: Error:  #116: a break statement may only be used within a loop or switch
              break;
              ^
".\HARDWARE\SRC\ui.c", line 620: Error:  #121: a case label may only be used within a switch
          case 16:
          ^
".\HARDWARE\SRC\ui.c", line 621: Error:  #121: a case label may only be used within a switch
          case 17:
          ^
".\HARDWARE\SRC\ui.c", line 622: Error:  #121: a case label may only be used within a switch
          case 18:
          ^
".\HARDWARE\SRC\ui.c", line 623: Error:  #121: a case label may only be used within a switch
          case 19:
          ^
".\HARDWARE\SRC\ui.c", line 624: Error:  #121: a case label may only be used within a switch
          case 20:
          ^
".\HARDWARE\SRC\ui.c", line 626: Error:  #116: a break statement may only be used within a loop or switch
              break;
              ^
".\HARDWARE\SRC\ui.c", line 627: Error:  #121: a case label may only be used within a switch
          case 21:
          ^
".\HARDWARE\SRC\ui.c", line 628: Error:  #121: a case label may only be used within a switch
          case 22:
          ^
".\HARDWARE\SRC\ui.c", line 629: Error:  #121: a case label may only be used within a switch
          case 23:
          ^
".\HARDWARE\SRC\ui.c", line 631: Error:  #116: a break statement may only be used within a loop or switch
              break;
              ^
.\HARDWARE\SRC\ui.c: 1 warning, 30 errors

[2023-05-10 13:50:13]	compilation failed at : "d:\Others\VsCode\EIDE\gouwu4.17\HARDWARE\SRC\ui.c", exit code: 1
command: 
  "D:\Files\Keil\ARM\ARMCC\bin\armcc.exe" -c --apcs=interwork -IUSER -ICORE -ISTM32F10x_FWLib/inc -ISYSTEM/delay -ISYSTEM/sys -ISYSTEM/usart -IHARDWARE/INC -I.cmsis/include -IUSER/RTE/_Template -I.eide/deps -DSTM32F10X_HD -DUSE_STDPERIPH_DRIVER --cpu Cortex-M3 --li --c99 -D__MICROLIB -O0 --split_sections --diag_suppress=1 --diag_suppress=1295 -g -o .\build\Template\HARDWARE\SRC\ui.o --no_depend_system_headers --depend .\build\Template\HARDWARE\SRC\ui.d .\HARDWARE\SRC\ui.c
   at unify_builder.Program.Main(String[] args_)
---
".\HARDWARE\SRC\ui.c", line 580: Error:  #65: expected a ";"
  {
  ^
".\HARDWARE\SRC\ui.c", line 604: Warning:  #12-D: parsing restarts here after previous syntax error
              LCD_16_HanZi_ASCII(6, 0, "底车");
                                            ^
".\HARDWARE\SRC\ui.c", line 605: Error:  #116: a break statement may only be used within a loop or switch
              break;
              ^
".\HARDWARE\SRC\ui.c", line 606: Error:  #121: a case label may only be used within a switch
          case 5:
          ^
".\HARDWARE\SRC\ui.c", line 607: Error:  #121: a case label may only be used within a switch
          case 6:
          ^
".\HARDWARE\SRC\ui.c", line 608: Error:  #121: a case label may only be used within a switch
          case 7:
          ^
".\HARDWARE\SRC\ui.c", line 609: Error:  #121: a case label may only be used within a switch
          case 8:
          ^
".\HARDWARE\SRC\ui.c", line 610: Error:  #121: a case label may only be used within a switch
          case 9:
          ^
".\HARDWARE\SRC\ui.c", line 611: Error:  #121: a case label may only be used within a switch
          case 10:
          ^
".\HARDWARE\SRC\ui.c", line 612: Error:  #121: a case label may only be used within a switch
          case 11:
          ^
".\HARDWARE\SRC\ui.c", line 613: Error:  #121: a case label may only be used within a switch
          case 12:
          ^
".\HARDWARE\SRC\ui.c", line 614: Error:  #121: a case label may only be used within a switch
          case 13:
          ^
".\HARDWARE\SRC\ui.c", line 616: Error:  #116: a break statement may only be used within a loop or switch
              break;
              ^
".\HARDWARE\SRC\ui.c", line 617: Error:  #121: a case label may only be used within a switch
          case 15:
          ^
".\HARDWARE\SRC\ui.c", line 619: Error:  #116: a break statement may only be used within a loop or switch
              break;
              ^
".\HARDWARE\SRC\ui.c", line 620: Error:  #121: a case label may only be used within a switch
          case 16:
          ^
".\HARDWARE\SRC\ui.c", line 621: Error:  #121: a case label may only be used within a switch
          case 17:
          ^
".\HARDWARE\SRC\ui.c", line 622: Error:  #121: a case label may only be used within a switch
          case 18:
          ^
".\HARDWARE\SRC\ui.c", line 623: Error:  #121: a case label may only be used within a switch
          case 19:
          ^
".\HARDWARE\SRC\ui.c", line 624: Error:  #121: a case label may only be used within a switch
          case 20:
          ^
".\HARDWARE\SRC\ui.c", line 626: Error:  #116: a break statement may only be used within a loop or switch
              break;
              ^
".\HARDWARE\SRC\ui.c", line 627: Error:  #121: a case label may only be used within a switch
          case 21:
          ^
".\HARDWARE\SRC\ui.c", line 628: Error:  #121: a case label may only be used within a switch
          case 22:
          ^
".\HARDWARE\SRC\ui.c", line 629: Error:  #121: a case label may only be used within a switch
          case 23:
          ^
".\HARDWARE\SRC\ui.c", line 631: Error:  #116: a break statement may only be used within a loop or switch
              break;
              ^
".\HARDWARE\SRC\ui.c", line 632: Error:  #121: a case label may only be used within a switch
          case 24:
          ^
".\HARDWARE\SRC\ui.c", line 633: Error:  #121: a case label may only be used within a switch
          case 25:
          ^
".\HARDWARE\SRC\ui.c", line 634: Error:  #121: a case label may only be used within a switch
          case 26:
          ^
".\HARDWARE\SRC\ui.c", line 636: Error:  #116: a break statement may only be used within a loop or switch
              break;
              ^
".\HARDWARE\SRC\ui.c", line 638: Error:  #122: a default label may only be used within a switch
          default:
          ^
".\HARDWARE\SRC\ui.c", line 639: Error:  #116: a break statement may only be used within a loop or switch
              break;
              ^
.\HARDWARE\SRC\ui.c: 1 warning, 30 errors

[2023-05-10 13:50:22]	[done]
	build successfully !

[2023-05-10 13:50:57]	[done]
	build successfully !

[2023-05-10 13:54:37]	[done]
	build successfully !

[2023-05-10 16:50:56]	[done]
	build successfully !

[2023-05-10 16:52:01]	[done]
	build successfully !

[2023-05-10 17:03:18]	[done]
	build successfully !

[2023-05-10 17:03:52]	[done]
	build successfully !

[2023-05-10 17:07:19]	compilation failed at : "d:\Others\VsCode\EIDE\gouwu4.17\HARDWARE\SRC\moto.c", exit code: 1
command: 
  "D:\Files\Keil\ARM\ARMCC\bin\armcc.exe" -c --apcs=interwork -IUSER -ICORE -ISTM32F10x_FWLib/inc -ISYSTEM/delay -ISYSTEM/sys -ISYSTEM/usart -IHARDWARE/INC -I.cmsis/include -IUSER/RTE/_Template -I.eide/deps -DSTM32F10X_HD -DUSE_STDPERIPH_DRIVER --cpu Cortex-M3 --li --c99 -D__MICROLIB -O0 --split_sections --diag_suppress=1 --diag_suppress=1295 -g -o .\build\Template\HARDWARE\SRC\moto.o --no_depend_system_headers --depend .\build\Template\HARDWARE\SRC\moto.d .\HARDWARE\SRC\moto.c
   at unify_builder.Program.Main(String[] args_)
---
".\HARDWARE\SRC\moto.c", line 556: Warning:  #550-D: variable "at" was set but never used
  	u8 at = 0;		
  	   ^
".\HARDWARE\SRC\moto.c", line 774: Warning:  #940-D: missing return statement at end of non-void function "BMQ_MOVE"
  }
  ^
".\HARDWARE\SRC\moto.c", line 1026: Error:  #101: "t" has already been declared in the current scope
  	u16 t=600;
  	    ^
.\HARDWARE\SRC\moto.c: 2 warnings, 1 error

[2023-05-10 17:08:09]	[done]
	build successfully !

[2023-05-10 17:08:37]	[done]
	build successfully !

[2023-05-10 17:08:53]	[done]
	build successfully !

[2023-05-10 17:09:12]	[done]
	build successfully !

[2023-05-10 17:10:07]	[done]
	build successfully !

[2023-05-10 17:10:35]	[done]
	build successfully !

[2023-05-10 17:10:41]	[done]
	build successfully !

[2023-05-10 17:11:28]	[done]
	build successfully !

[2023-05-10 17:11:34]	[done]
	build successfully !

[2023-05-10 17:14:24]	[done]
	build successfully !

[2023-05-10 17:15:57]	[done]
	build successfully !

[2023-05-10 17:17:58]	[done]
	build successfully !

[2023-05-10 17:19:04]	[done]
	build successfully !

[2023-05-10 18:26:05]	[done]
	build successfully !

[2023-05-10 18:28:22]	compilation failed at : "d:\Others\VsCode\EIDE\gouwu4.17\HARDWARE\SRC\moto.c", exit code: 1
command: 
  "D:\Files\Keil\ARM\ARMCC\bin\armcc.exe" -c --apcs=interwork -IUSER -ICORE -ISTM32F10x_FWLib/inc -ISYSTEM/delay -ISYSTEM/sys -ISYSTEM/usart -IHARDWARE/INC -I.cmsis/include -IUSER/RTE/_Template -I.eide/deps -DSTM32F10X_HD -DUSE_STDPERIPH_DRIVER --cpu Cortex-M3 --li --c99 -D__MICROLIB -O0 --split_sections --diag_suppress=1 --diag_suppress=1295 -g -o .\build\Template\HARDWARE\SRC\moto.o --no_depend_system_headers --depend .\build\Template\HARDWARE\SRC\moto.d .\HARDWARE\SRC\moto.c
   at unify_builder.Program.Main(String[] args_)
---
".\HARDWARE\SRC\moto.c", line 556: Warning:  #550-D: variable "at" was set but never used
  	u8 at = 0;		
  	   ^
".\HARDWARE\SRC\moto.c", line 774: Warning:  #940-D: missing return statement at end of non-void function "BMQ_MOVE"
  }
  ^
".\HARDWARE\SRC\moto.c", line 1031: Error:  #165: too few arguments in function call
  		tt=St188_Scanf();
  		               ^
".\HARDWARE\SRC\moto.c", line 1043: Error:  #165: too few arguments in function call
  				tt=St188_Scanf();
  				               ^
".\HARDWARE\SRC\moto.c", line 1061: Error:  #165: too few arguments in function call
  			tt=St188_Scanf();
  			               ^
.\HARDWARE\SRC\moto.c: 2 warnings, 3 errors

[2023-05-10 18:28:38]	[done]
	build successfully !

[2023-05-10 18:30:00]	[done]
	build successfully !

[2023-05-10 18:33:22]	[done]
	build successfully !

[2023-05-10 20:18:31]	[done]
	build successfully !

[2023-05-10 20:28:38]	[done]
	build successfully !

[2023-05-10 20:41:44]	[done]
	build successfully !

[2023-05-10 20:42:48]	[done]
	build successfully !

[2023-05-10 20:55:33]	[done]
	build successfully !

[2023-05-10 20:55:36]	[done]
	build successfully !

[2023-05-10 20:58:23]	[done]
	build successfully !

[2023-05-10 21:06:39]	[done]
	build successfully !

[2023-05-10 21:08:41]	[done]
	build successfully !

[2023-05-10 21:08:46]	[done]
	build successfully !

[2023-05-10 21:11:53]	[done]
	build successfully !

[2023-05-10 21:12:57]	[done]
	build successfully !

[2023-05-10 21:13:24]	[done]
	build successfully !

[2023-05-10 21:13:42]	[done]
	build successfully !

[2023-05-10 21:14:00]	[done]
	build successfully !

[2023-05-10 21:15:28]	[done]
	build successfully !

[2023-05-10 21:18:16]	[done]
	build successfully !

[2023-05-10 21:18:36]	[done]
	build successfully !

[2023-05-10 21:21:57]	[done]
	build successfully !

[2023-05-10 21:22:44]	[done]
	build successfully !

[2023-05-10 21:23:44]	[done]
	build successfully !

[2023-05-10 21:24:28]	[done]
	build successfully !

[2023-05-10 21:25:23]	[done]
	build successfully !

[2023-05-10 21:30:01]	[done]
	build successfully !

[2023-05-10 21:31:09]	[done]
	build successfully !

[2023-05-11 21:11:26]	[done]
	build successfully !

[2023-05-11 21:18:19]	[done]
	build successfully !

[2023-05-11 21:24:10]	compilation failed at : "d:\Others\VsCode\EIDE\gouwu4.17\HARDWARE\SRC\hand.c", exit code: 1
command: 
  "D:\Files\Keil\ARM\ARMCC\bin\armcc.exe" -c --apcs=interwork -IUSER -ICORE -ISTM32F10x_FWLib/inc -ISYSTEM/delay -ISYSTEM/sys -ISYSTEM/usart -IHARDWARE/INC -I.cmsis/include -IUSER/RTE/_Template -I.eide/deps -DSTM32F10X_HD -DUSE_STDPERIPH_DRIVER --cpu Cortex-M3 --li --c99 -D__MICROLIB -O0 --split_sections --diag_suppress=1 --diag_suppress=1295 -g -o .\build\Template\HARDWARE\SRC\hand.o --no_depend_system_headers --depend .\build\Template\HARDWARE\SRC\hand.d .\HARDWARE\SRC\hand.c
   at unify_builder.Program.Main(String[] args_)
---
".\HARDWARE\SRC\hand.c", line 317: Warning:  #186-D: pointless comparison of unsigned integer with zero
          for (D_i = 5; D_i >= 0; D_i--) {
                            ^
".\HARDWARE\SRC\hand.c", line 323: Error:  #140: too many arguments in function call
                      Routecpy(1, 8, 1, 0, 255, 0);
                                                ^
.\HARDWARE\SRC\hand.c: 1 warning, 1 error

[2023-05-11 21:24:39]	[done]
	build successfully !

[2023-05-11 21:26:24]	[done]
	build successfully !

[2023-05-11 21:27:35]	[done]
	build successfully !

[2023-05-11 21:31:07]	[done]
	build successfully !

[2023-05-11 21:31:33]	[done]
	build successfully !

[2023-05-11 21:44:00]	[done]
	build successfully !

[2023-05-11 21:52:03]	[done]
	build successfully !

[2023-05-11 21:55:18]	[done]
	build successfully !

[2023-05-11 22:01:57]	[done]
	build successfully !

[2023-05-11 22:02:29]	[done]
	build successfully !

[2023-05-11 22:11:20]	[done]
	build successfully !

[2023-05-11 22:11:45]	[done]
	build successfully !

[2023-05-11 22:22:51]	[done]
	build successfully !

[2023-05-11 22:39:30]	[done]
	build successfully !

[2023-05-11 22:46:14]	[done]
	build successfully !

[2023-05-11 22:56:36]	[done]
	build successfully !

[2023-05-11 23:10:47]	[done]
	build successfully !

[2023-05-11 23:11:17]	[done]
	build successfully !

[2023-05-11 23:16:20]	[done]
	build successfully !

[2023-05-11 23:20:46]	[done]
	build successfully !

[2023-05-11 23:37:58]	[done]
	build successfully !

[2023-05-11 23:38:13]	[done]
	build successfully !

[2023-05-11 23:48:56]	compilation failed at : "d:\Others\VsCode\EIDE\gouwu4.17\HARDWARE\SRC\ui.c", exit code: 1
command: 
  "D:\Files\Keil\ARM\ARMCC\bin\armcc.exe" -c --apcs=interwork -IUSER -ICORE -ISTM32F10x_FWLib/inc -ISYSTEM/delay -ISYSTEM/sys -ISYSTEM/usart -IHARDWARE/INC -I.cmsis/include -IUSER/RTE/_Template -I.eide/deps -DSTM32F10X_HD -DUSE_STDPERIPH_DRIVER --cpu Cortex-M3 --li --c99 -D__MICROLIB -O0 --split_sections --diag_suppress=1 --diag_suppress=1295 -g -o .\build\Template\HARDWARE\SRC\ui.o --no_depend_system_headers --depend .\build\Template\HARDWARE\SRC\ui.d .\HARDWARE\SRC\ui.c
   at unify_builder.Program.Main(String[] args_)
---
".\HARDWARE\SRC\ui.c", line 272: Error:  #253: expected a ","
      {0, 0, 0, 0, 0}};
      ^
".\HARDWARE\SRC\ui.c", line 270: Error:  #29: expected an expression
      {}
       ^
".\HARDWARE\SRC\ui.c", line 2799: Warning:  #177-D: variable "luxian" was declared but never referenced
      u8 luxian;
         ^
".\HARDWARE\SRC\ui.c", line 2800: Warning:  #177-D: variable "a" was declared but never referenced
      u8 a = 0;
         ^
".\HARDWARE\SRC\ui.c", line 2995: Warning:  #177-D: variable "luxian" was declared but never referenced
      u8 luxian;
         ^
".\HARDWARE\SRC\ui.c", line 2996: Warning:  #177-D: variable "a" was declared but never referenced
      u8 a = 0;
         ^
".\HARDWARE\SRC\ui.c", line 3184: Warning:  #177-D: variable "luxian" was declared but never referenced
      u8 luxian;
         ^
".\HARDWARE\SRC\ui.c", line 3185: Warning:  #177-D: variable "a" was declared but never referenced
      u8 a = 0;
         ^
".\HARDWARE\SRC\ui.c", line 3456: Warning:  #174-D: expression has no effect
                               (a1, 0);
                                ^
".\HARDWARE\SRC\ui.c", line 3456: Warning:  #174-D: expression has no effect
                               (a1, 0);
                               ^
".\HARDWARE\SRC\ui.c", line 3461: Warning:  #174-D: expression has no effect
                               (b1, 0);
                                ^
".\HARDWARE\SRC\ui.c", line 3461: Warning:  #174-D: expression has no effect
                               (b1, 0);
                               ^
".\HARDWARE\SRC\ui.c", line 3466: Warning:  #174-D: expression has no effect
                               (c1, 0);
                                ^
".\HARDWARE\SRC\ui.c", line 3466: Warning:  #174-D: expression has no effect
                               (c1, 0);
                               ^
".\HARDWARE\SRC\ui.c", line 3471: Warning:  #174-D: expression has no effect
                               (d1, 0);
                                ^
".\HARDWARE\SRC\ui.c", line 3471: Warning:  #174-D: expression has no effect
                               (d1, 0);
                               ^
".\HARDWARE\SRC\ui.c", line 3600: Warning:  #174-D: expression has no effect
                               (a2, 0);
                                ^
".\HARDWARE\SRC\ui.c", line 3600: Warning:  #174-D: expression has no effect
                               (a2, 0);
                               ^
".\HARDWARE\SRC\ui.c", line 3605: Warning:  #174-D: expression has no effect
                               (a2, 0);
                                ^
".\HARDWARE\SRC\ui.c", line 3605: Warning:  #174-D: expression has no effect
                               (a2, 0);
                               ^
".\HARDWARE\SRC\ui.c", line 3610: Warning:  #174-D: expression has no effect
                               (c2, 0);
                                ^
".\HARDWARE\SRC\ui.c", line 3610: Warning:  #174-D: expression has no effect
                               (c2, 0);
                               ^
".\HARDWARE\SRC\ui.c", line 3615: Warning:  #174-D: expression has no effect
                               (d2, 0);
                                ^
".\HARDWARE\SRC\ui.c", line 3615: Warning:  #174-D: expression has no effect
                               (d2, 0);
                               ^
".\HARDWARE\SRC\ui.c", line 3620: Warning:  #174-D: expression has no effect
                               (e2, 0);
                                ^
".\HARDWARE\SRC\ui.c", line 3620: Warning:  #174-D: expression has no effect
                               (e2, 0);
                               ^
.\HARDWARE\SRC\ui.c: 24 warnings, 2 errors

[2023-05-12 00:00:53]	[done]
	build successfully !

[2023-05-12 00:07:16]	[done]
	build successfully !

[2023-05-12 00:12:43]	[done]
	build successfully !

[2023-05-12 00:18:25]	[done]
	build successfully !

[2023-05-12 00:22:55]	[done]
	build successfully !

[2023-05-12 00:34:36]	[done]
	build successfully !

[2023-05-12 00:38:37]	[done]
	build successfully !

[2023-05-12 01:00:43]	[done]
	build successfully !

[2023-05-12 01:31:26]	[done]
	build successfully !

[2023-05-12 01:31:30]	[done]
	build successfully !

[2023-05-12 01:52:36]	[done]
	build successfully !

[2023-05-12 01:57:08]	[done]
	build successfully !

[2023-05-12 11:56:13]	compilation failed at : "d:\Others\VsCode\EIDE\gouwu4.17\HARDWARE\SRC\ui.c", exit code: 1
command: 
  "D:\Files\Keil\ARM\ARMCC\bin\armcc.exe" -c --apcs=interwork -IUSER -ICORE -ISTM32F10x_FWLib/inc -ISYSTEM/delay -ISYSTEM/sys -ISYSTEM/usart -IHARDWARE/INC -I.cmsis/include -IUSER/RTE/_Template -I.eide/deps -DSTM32F10X_HD -DUSE_STDPERIPH_DRIVER --cpu Cortex-M3 --li --c99 -D__MICROLIB -O0 --split_sections --diag_suppress=1 --diag_suppress=1295 -g -o .\build\Template\HARDWARE\SRC\ui.o --no_depend_system_headers --depend .\build\Template\HARDWARE\SRC\ui.d .\HARDWARE\SRC\ui.c
   at unify_builder.Program.Main(String[] args_)
---
".\HARDWARE\SRC\ui.c", line 28: Error:  #144: a value of type "char [40]" cannot be used to initialize an entity of type "char [20]"
      "$DGT:66-78,1!"  // 上右抓    		                10
      ^
".\HARDWARE\SRC\ui.c", line 2776: Warning:  #177-D: variable "luxian" was declared but never referenced
      u8 luxian;
         ^
".\HARDWARE\SRC\ui.c", line 2777: Warning:  #177-D: variable "a" was declared but never referenced
      u8 a = 0;
         ^
".\HARDWARE\SRC\ui.c", line 2972: Warning:  #177-D: variable "luxian" was declared but never referenced
      u8 luxian;
         ^
".\HARDWARE\SRC\ui.c", line 2973: Warning:  #177-D: variable "a" was declared but never referenced
      u8 a = 0;
         ^
".\HARDWARE\SRC\ui.c", line 3161: Warning:  #177-D: variable "luxian" was declared but never referenced
      u8 luxian;
         ^
".\HARDWARE\SRC\ui.c", line 3162: Warning:  #177-D: variable "a" was declared but never referenced
      u8 a = 0;
         ^
".\HARDWARE\SRC\ui.c", line 3433: Warning:  #174-D: expression has no effect
                               (a1, 0);
                                ^
".\HARDWARE\SRC\ui.c", line 3433: Warning:  #174-D: expression has no effect
                               (a1, 0);
                               ^
".\HARDWARE\SRC\ui.c", line 3438: Warning:  #174-D: expression has no effect
                               (b1, 0);
                                ^
".\HARDWARE\SRC\ui.c", line 3438: Warning:  #174-D: expression has no effect
                               (b1, 0);
                               ^
".\HARDWARE\SRC\ui.c", line 3443: Warning:  #174-D: expression has no effect
                               (c1, 0);
                                ^
".\HARDWARE\SRC\ui.c", line 3443: Warning:  #174-D: expression has no effect
                               (c1, 0);
                               ^
".\HARDWARE\SRC\ui.c", line 3448: Warning:  #174-D: expression has no effect
                               (d1, 0);
                                ^
".\HARDWARE\SRC\ui.c", line 3448: Warning:  #174-D: expression has no effect
                               (d1, 0);
                               ^
".\HARDWARE\SRC\ui.c", line 3577: Warning:  #174-D: expression has no effect
                               (a2, 0);
                                ^
".\HARDWARE\SRC\ui.c", line 3577: Warning:  #174-D: expression has no effect
                               (a2, 0);
                               ^
".\HARDWARE\SRC\ui.c", line 3582: Warning:  #174-D: expression has no effect
                               (a2, 0);
                                ^
".\HARDWARE\SRC\ui.c", line 3582: Warning:  #174-D: expression has no effect
                               (a2, 0);
                               ^
".\HARDWARE\SRC\ui.c", line 3587: Warning:  #174-D: expression has no effect
                               (c2, 0);
                                ^
".\HARDWARE\SRC\ui.c", line 3587: Warning:  #174-D: expression has no effect
                               (c2, 0);
                               ^
".\HARDWARE\SRC\ui.c", line 3592: Warning:  #174-D: expression has no effect
                               (d2, 0);
                                ^
".\HARDWARE\SRC\ui.c", line 3592: Warning:  #174-D: expression has no effect
                               (d2, 0);
                               ^
".\HARDWARE\SRC\ui.c", line 3597: Warning:  #174-D: expression has no effect
                               (e2, 0);
                                ^
".\HARDWARE\SRC\ui.c", line 3597: Warning:  #174-D: expression has no effect
                               (e2, 0);
                               ^
.\HARDWARE\SRC\ui.c: 24 warnings, 1 error

[2023-05-12 11:57:09]	compilation failed at : "d:\Others\VsCode\EIDE\gouwu4.17\HARDWARE\SRC\ui.c", exit code: 1
command: 
  "D:\Files\Keil\ARM\ARMCC\bin\armcc.exe" -c --apcs=interwork -IUSER -ICORE -ISTM32F10x_FWLib/inc -ISYSTEM/delay -ISYSTEM/sys -ISYSTEM/usart -IHARDWARE/INC -I.cmsis/include -IUSER/RTE/_Template -I.eide/deps -DSTM32F10X_HD -DUSE_STDPERIPH_DRIVER --cpu Cortex-M3 --li --c99 -D__MICROLIB -O0 --split_sections --diag_suppress=1 --diag_suppress=1295 -g -o .\build\Template\HARDWARE\SRC\ui.o --no_depend_system_headers --depend .\build\Template\HARDWARE\SRC\ui.d .\HARDWARE\SRC\ui.c
   at unify_builder.Program.Main(String[] args_)
---
".\HARDWARE\SRC\ui.c", line 28: Error:  #144: a value of type "char [40]" cannot be used to initialize an entity of type "char [20]"
      "$DGT:66-78,1!"  // 上右抓    		                10
      ^
".\HARDWARE\SRC\ui.c", line 2776: Warning:  #177-D: variable "luxian" was declared but never referenced
      u8 luxian;
         ^
".\HARDWARE\SRC\ui.c", line 2777: Warning:  #177-D: variable "a" was declared but never referenced
      u8 a = 0;
         ^
".\HARDWARE\SRC\ui.c", line 2972: Warning:  #177-D: variable "luxian" was declared but never referenced
      u8 luxian;
         ^
".\HARDWARE\SRC\ui.c", line 2973: Warning:  #177-D: variable "a" was declared but never referenced
      u8 a = 0;
         ^
".\HARDWARE\SRC\ui.c", line 3161: Warning:  #177-D: variable "luxian" was declared but never referenced
      u8 luxian;
         ^
".\HARDWARE\SRC\ui.c", line 3162: Warning:  #177-D: variable "a" was declared but never referenced
      u8 a = 0;
         ^
".\HARDWARE\SRC\ui.c", line 3433: Warning:  #174-D: expression has no effect
                               (a1, 0);
                                ^
".\HARDWARE\SRC\ui.c", line 3433: Warning:  #174-D: expression has no effect
                               (a1, 0);
                               ^
".\HARDWARE\SRC\ui.c", line 3438: Warning:  #174-D: expression has no effect
                               (b1, 0);
                                ^
".\HARDWARE\SRC\ui.c", line 3438: Warning:  #174-D: expression has no effect
                               (b1, 0);
                               ^
".\HARDWARE\SRC\ui.c", line 3443: Warning:  #174-D: expression has no effect
                               (c1, 0);
                                ^
".\HARDWARE\SRC\ui.c", line 3443: Warning:  #174-D: expression has no effect
                               (c1, 0);
                               ^
".\HARDWARE\SRC\ui.c", line 3448: Warning:  #174-D: expression has no effect
                               (d1, 0);
                                ^
".\HARDWARE\SRC\ui.c", line 3448: Warning:  #174-D: expression has no effect
                               (d1, 0);
                               ^
".\HARDWARE\SRC\ui.c", line 3577: Warning:  #174-D: expression has no effect
                               (a2, 0);
                                ^
".\HARDWARE\SRC\ui.c", line 3577: Warning:  #174-D: expression has no effect
                               (a2, 0);
                               ^
".\HARDWARE\SRC\ui.c", line 3582: Warning:  #174-D: expression has no effect
                               (a2, 0);
                                ^
".\HARDWARE\SRC\ui.c", line 3582: Warning:  #174-D: expression has no effect
                               (a2, 0);
                               ^
".\HARDWARE\SRC\ui.c", line 3587: Warning:  #174-D: expression has no effect
                               (c2, 0);
                                ^
".\HARDWARE\SRC\ui.c", line 3587: Warning:  #174-D: expression has no effect
                               (c2, 0);
                               ^
".\HARDWARE\SRC\ui.c", line 3592: Warning:  #174-D: expression has no effect
                               (d2, 0);
                                ^
".\HARDWARE\SRC\ui.c", line 3592: Warning:  #174-D: expression has no effect
                               (d2, 0);
                               ^
".\HARDWARE\SRC\ui.c", line 3597: Warning:  #174-D: expression has no effect
                               (e2, 0);
                                ^
".\HARDWARE\SRC\ui.c", line 3597: Warning:  #174-D: expression has no effect
                               (e2, 0);
                               ^
.\HARDWARE\SRC\ui.c: 24 warnings, 1 error

[2023-05-12 12:32:59]	compilation failed at : "d:\Others\VsCode\EIDE\gouwu4.17\HARDWARE\SRC\ui.c", exit code: 1
command: 
  "D:\Files\Keil\ARM\ARMCC\bin\armcc.exe" -c --apcs=interwork -IUSER -ICORE -ISTM32F10x_FWLib/inc -ISYSTEM/delay -ISYSTEM/sys -ISYSTEM/usart -IHARDWARE/INC -I.cmsis/include -IUSER/RTE/_Template -I.eide/deps -DSTM32F10X_HD -DUSE_STDPERIPH_DRIVER --cpu Cortex-M3 --li --c99 -D__MICROLIB -O0 --split_sections --diag_suppress=1 --diag_suppress=1295 -g -o .\build\Template\HARDWARE\SRC\ui.o --no_depend_system_headers --depend .\build\Template\HARDWARE\SRC\ui.d .\HARDWARE\SRC\ui.c
   at unify_builder.Program.Main(String[] args_)
---
".\HARDWARE\SRC\ui.c", line 28: Error:  #144: a value of type "char [40]" cannot be used to initialize an entity of type "char [20]"
      "$DGT:66-78,1!"  // 上右抓    		                10
      ^
".\HARDWARE\SRC\ui.c", line 2776: Warning:  #177-D: variable "luxian" was declared but never referenced
      u8 luxian;
         ^
".\HARDWARE\SRC\ui.c", line 2777: Warning:  #177-D: variable "a" was declared but never referenced
      u8 a = 0;
         ^
".\HARDWARE\SRC\ui.c", line 2972: Warning:  #177-D: variable "luxian" was declared but never referenced
      u8 luxian;
         ^
".\HARDWARE\SRC\ui.c", line 2973: Warning:  #177-D: variable "a" was declared but never referenced
      u8 a = 0;
         ^
".\HARDWARE\SRC\ui.c", line 3161: Warning:  #177-D: variable "luxian" was declared but never referenced
      u8 luxian;
         ^
".\HARDWARE\SRC\ui.c", line 3162: Warning:  #177-D: variable "a" was declared but never referenced
      u8 a = 0;
         ^
".\HARDWARE\SRC\ui.c", line 3433: Warning:  #174-D: expression has no effect
                               (a1, 0);
                                ^
".\HARDWARE\SRC\ui.c", line 3433: Warning:  #174-D: expression has no effect
                               (a1, 0);
                               ^
".\HARDWARE\SRC\ui.c", line 3438: Warning:  #174-D: expression has no effect
                               (b1, 0);
                                ^
".\HARDWARE\SRC\ui.c", line 3438: Warning:  #174-D: expression has no effect
                               (b1, 0);
                               ^
".\HARDWARE\SRC\ui.c", line 3443: Warning:  #174-D: expression has no effect
                               (c1, 0);
                                ^
".\HARDWARE\SRC\ui.c", line 3443: Warning:  #174-D: expression has no effect
                               (c1, 0);
                               ^
".\HARDWARE\SRC\ui.c", line 3448: Warning:  #174-D: expression has no effect
                               (d1, 0);
                                ^
".\HARDWARE\SRC\ui.c", line 3448: Warning:  #174-D: expression has no effect
                               (d1, 0);
                               ^
".\HARDWARE\SRC\ui.c", line 3577: Warning:  #174-D: expression has no effect
                               (a2, 0);
                                ^
".\HARDWARE\SRC\ui.c", line 3577: Warning:  #174-D: expression has no effect
                               (a2, 0);
                               ^
".\HARDWARE\SRC\ui.c", line 3582: Warning:  #174-D: expression has no effect
                               (a2, 0);
                                ^
".\HARDWARE\SRC\ui.c", line 3582: Warning:  #174-D: expression has no effect
                               (a2, 0);
                               ^
".\HARDWARE\SRC\ui.c", line 3587: Warning:  #174-D: expression has no effect
                               (c2, 0);
                                ^
".\HARDWARE\SRC\ui.c", line 3587: Warning:  #174-D: expression has no effect
                               (c2, 0);
                               ^
".\HARDWARE\SRC\ui.c", line 3592: Warning:  #174-D: expression has no effect
                               (d2, 0);
                                ^
".\HARDWARE\SRC\ui.c", line 3592: Warning:  #174-D: expression has no effect
                               (d2, 0);
                               ^
".\HARDWARE\SRC\ui.c", line 3597: Warning:  #174-D: expression has no effect
                               (e2, 0);
                                ^
".\HARDWARE\SRC\ui.c", line 3597: Warning:  #174-D: expression has no effect
                               (e2, 0);
                               ^
.\HARDWARE\SRC\ui.c: 24 warnings, 1 error

[2023-05-12 12:33:14]	[done]
	build successfully !

[2023-05-12 12:36:13]	[done]
	build successfully !

[2023-05-12 12:39:54]	compilation failed at : "d:\Others\VsCode\EIDE\gouwu4.17\USER\main.c", exit code: 1
command: 
  "D:\Files\Keil\ARM\ARMCC\bin\armcc.exe" -c --apcs=interwork -IUSER -ICORE -ISTM32F10x_FWLib/inc -ISYSTEM/delay -ISYSTEM/sys -ISYSTEM/usart -IHARDWARE/INC -I.cmsis/include -IUSER/RTE/_Template -I.eide/deps -DSTM32F10X_HD -DUSE_STDPERIPH_DRIVER --cpu Cortex-M3 --li --c99 -D__MICROLIB -O0 --split_sections --diag_suppress=1 --diag_suppress=1295 -g -o .\build\Template\USER\main.o --no_depend_system_headers --depend .\build\Template\USER\main.d .\USER\main.c
   at unify_builder.Program.Main(String[] args_)
---
".\USER\main.c", line 59: Error:  #109: expression preceding parentheses of apparent call must have (pointer-to-) function type
  Flag_PingYi(5,80);
  ^
".\USER\main.c", line 23: Warning:  #177-D: variable "tx_flag" was declared but never referenced
      int tx_flag = 0;
          ^
.\USER\main.c: 1 warning, 1 error

[2023-05-12 12:40:12]	[done]
	build successfully !

[2023-05-12 12:55:58]	[done]
	build successfully !

[2023-05-12 12:58:17]	[done]
	build successfully !

[2023-05-12 12:59:24]	[done]
	build successfully !

[2023-05-12 13:01:01]	[done]
	build successfully !

[2023-05-12 13:05:34]	[done]
	build successfully !

[2023-05-12 13:05:48]	[done]
	build successfully !

[2023-05-12 13:07:46]	[done]
	build successfully !

[2023-05-12 13:08:59]	[done]
	build successfully !

[2023-05-12 14:10:49]	[done]
	build successfully !

[2023-05-12 14:29:34]	[done]
	build successfully !

[2023-05-12 14:30:07]	[done]
	build successfully !

[2023-05-12 14:38:14]	compilation failed at : "d:\Others\VsCode\EIDE\gouwu4.17\HARDWARE\SRC\hand.c", exit code: 1
command: 
  "D:\Files\Keil\ARM\ARMCC\bin\armcc.exe" -c --apcs=interwork -IUSER -ICORE -ISTM32F10x_FWLib/inc -ISYSTEM/delay -ISYSTEM/sys -ISYSTEM/usart -IHARDWARE/INC -I.cmsis/include -IUSER/RTE/_Template -I.eide/deps -DSTM32F10X_HD -DUSE_STDPERIPH_DRIVER --cpu Cortex-M3 --li --c99 -D__MICROLIB -O0 --split_sections --diag_suppress=1 --diag_suppress=1295 -g -o .\build\Template\HARDWARE\SRC\hand.o --no_depend_system_headers --depend .\build\Template\HARDWARE\SRC\hand.d .\HARDWARE\SRC\hand.c
   at unify_builder.Program.Main(String[] args_)
---
".\HARDWARE\SRC\hand.c", line 15: Error:  #147: declaration is incompatible with "u8 LuXian_DongTai[20][5]" (declared at line 8 of "HARDWARE/INC/hand.h")
  u8 LuXian_DongTai[50][5];
     ^
".\HARDWARE\SRC\hand.c", line 332: Warning:  #186-D: pointless comparison of unsigned integer with zero
          for (D_i = 5; D_i >= 0&&D_i<10; D_i--) {
                            ^
.\HARDWARE\SRC\hand.c: 1 warning, 1 error

[2023-05-12 14:38:29]	[done]
	build successfully !

[2023-05-12 14:39:04]	[done]
	build successfully !

[2023-05-12 14:39:26]	[done]
	build successfully !

[2023-05-12 14:50:30]	[done]
	build successfully !

[2023-05-12 14:50:59]	[done]
	build successfully !

[2023-05-12 14:52:37]	[done]
	build successfully !

[2023-05-12 14:53:57]	[done]
	build successfully !

[2023-05-12 14:58:31]	[done]
	build successfully !

[2023-05-12 14:59:07]	[done]
	build successfully !

[2023-05-12 15:00:10]	[done]
	build successfully !

[2023-05-12 15:00:56]	[done]
	build successfully !

[2023-05-12 15:02:32]	[done]
	build successfully !

[2023-05-12 15:03:51]	[done]
	build successfully !

[2023-05-12 15:04:00]	[done]
	build successfully !

[2023-05-12 15:04:05]	[done]
	build successfully !

[2023-05-12 15:06:00]	[done]
	build successfully !

[2023-05-12 15:07:29]	[done]
	build successfully !

[2023-05-12 15:08:25]	[done]
	build successfully !

[2023-05-12 15:10:28]	[done]
	build successfully !

[2023-05-12 15:36:40]	[done]
	build successfully !

[2023-05-12 15:39:09]	[done]
	build successfully !

[2023-05-12 15:51:37]	[done]
	build successfully !

[2023-05-12 15:53:36]	[done]
	build successfully !

[2023-05-12 15:59:27]	[done]
	build successfully !

[2023-05-12 16:00:45]	[done]
	build successfully !

[2023-05-12 16:26:36]	[done]
	build successfully !

[2023-05-12 16:26:45]	[done]
	build successfully !

[2023-05-12 16:27:29]	[done]
	build successfully !

[2023-05-12 16:32:45]	[done]
	build successfully !

[2023-05-12 16:34:30]	[done]
	build successfully !

[2023-05-12 16:36:10]	[done]
	build successfully !

[2023-05-12 16:36:37]	[done]
	build successfully !

[2023-05-12 16:38:23]	[done]
	build successfully !

[2023-05-12 16:39:08]	[done]
	build successfully !

[2023-05-12 16:39:53]	[done]
	build successfully !

[2023-05-12 17:11:59]	compilation failed at : "d:\Others\VsCode\EIDE\gouwu4.17\HARDWARE\SRC\hand.c", exit code: 1
command: 
  "D:\Files\Keil\ARM\ARMCC\bin\armcc.exe" -c --apcs=interwork -IUSER -ICORE -ISTM32F10x_FWLib/inc -ISYSTEM/delay -ISYSTEM/sys -ISYSTEM/usart -IHARDWARE/INC -I.cmsis/include -IUSER/RTE/_Template -I.eide/deps -DSTM32F10X_HD -DUSE_STDPERIPH_DRIVER --cpu Cortex-M3 --li --c99 -D__MICROLIB -O0 --split_sections --diag_suppress=1 --diag_suppress=1295 -g -o .\build\Template\HARDWARE\SRC\hand.o --no_depend_system_headers --depend .\build\Template\HARDWARE\SRC\hand.d .\HARDWARE\SRC\hand.c
   at unify_builder.Program.Main(String[] args_)
---
".\HARDWARE\SRC\hand.c", line 244: Warning:  #186-D: pointless comparison of unsigned integer with zero
              for (u8 i = 5; i >=0&&i<10 ; i--)
                               ^
".\HARDWARE\SRC\hand.c", line 255: Error:  #29: expected an expression
                         Routecpy(0, 0, , 255, 0);
                                        ^
".\HARDWARE\SRC\hand.c", line 350: Warning:  #186-D: pointless comparison of unsigned integer with zero
          for (D_i = 5; D_i >= 0&&D_i<10; D_i--) {
                            ^
.\HARDWARE\SRC\hand.c: 2 warnings, 1 error

[2023-05-12 17:12:10]	[done]
	build successfully !

[2023-05-13 13:07:01]	compilation failed at : "d:\Others\VsCode\EIDE\gouwu4.17\HARDWARE\SRC\hand.c", exit code: 1
command: 
  "D:\Files\Keil\ARM\ARMCC\bin\armcc.exe" -c --apcs=interwork -IUSER -ICORE -ISTM32F10x_FWLib/inc -ISYSTEM/delay -ISYSTEM/sys -ISYSTEM/usart -IHARDWARE/INC -I.cmsis/include -IUSER/RTE/_Template -I.eide/deps -DSTM32F10X_HD -DUSE_STDPERIPH_DRIVER --cpu Cortex-M3 --li --c99 -D__MICROLIB -O0 --split_sections --diag_suppress=1 --diag_suppress=1295 -g -o .\build\Template\HARDWARE\SRC\hand.o --no_depend_system_headers --depend .\build\Template\HARDWARE\SRC\hand.d .\HARDWARE\SRC\hand.c
   at unify_builder.Program.compileByMulThread(Int32 thrNum, CmdInfo[] cmds_, List`1 errLogs)
   at unify_builder.Program.Main(String[] args_)
---
".\HARDWARE\SRC\hand.c", line 198: Error:  #7: unrecognized token
                  Routecpy(0, 6, 0, 255, 10); ・
                                              ^
".\HARDWARE\SRC\hand.c", line 198: Error:  #29: expected an expression
                  Routecpy(0, 6, 0, 255, 10); ・
                                              ^
".\HARDWARE\SRC\hand.c", line 244: Warning:  #186-D: pointless comparison of unsigned integer with zero
              for (u8 i = 5; i >=0&&i<10 ; i--)
                               ^
".\HARDWARE\SRC\hand.c", line 350: Warning:  #186-D: pointless comparison of unsigned integer with zero
          for (D_i = 5; D_i >= 0&&D_i<10; D_i--) {
                            ^
.\HARDWARE\SRC\hand.c: 2 warnings, 2 errors

[2023-05-13 13:07:20]	link failed !, exit code: 1
   at unify_builder.Program.Main(String[] args_)
---
Error: L6218E: Undefined symbol Flag_XiuZheng (referred from moto.o).
Not enough information to list image symbols.
Finished: 1 information, 0 warning and 1 error messages.


[2023-05-13 13:09:31]	[done]
	build successfully !

[2023-05-13 13:12:28]	[done]
	build successfully !

[2023-05-13 15:05:31]	[done]
	build successfully !

[2023-05-13 15:06:01]	[done]
	build successfully !

[2023-05-13 15:06:13]	[done]
	build successfully !

[2023-05-13 15:08:38]	[done]
	build successfully !

[2023-05-13 15:09:29]	[done]
	build successfully !

[2023-05-13 15:10:46]	[done]
	build successfully !

[2023-05-13 15:11:39]	[done]
	build successfully !

[2023-05-13 15:14:42]	[done]
	build successfully !

[2023-05-13 15:22:15]	compilation failed at : "d:\Others\VsCode\EIDE\gouwu4.17\HARDWARE\SRC\hand.c", exit code: 1
command: 
  "D:\Files\Keil\ARM\ARMCC\bin\armcc.exe" -c --apcs=interwork -IUSER -ICORE -ISTM32F10x_FWLib/inc -ISYSTEM/delay -ISYSTEM/sys -ISYSTEM/usart -IHARDWARE/INC -I.cmsis/include -IUSER/RTE/_Template -I.eide/deps -DSTM32F10X_HD -DUSE_STDPERIPH_DRIVER --cpu Cortex-M3 --li --c99 -D__MICROLIB -O0 --split_sections --diag_suppress=1 --diag_suppress=1295 -g -o .\build\Template\HARDWARE\SRC\hand.o --no_depend_system_headers --depend .\build\Template\HARDWARE\SRC\hand.d .\HARDWARE\SRC\hand.c
   at unify_builder.Program.Main(String[] args_)
---
".\HARDWARE\SRC\hand.c", line 244: Warning:  #186-D: pointless comparison of unsigned integer with zero
              for (u8 i = 5; i >= 0 && i < 10; i--) {
                               ^
".\HARDWARE\SRC\hand.c", line 275: Error:  #169: expected a declaration
      if (Flag_HuoJia == 'C') {
      ^
".\HARDWARE\SRC\hand.c", line 296: Warning:  #12-D: parsing restarts here after previous syntax error
                                  break;
                                       ^
".\HARDWARE\SRC\hand.c", line 297: Error:  #169: expected a declaration
                              }
                              ^
".\HARDWARE\SRC\hand.c", line 300: Error:  #79: expected a type specifier
                          delay_ms(500);
                                   ^
".\HARDWARE\SRC\hand.c", line 300: Error:  #260-D: explicit type is missing ("int" assumed)
                          delay_ms(500);
                          ^
".\HARDWARE\SRC\hand.c", line 300: Error:  #147: declaration is incompatible with "void delay_ms(u16)" (declared at line 7 of "SYSTEM/delay/delay.h")
                          delay_ms(500);
                          ^
".\HARDWARE\SRC\hand.c", line 301: Error:  #79: expected a type specifier
                          delay_ms(500);
                                   ^
".\HARDWARE\SRC\hand.c", line 301: Error:  #260-D: explicit type is missing ("int" assumed)
                          delay_ms(500);
                          ^
".\HARDWARE\SRC\hand.c", line 302: Error:  #79: expected a type specifier
                          delay_ms(500);
                                   ^
".\HARDWARE\SRC\hand.c", line 302: Error:  #260-D: explicit type is missing ("int" assumed)
                          delay_ms(500);
                          ^
".\HARDWARE\SRC\hand.c", line 303: Error:  #79: expected a type specifier
                          Printf(USART2, "%s", zhiling[2]);
                                 ^
".\HARDWARE\SRC\hand.c", line 303: Error:  #79: expected a type specifier
                          Printf(USART2, "%s", zhiling[2]);
                                         ^
".\HARDWARE\SRC\hand.c", line 303: Error:  #757: variable "zhiling" is not a type name
                          Printf(USART2, "%s", zhiling[2]);
                                               ^
".\HARDWARE\SRC\hand.c", line 303: Error:  #260-D: explicit type is missing ("int" assumed)
                          Printf(USART2, "%s", zhiling[2]);
                          ^
".\HARDWARE\SRC\hand.c", line 303: Error:  #147: declaration is incompatible with "void Printf(USART_TypeDef *, char *, ...)" (declared at line 36 of "SYSTEM/usart/usart.h")
                          Printf(USART2, "%s", zhiling[2]);
                          ^
".\HARDWARE\SRC\hand.c", line 304: Error:  #169: expected a declaration
                      }
                      ^
".\HARDWARE\SRC\hand.c", line 327: Warning:  #12-D: parsing restarts here after previous syntax error
                  break;
                       ^
".\HARDWARE\SRC\hand.c", line 328: Error:  #169: expected a declaration
              }
              ^
".\HARDWARE\SRC\hand.c", line 352: Warning:  #12-D: parsing restarts here after previous syntax error
                      Routecpy(0, 0, 0, 0, 0);
                                             ^
".\HARDWARE\SRC\hand.c", line 353: Error:  #40: expected an identifier
                      change_DongTai(LuXian_DongTai,10);
                                                    ^
".\HARDWARE\SRC\hand.c", line 353: Error:  #260-D: explicit type is missing ("int" assumed)
                      change_DongTai(LuXian_DongTai,10);
                      ^
".\HARDWARE\SRC\hand.c", line 353: Error:  #92: identifier-list parameters may only be used in a function definition
                      change_DongTai(LuXian_DongTai,10);
                      ^
".\HARDWARE\SRC\hand.c", line 353: Error:  #147: declaration is incompatible with "void change_DongTai(unsigned char (*)[5], unsigned char)" (declared at line 74 of "HARDWARE/INC/ui.h")
                      change_DongTai(LuXian_DongTai,10);
                      ^
".\HARDWARE\SRC\hand.c", line 354: Error:  #77-D: this declaration has no storage class or type specifier
                      LuXian_DongTaii=0;
                      ^
".\HARDWARE\SRC\hand.c", line 354: Error:  #147: declaration is incompatible with "u8 LuXian_DongTaii" (declared at line 16)
                      LuXian_DongTaii=0;
                      ^
".\HARDWARE\SRC\hand.c", line 356: Error:  #169: expected a declaration
      }
      ^
".\HARDWARE\SRC\hand.c", line 380: Warning:  #12-D: parsing restarts here after previous syntax error
                      if (LunPani == 6) LunPani = 0;
                                                   ^
".\HARDWARE\SRC\hand.c", line 381: Error:  #260-D: explicit type is missing ("int" assumed)
                      LunPan_Zhuan();
                      ^
".\HARDWARE\SRC\hand.c", line 381: Error:  #147: declaration is incompatible with "void LunPan_Zhuan()" (declared at line 126)
                      LunPan_Zhuan();
                      ^
".\HARDWARE\SRC\hand.c", line 382: Error:  #169: expected a declaration
                  }
                  ^
".\HARDWARE\SRC\hand.c", line 394: Warning:  #12-D: parsing restarts here after previous syntax error
                  USART3_RX_STA = 0;
                                   ^
".\HARDWARE\SRC\hand.c", line 395: Error:  #169: expected a declaration
                  break;
                  ^
".\HARDWARE\SRC\hand.c", line 396: Error:  #169: expected a declaration
              }
              ^
".\HARDWARE\SRC\hand.c", line 451: Warning:  #12-D: parsing restarts here after previous syntax error
                  USART3_RX_STA = 0;
                                   ^
".\HARDWARE\SRC\hand.c", line 452: Error:  #169: expected a declaration
                  break;
                  ^
".\HARDWARE\SRC\hand.c", line 453: Error:  #169: expected a declaration
              }
              ^
.\HARDWARE\SRC\hand.c: 7 warnings, 30 errors

[2023-05-13 15:25:09]	compilation failed at : "d:\Others\VsCode\EIDE\gouwu4.17\HARDWARE\SRC\hand.c", exit code: 1
command: 
  "D:\Files\Keil\ARM\ARMCC\bin\armcc.exe" -c --apcs=interwork -IUSER -ICORE -ISTM32F10x_FWLib/inc -ISYSTEM/delay -ISYSTEM/sys -ISYSTEM/usart -IHARDWARE/INC -I.cmsis/include -IUSER/RTE/_Template -I.eide/deps -DSTM32F10X_HD -DUSE_STDPERIPH_DRIVER --cpu Cortex-M3 --li --c99 -D__MICROLIB -O0 --split_sections --diag_suppress=1 --diag_suppress=1295 -g -o .\build\Template\HARDWARE\SRC\hand.o --no_depend_system_headers --depend .\build\Template\HARDWARE\SRC\hand.d .\HARDWARE\SRC\hand.c
   at unify_builder.Program.Main(String[] args_)
---
".\HARDWARE\SRC\hand.c", line 244: Warning:  #186-D: pointless comparison of unsigned integer with zero
              for (u8 i = 5; i >= 0 && i < 10; i--) {
                               ^
".\HARDWARE\SRC\hand.c", line 263: Warning:  #186-D: pointless comparison of unsigned integer with zero
              for (u8 i = 5; i >= 0 && i < 10; i--) {
                               ^
".\HARDWARE\SRC\hand.c", line 336: Warning:  #186-D: pointless comparison of unsigned integer with zero
          for (D_i = 5; D_i >= 0&&D_i<10; D_i--) {
                            ^
".\HARDWARE\SRC\hand.c", line 674: Error: At end of source:  #67: expected a "}"
.\HARDWARE\SRC\hand.c: 3 warnings, 1 error

[2023-05-13 15:25:24]	[done]
	build successfully !

[2023-05-13 15:25:42]	[done]
	build successfully !

[2023-05-13 15:26:55]	[done]
	build successfully !

[2023-05-13 15:41:48]	[done]
	build successfully !

[2023-05-13 15:43:43]	[done]
	build successfully !

[2023-05-13 15:48:07]	[done]
	build successfully !

[2023-05-13 15:48:21]	[done]
	build successfully !

[2023-05-13 16:14:03]	[done]
	build successfully !

[2023-05-13 16:19:46]	[done]
	build successfully !

[2023-05-13 16:21:53]	[done]
	build successfully !

[2023-05-13 16:22:06]	[done]
	build successfully !

[2023-05-13 16:32:47]	[done]
	build successfully !

[2023-05-13 16:37:00]	[done]
	build successfully !

[2023-05-13 16:42:46]	compilation failed at : "d:\Others\VsCode\EIDE\gouwu4.17\HARDWARE\SRC\hand.c", exit code: 1
command: 
  "D:\Files\Keil\ARM\ARMCC\bin\armcc.exe" -c --apcs=interwork -IUSER -ICORE -ISTM32F10x_FWLib/inc -ISYSTEM/delay -ISYSTEM/sys -ISYSTEM/usart -IHARDWARE/INC -I.cmsis/include -IUSER/RTE/_Template -I.eide/deps -DSTM32F10X_HD -DUSE_STDPERIPH_DRIVER --cpu Cortex-M3 --li --c99 -D__MICROLIB -O0 --split_sections --diag_suppress=1 --diag_suppress=1295 -g -o .\build\Template\HARDWARE\SRC\hand.o --no_depend_system_headers --depend .\build\Template\HARDWARE\SRC\hand.d .\HARDWARE\SRC\hand.c
   at unify_builder.Program.Main(String[] args_)
---
".\HARDWARE\SRC\hand.c", line 244: Warning:  #186-D: pointless comparison of unsigned integer with zero
              for (u8 i = 5; i >= 0 && i < 10; i--) {
                               ^
".\HARDWARE\SRC\hand.c", line 266: Error:  #65: expected a ";"
                  if (Tui[0][i] != 'o') {
                  ^
".\HARDWARE\SRC\hand.c", line 273: Warning:  #12-D: parsing restarts here after previous syntax error
              }
              ^
".\HARDWARE\SRC\hand.c", line 339: Warning:  #186-D: pointless comparison of unsigned integer with zero
          for (D_i = 5; D_i >= 0 && D_i < 10; D_i--) {
                            ^
.\HARDWARE\SRC\hand.c: 3 warnings, 1 error

[2023-05-13 16:42:52]	[done]
	build successfully !

[2023-05-13 16:45:33]	[done]
	build successfully !

[2023-05-13 16:46:54]	[done]
	build successfully !

[2023-05-13 16:51:41]	[done]
	build successfully !

[2023-05-13 16:51:57]	[done]
	build successfully !

[2023-05-13 16:57:22]	[done]
	build successfully !

[2023-05-13 16:58:04]	[done]
	build successfully !

[2023-05-13 17:00:31]	[done]
	build successfully !

[2023-05-13 17:00:41]	[done]
	build successfully !

[2023-05-13 17:06:47]	[done]
	build successfully !

[2023-05-13 17:08:15]	[done]
	build successfully !

[2023-05-13 17:14:54]	[done]
	build successfully !

[2023-05-13 17:15:51]	compilation failed at : "d:\Others\VsCode\EIDE\gouwu4.17\HARDWARE\SRC\exti.c", exit code: 1
command: 
  "D:\Files\Keil\ARM\ARMCC\bin\armcc.exe" -c --apcs=interwork -IUSER -ICORE -ISTM32F10x_FWLib/inc -ISYSTEM/delay -ISYSTEM/sys -ISYSTEM/usart -IHARDWARE/INC -I.cmsis/include -IUSER/RTE/_Template -I.eide/deps -DSTM32F10X_HD -DUSE_STDPERIPH_DRIVER --cpu Cortex-M3 --li --c99 -D__MICROLIB -O0 --split_sections --diag_suppress=1 --diag_suppress=1295 -g -o .\build\Template\HARDWARE\SRC\exti.o --no_depend_system_headers --depend .\build\Template\HARDWARE\SRC\exti.d .\HARDWARE\SRC\exti.c
   at unify_builder.Program.Main(String[] args_)
---
"HARDWARE/INC/oled2.h", line 80: Error:  #130: expected a "{"
  extern char OLED2_BUF[100];
  ^
".\HARDWARE\SRC\exti.c", line 8: Warning:  #12-D: parsing restarts here after previous syntax error
  char cunchu[4]={0,0,0,0};
                 ^
".\HARDWARE\SRC\exti.c", line 8: Warning:  #174-D: expression has no effect
  char cunchu[4]={0,0,0,0};
                  ^
".\HARDWARE\SRC\exti.c", line 8: Warning:  #174-D: expression has no effect
  char cunchu[4]={0,0,0,0};
                  ^
".\HARDWARE\SRC\exti.c", line 8: Warning:  #174-D: expression has no effect
  char cunchu[4]={0,0,0,0};
                  ^
".\HARDWARE\SRC\exti.c", line 8: Warning:  #174-D: expression has no effect
  char cunchu[4]={0,0,0,0};
                  ^
".\HARDWARE\SRC\exti.c", line 8: Error:  #65: expected a ";"
  char cunchu[4]={0,0,0,0};
                         ^
".\HARDWARE\SRC\exti.c", line 62: Warning:  #186-D: pointless comparison of unsigned integer with zero
  		if(z_cha<0)
  		        ^
".\HARDWARE\SRC\exti.c", line 65: Warning:  #186-D: pointless comparison of unsigned integer with zero
  		if(y_cha<0)
  		        ^
".\HARDWARE\SRC\exti.c", line 68: Warning:  #186-D: pointless comparison of unsigned integer with zero
  		if(q_cha<0)
  		        ^
".\HARDWARE\SRC\exti.c", line 71: Warning:  #186-D: pointless comparison of unsigned integer with zero
  		if(h_cha<0)
  		        ^
.\HARDWARE\SRC\exti.c: 9 warnings, 2 errors

[2023-05-13 17:15:56]	compilation failed at : "d:\Others\VsCode\EIDE\gouwu4.17\HARDWARE\SRC\exti.c", exit code: 1
command: 
  "D:\Files\Keil\ARM\ARMCC\bin\armcc.exe" -c --apcs=interwork -IUSER -ICORE -ISTM32F10x_FWLib/inc -ISYSTEM/delay -ISYSTEM/sys -ISYSTEM/usart -IHARDWARE/INC -I.cmsis/include -IUSER/RTE/_Template -I.eide/deps -DSTM32F10X_HD -DUSE_STDPERIPH_DRIVER --cpu Cortex-M3 --li --c99 -D__MICROLIB -O0 --split_sections --diag_suppress=1 --diag_suppress=1295 -g -o .\build\Template\HARDWARE\SRC\exti.o --no_depend_system_headers --depend .\build\Template\HARDWARE\SRC\exti.d .\HARDWARE\SRC\exti.c
   at unify_builder.Program.Main(String[] args_)
---
"HARDWARE/INC/hand.h", line 53: Error:  #7: unrecognized token
  void B_Tui(u8 HuoJia_i)；
                         ^
"HARDWARE/INC/hand.h", line 53: Error:  #130: expected a "{"
  void B_Tui(u8 HuoJia_i)；
                         ^
".\HARDWARE\SRC\exti.c", line 8: Warning:  #12-D: parsing restarts here after previous syntax error
  char cunchu[4]={0,0,0,0};
                 ^
".\HARDWARE\SRC\exti.c", line 8: Warning:  #174-D: expression has no effect
  char cunchu[4]={0,0,0,0};
                  ^
".\HARDWARE\SRC\exti.c", line 8: Warning:  #174-D: expression has no effect
  char cunchu[4]={0,0,0,0};
                  ^
".\HARDWARE\SRC\exti.c", line 8: Warning:  #174-D: expression has no effect
  char cunchu[4]={0,0,0,0};
                  ^
".\HARDWARE\SRC\exti.c", line 8: Warning:  #174-D: expression has no effect
  char cunchu[4]={0,0,0,0};
                  ^
".\HARDWARE\SRC\exti.c", line 8: Error:  #65: expected a ";"
  char cunchu[4]={0,0,0,0};
                         ^
".\HARDWARE\SRC\exti.c", line 62: Warning:  #186-D: pointless comparison of unsigned integer with zero
  		if(z_cha<0)
  		        ^
".\HARDWARE\SRC\exti.c", line 65: Warning:  #186-D: pointless comparison of unsigned integer with zero
  		if(y_cha<0)
  		        ^
".\HARDWARE\SRC\exti.c", line 68: Warning:  #186-D: pointless comparison of unsigned integer with zero
  		if(q_cha<0)
  		        ^
".\HARDWARE\SRC\exti.c", line 71: Warning:  #186-D: pointless comparison of unsigned integer with zero
  		if(h_cha<0)
  		        ^
.\HARDWARE\SRC\exti.c: 9 warnings, 3 errors

[2023-05-13 17:16:03]	[done]
	build successfully !

[2023-05-13 17:16:40]	[done]
	build successfully !

[2023-05-13 17:24:09]	[done]
	build successfully !

[2023-05-13 17:25:21]	[done]
	build successfully !

[2023-05-13 17:42:59]	[done]
	build successfully !

[2023-05-13 17:55:52]	[done]
	build successfully !

[2023-05-13 17:57:44]	[done]
	build successfully !

[2023-05-13 18:49:50]	[done]
	build successfully !

[2023-05-13 22:51:41]	link failed !, exit code: 1
   at unify_builder.Program.Main(String[] args_)
---
Error: L6200E: Symbol C_S multiply defined (by hand.o and exti.o).
Error: L6200E: Symbol C_S multiply defined (by ui.o and exti.o).
Error: L6200E: Symbol C_S multiply defined (by usart.o and exti.o).
Error: L6200E: Symbol C_S multiply defined (by main.o and exti.o).
Error: L6200E: Symbol C_X multiply defined (by hand.o and exti.o).
Error: L6200E: Symbol C_X multiply defined (by ui.o and exti.o).
Error: L6200E: Symbol C_X multiply defined (by usart.o and exti.o).
Error: L6200E: Symbol C_X multiply defined (by main.o and exti.o).
Error: L6200E: Symbol C_i multiply defined (by hand.o and exti.o).
Error: L6200E: Symbol C_i multiply defined (by ui.o and exti.o).
Error: L6200E: Symbol C_i multiply defined (by usart.o and exti.o).
Error: L6200E: Symbol C_i multiply defined (by main.o and exti.o).
Not enough information to list image symbols.
Not enough information to list the image map.
Finished: 2 information, 0 warning and 12 error messages.


[2023-05-13 22:52:53]	[done]
	build successfully !

[2023-05-13 23:12:11]	[done]
	build successfully !

[2023-05-13 23:13:33]	[done]
	build successfully !

[2023-05-13 23:13:39]	[done]
	build successfully !

[2023-05-13 23:14:02]	[done]
	build successfully !

[2023-05-13 23:15:32]	[done]
	build successfully !

[2023-05-13 23:17:41]	[done]
	build successfully !

[2023-05-13 23:17:53]	[done]
	build successfully !

[2023-05-13 23:18:25]	[done]
	build successfully !

[2023-05-13 23:19:36]	[done]
	build successfully !

[2023-05-13 23:23:12]	[done]
	build successfully !

[2023-05-13 23:24:39]	[done]
	build successfully !

[2023-05-13 23:24:48]	[done]
	build successfully !

[2023-05-13 23:25:38]	[done]
	build successfully !

[2023-05-13 23:31:16]	[done]
	build successfully !

[2023-05-13 23:46:12]	[done]
	build successfully !

[2023-05-13 23:50:25]	[done]
	build successfully !

[2023-05-13 23:50:52]	[done]
	build successfully !

[2023-05-13 23:52:52]	[done]
	build successfully !

[2023-05-13 23:57:01]	[done]
	build successfully !

[2023-05-14 00:00:26]	[done]
	build successfully !

[2023-05-14 00:07:01]	[done]
	build successfully !

[2023-05-14 00:15:54]	[done]
	build successfully !

[2023-05-14 00:48:19]	[done]
	build successfully !

[2023-05-14 00:48:25]	[done]
	build successfully !

[2023-05-14 01:04:31]	[done]
	build successfully !

[2023-05-14 01:06:04]	[done]
	build successfully !

[2023-05-14 14:58:17]	[done]
	build successfully !

[2023-05-14 14:59:31]	[done]
	build successfully !

[2023-05-14 14:59:45]	[done]
	build successfully !

[2023-05-14 15:11:14]	[done]
	build successfully !

[2023-05-14 15:13:12]	[done]
	build successfully !

